<?xml version="1.0" encoding="UTF-8"?>
<testsuite xmlns:xsi="http://www.w3.org/2001/XMLSchema-instance" xsi:noNamespaceSchemaLocation="https://maven.apache.org/surefire/maven-surefire-plugin/xsd/surefire-test-report-3.0.xsd" version="3.0" name="testrunner.runners" time="15.451" tests="17" errors="0" skipped="0" failures="9">
  <properties>
    <property name="sun.desktop" value="windows"/>
    <property name="awt.toolkit" value="sun.awt.windows.WToolkit"/>
    <property name="java.specification.version" value="11"/>
    <property name="sun.cpu.isalist" value="amd64"/>
    <property name="sun.jnu.encoding" value="Cp1252"/>
    <property name="java.class.path" value="F:\APIpractice\rest\target\test-classes;F:\APIpractice\rest\target\classes;C:\Users\3DX2Y\.m2\repository\io\rest-assured\rest-assured\5.3.0\rest-assured-5.3.0.jar;C:\Users\3DX2Y\.m2\repository\org\apache\groovy\groovy\4.0.6\groovy-4.0.6.jar;C:\Users\3DX2Y\.m2\repository\org\apache\groovy\groovy-xml\4.0.6\groovy-xml-4.0.6.jar;C:\Users\3DX2Y\.m2\repository\org\apache\httpcomponents\httpclient\4.5.13\httpclient-4.5.13.jar;C:\Users\3DX2Y\.m2\repository\org\apache\httpcomponents\httpcore\4.4.13\httpcore-4.4.13.jar;C:\Users\3DX2Y\.m2\repository\commons-logging\commons-logging\1.2\commons-logging-1.2.jar;C:\Users\3DX2Y\.m2\repository\commons-codec\commons-codec\1.11\commons-codec-1.11.jar;C:\Users\3DX2Y\.m2\repository\org\apache\httpcomponents\httpmime\4.5.13\httpmime-4.5.13.jar;C:\Users\3DX2Y\.m2\repository\org\hamcrest\hamcrest\2.1\hamcrest-2.1.jar;C:\Users\3DX2Y\.m2\repository\org\ccil\cowan\tagsoup\tagsoup\1.2.1\tagsoup-1.2.1.jar;C:\Users\3DX2Y\.m2\repository\io\rest-assured\xml-path\5.3.0\xml-path-5.3.0.jar;C:\Users\3DX2Y\.m2\repository\org\apache\commons\commons-lang3\3.11\commons-lang3-3.11.jar;C:\Users\3DX2Y\.m2\repository\io\rest-assured\json-path\5.3.0\json-path-5.3.0.jar;C:\Users\3DX2Y\.m2\repository\org\apache\groovy\groovy-json\4.0.6\groovy-json-4.0.6.jar;C:\Users\3DX2Y\.m2\repository\io\rest-assured\rest-assured-common\5.3.0\rest-assured-common-5.3.0.jar;C:\Users\3DX2Y\.m2\repository\io\cucumber\cucumber-testng\7.11.0\cucumber-testng-7.11.0.jar;C:\Users\3DX2Y\.m2\repository\org\apiguardian\apiguardian-api\1.1.2\apiguardian-api-1.1.2.jar;C:\Users\3DX2Y\.m2\repository\io\cucumber\cucumber-core\7.11.0\cucumber-core-7.11.0.jar;C:\Users\3DX2Y\.m2\repository\io\cucumber\cucumber-gherkin\7.11.0\cucumber-gherkin-7.11.0.jar;C:\Users\3DX2Y\.m2\repository\io\cucumber\cucumber-gherkin-messages\7.11.0\cucumber-gherkin-messages-7.11.0.jar;C:\Users\3DX2Y\.m2\repository\io\cucumber\gherkin\26.0.3\gherkin-26.0.3.jar;C:\Users\3DX2Y\.m2\repository\io\cucumber\messages\21.0.1\messages-21.0.1.jar;C:\Users\3DX2Y\.m2\repository\io\cucumber\tag-expressions\5.0.1\tag-expressions-5.0.1.jar;C:\Users\3DX2Y\.m2\repository\io\cucumber\cucumber-expressions\16.1.1\cucumber-expressions-16.1.1.jar;C:\Users\3DX2Y\.m2\repository\io\cucumber\datatable\7.11.0\datatable-7.11.0.jar;C:\Users\3DX2Y\.m2\repository\io\cucumber\cucumber-plugin\7.11.0\cucumber-plugin-7.11.0.jar;C:\Users\3DX2Y\.m2\repository\io\cucumber\docstring\7.11.0\docstring-7.11.0.jar;C:\Users\3DX2Y\.m2\repository\io\cucumber\html-formatter\20.2.1\html-formatter-20.2.1.jar;C:\Users\3DX2Y\.m2\repository\io\cucumber\junit-xml-formatter\0.1.0\junit-xml-formatter-0.1.0.jar;C:\Users\3DX2Y\.m2\repository\io\cucumber\ci-environment\9.1.0\ci-environment-9.1.0.jar;C:\Users\3DX2Y\.m2\repository\org\testng\testng\7.7.1\testng-7.7.1.jar;C:\Users\3DX2Y\.m2\repository\org\slf4j\slf4j-api\1.7.36\slf4j-api-1.7.36.jar;C:\Users\3DX2Y\.m2\repository\com\beust\jcommander\1.82\jcommander-1.82.jar;C:\Users\3DX2Y\.m2\repository\org\webjars\jquery\3.6.1\jquery-3.6.1.jar;C:\Users\3DX2Y\.m2\repository\io\cucumber\cucumber-java\7.11.0\cucumber-java-7.11.0.jar;C:\Users\3DX2Y\.m2\repository\com\fasterxml\jackson\core\jackson-databind\2.14.1\jackson-databind-2.14.1.jar;C:\Users\3DX2Y\.m2\repository\com\fasterxml\jackson\core\jackson-annotations\2.14.1\jackson-annotations-2.14.1.jar;C:\Users\3DX2Y\.m2\repository\com\fasterxml\jackson\core\jackson-core\2.14.1\jackson-core-2.14.1.jar;"/>
    <property name="java.vm.vendor" value="Amazon.com Inc."/>
    <property name="sun.arch.data.model" value="64"/>
    <property name="user.variant" value=""/>
    <property name="java.vendor.url" value="https://aws.amazon.com/corretto/"/>
    <property name="user.timezone" value="Africa/Cairo"/>
    <property name="java.vm.specification.version" value="11"/>
    <property name="os.name" value="Windows 10"/>
    <property name="sun.java.launcher" value="SUN_STANDARD"/>
    <property name="user.country" value="US"/>
    <property name="sun.boot.library.path" value="C:\Program Files\Amazon Corretto\jdk11.0.17_8\bin"/>
    <property name="sun.java.command" value="C:\Users\3DX2Y\AppData\Local\Temp\surefire5638688225852471158\surefirebooter-20230202001557821_3.jar C:\Users\3DX2Y\AppData\Local\Temp\surefire5638688225852471158 2023-02-02T00-15-57_167-jvmRun1 surefire-20230202001557821_1tmp surefire_0-20230202001557821_2tmp"/>
    <property name="jdk.debug" value="release"/>
    <property name="surefire.test.class.path" value="F:\APIpractice\rest\target\test-classes;F:\APIpractice\rest\target\classes;C:\Users\3DX2Y\.m2\repository\io\rest-assured\rest-assured\5.3.0\rest-assured-5.3.0.jar;C:\Users\3DX2Y\.m2\repository\org\apache\groovy\groovy\4.0.6\groovy-4.0.6.jar;C:\Users\3DX2Y\.m2\repository\org\apache\groovy\groovy-xml\4.0.6\groovy-xml-4.0.6.jar;C:\Users\3DX2Y\.m2\repository\org\apache\httpcomponents\httpclient\4.5.13\httpclient-4.5.13.jar;C:\Users\3DX2Y\.m2\repository\org\apache\httpcomponents\httpcore\4.4.13\httpcore-4.4.13.jar;C:\Users\3DX2Y\.m2\repository\commons-logging\commons-logging\1.2\commons-logging-1.2.jar;C:\Users\3DX2Y\.m2\repository\commons-codec\commons-codec\1.11\commons-codec-1.11.jar;C:\Users\3DX2Y\.m2\repository\org\apache\httpcomponents\httpmime\4.5.13\httpmime-4.5.13.jar;C:\Users\3DX2Y\.m2\repository\org\hamcrest\hamcrest\2.1\hamcrest-2.1.jar;C:\Users\3DX2Y\.m2\repository\org\ccil\cowan\tagsoup\tagsoup\1.2.1\tagsoup-1.2.1.jar;C:\Users\3DX2Y\.m2\repository\io\rest-assured\xml-path\5.3.0\xml-path-5.3.0.jar;C:\Users\3DX2Y\.m2\repository\org\apache\commons\commons-lang3\3.11\commons-lang3-3.11.jar;C:\Users\3DX2Y\.m2\repository\io\rest-assured\json-path\5.3.0\json-path-5.3.0.jar;C:\Users\3DX2Y\.m2\repository\org\apache\groovy\groovy-json\4.0.6\groovy-json-4.0.6.jar;C:\Users\3DX2Y\.m2\repository\io\rest-assured\rest-assured-common\5.3.0\rest-assured-common-5.3.0.jar;C:\Users\3DX2Y\.m2\repository\io\cucumber\cucumber-testng\7.11.0\cucumber-testng-7.11.0.jar;C:\Users\3DX2Y\.m2\repository\org\apiguardian\apiguardian-api\1.1.2\apiguardian-api-1.1.2.jar;C:\Users\3DX2Y\.m2\repository\io\cucumber\cucumber-core\7.11.0\cucumber-core-7.11.0.jar;C:\Users\3DX2Y\.m2\repository\io\cucumber\cucumber-gherkin\7.11.0\cucumber-gherkin-7.11.0.jar;C:\Users\3DX2Y\.m2\repository\io\cucumber\cucumber-gherkin-messages\7.11.0\cucumber-gherkin-messages-7.11.0.jar;C:\Users\3DX2Y\.m2\repository\io\cucumber\gherkin\26.0.3\gherkin-26.0.3.jar;C:\Users\3DX2Y\.m2\repository\io\cucumber\messages\21.0.1\messages-21.0.1.jar;C:\Users\3DX2Y\.m2\repository\io\cucumber\tag-expressions\5.0.1\tag-expressions-5.0.1.jar;C:\Users\3DX2Y\.m2\repository\io\cucumber\cucumber-expressions\16.1.1\cucumber-expressions-16.1.1.jar;C:\Users\3DX2Y\.m2\repository\io\cucumber\datatable\7.11.0\datatable-7.11.0.jar;C:\Users\3DX2Y\.m2\repository\io\cucumber\cucumber-plugin\7.11.0\cucumber-plugin-7.11.0.jar;C:\Users\3DX2Y\.m2\repository\io\cucumber\docstring\7.11.0\docstring-7.11.0.jar;C:\Users\3DX2Y\.m2\repository\io\cucumber\html-formatter\20.2.1\html-formatter-20.2.1.jar;C:\Users\3DX2Y\.m2\repository\io\cucumber\junit-xml-formatter\0.1.0\junit-xml-formatter-0.1.0.jar;C:\Users\3DX2Y\.m2\repository\io\cucumber\ci-environment\9.1.0\ci-environment-9.1.0.jar;C:\Users\3DX2Y\.m2\repository\org\testng\testng\7.7.1\testng-7.7.1.jar;C:\Users\3DX2Y\.m2\repository\org\slf4j\slf4j-api\1.7.36\slf4j-api-1.7.36.jar;C:\Users\3DX2Y\.m2\repository\com\beust\jcommander\1.82\jcommander-1.82.jar;C:\Users\3DX2Y\.m2\repository\org\webjars\jquery\3.6.1\jquery-3.6.1.jar;C:\Users\3DX2Y\.m2\repository\io\cucumber\cucumber-java\7.11.0\cucumber-java-7.11.0.jar;C:\Users\3DX2Y\.m2\repository\com\fasterxml\jackson\core\jackson-databind\2.14.1\jackson-databind-2.14.1.jar;C:\Users\3DX2Y\.m2\repository\com\fasterxml\jackson\core\jackson-annotations\2.14.1\jackson-annotations-2.14.1.jar;C:\Users\3DX2Y\.m2\repository\com\fasterxml\jackson\core\jackson-core\2.14.1\jackson-core-2.14.1.jar;"/>
    <property name="sun.cpu.endian" value="little"/>
    <property name="user.home" value="C:\Users\3DX2Y"/>
    <property name="user.language" value="en"/>
    <property name="java.specification.vendor" value="Oracle Corporation"/>
    <property name="java.version.date" value="2022-10-18"/>
    <property name="java.home" value="C:\Program Files\Amazon Corretto\jdk11.0.17_8"/>
    <property name="file.separator" value="\"/>
    <property name="basedir" value="F:\APIpractice\rest"/>
    <property name="java.vm.compressedOopsMode" value="32-bit"/>
    <property name="line.separator" value="&#10;"/>
    <property name="java.specification.name" value="Java Platform API Specification"/>
    <property name="java.vm.specification.vendor" value="Oracle Corporation"/>
    <property name="java.awt.graphicsenv" value="sun.awt.Win32GraphicsEnvironment"/>
    <property name="surefire.real.class.path" value="C:\Users\3DX2Y\AppData\Local\Temp\surefire5638688225852471158\surefirebooter-20230202001557821_3.jar"/>
    <property name="user.script" value=""/>
    <property name="sun.management.compiler" value="HotSpot 64-Bit Tiered Compilers"/>
    <property name="java.runtime.version" value="11.0.17+8-LTS"/>
    <property name="user.name" value="3DX2Y"/>
    <property name="path.separator" value=";"/>
    <property name="os.version" value="10.0"/>
    <property name="java.runtime.name" value="OpenJDK Runtime Environment"/>
    <property name="file.encoding" value="Cp1252"/>
    <property name="java.vm.name" value="OpenJDK 64-Bit Server VM"/>
    <property name="java.vendor.version" value="Corretto-11.0.17.8.1"/>
    <property name="localRepository" value="C:\Users\3DX2Y\.m2\repository"/>
    <property name="java.vendor.url.bug" value="https://github.com/corretto/corretto-11/issues/"/>
    <property name="java.io.tmpdir" value="C:\Users\3DX2Y\AppData\Local\Temp\"/>
    <property name="idea.version" value="2022.2.3"/>
    <property name="java.version" value="11.0.17"/>
    <property name="user.dir" value="F:\APIpractice\rest"/>
    <property name="os.arch" value="amd64"/>
    <property name="java.vm.specification.name" value="Java Virtual Machine Specification"/>
    <property name="java.awt.printerjob" value="sun.awt.windows.WPrinterJob"/>
    <property name="sun.os.patch.level" value=""/>
    <property name="java.library.path" value="C:\Program Files\Amazon Corretto\jdk11.0.17_8\bin;C:\Windows\Sun\Java\bin;C:\Windows\system32;C:\Windows;C:\Program Files\Amazon Corretto\jdk11.0.17_8\bin;C:\ProgramData\Oracle\Java\javapath;C:\Windows\system32;C:\Windows;C:\Windows\System32\Wbem;C:\Windows\System32\WindowsPowerShell\v1.0\;C:\Windows\System32\OpenSSH\;C:\Program Files (x86)\NVIDIA Corporation\PhysX\Common;C:\Program Files\NVIDIA Corporation\NVIDIA NvDLISR;C:\Windows\system32;C:\Windows;C:\Windows\System32\Wbem;C:\Windows\System32\WindowsPowerShell\v1.0\;C:\Windows\System32\OpenSSH\;C:\Program Files\dotnet\;C:\Program Files\Cloudflare\Cloudflare WARP\;C:\Program Files\Microsoft SQL Server\Client SDK\ODBC\110\Tools\Binn\;C:\Program Files (x86)\Microsoft SQL Server\120\Tools\Binn\;C:\Program Files\Microsoft SQL Server\120\Tools\Binn\;C:\Program Files\Microsoft SQL Server\120\DTS\Binn\;C:\Program Files (x86)\Microsoft SQL Server\120\Tools\Binn\ManagementStudio\;C:\Program Files (x86)\Microsoft SQL Server\120\DTS\Binn\;C:\ProgramData\ComposerSetup\bin;C:\Program Files\nodejs\;C:\Program Files\Git\cmd;C:\Program Files\sql\sqlite-tools-win32-x86-3400000;C:\MinGW;C:\platform-tools;C:\Users\3DX2Y\AppData\Local\Programs\Python\Python310\Scripts\;C:\Users\3DX2Y\AppData\Local\Programs\Python\Python310\;C:\Users\3DX2Y\AppData\Local\Programs\Python\Launcher\;C:\Users\3DX2Y\AppData\Local\Microsoft\WindowsApps;F:\IntelliJ IDEA Community Edition 2022.2.3\bin;;C:\Users\3DX2Y\AppData\Local\GitHubDesktop\bin;C:\Users\3DX2Y\AppData\Local\Programs\Microsoft VS Code\bin;C:\Program Files\sql\sqlite-tools-win32-x86-3400000;C:\Program Files\php;C:\Users\3DX2Y\AppData\Roaming\Composer\vendor\bin;C:\Users\3DX2Y\AppData\Roaming\npm;C:\xampp\php;C:\MinGW\bin;C:\Users\3DX2Y\AppData\Local\Android\Sdk;;."/>
    <property name="java.vm.info" value="mixed mode"/>
    <property name="java.vendor" value="Amazon.com Inc."/>
    <property name="java.vm.version" value="11.0.17+8-LTS"/>
    <property name="sun.io.unicode.encoding" value="UnicodeLittle"/>
    <property name="java.class.version" value="55.0"/>
  </properties>
  <testcase name="runScenario[&quot;F01 | Create and retrieve a booking&quot;, &quot;Booking API&quot;](1)" classname="testrunner.runners" time="4.61">
    <system-out><![CDATA[
@api
Scenario Outline: F01 | Create and retrieve a booking                                                                                                                               &amp#27;[90m# src/main/resources/features/F01_createBookingAndVerify.feature:10&amp#27;[0m
Request method:	POST
Request URI:	http://restful-booker.herokuapp.com/booking
Proxy:			<none>
Request params:	<none>
Query params:	<none>
Form params:	<none>
Path params:	<none>
Headers:		Accept=*/*
				Content-Type=application/json
Cookies:		<none>
Multiparts:		<none>
Body:
{
    "firstname": "John",
    "additionalneeds": "Breakfast",
    "bookingdates": {
        "checkin": "2020-01-01",
        "checkout": "2020-01-02"
    },
    "totalprice": "100",
    "depositpaid": true,
    "lastname": "Doe"
}
HTTP/1.1 200 OK
Server: Cowboy
Connection: keep-alive
X-Powered-By: Express
Content-Type: application/json; charset=utf-8
Content-Length: 196
Etag: W/"c4-3jCkj0ejSRbP+gagR5MgDBa5moY"
Date: Wed, 01 Feb 2023 22:16:03 GMT
Via: 1.1 vegur

{
    "bookingid": 4895,
    "booking": {
        "firstname": "John",
        "lastname": "Doe",
        "totalprice": 100,
        "depositpaid": true,
        "bookingdates": {
            "checkin": "2020-01-01",
            "checkout": "2020-01-02"
        },
        "additionalneeds": "Breakfast"
    }
}
  &amp#27;[32mGiven &amp#27;[0m&amp#27;[32mI create a booking with first name &amp#27;[0m&amp#27;[32m&amp#27;[1m"John"&amp#27;[0m&amp#27;[32m, last name &amp#27;[0m&amp#27;[32m&amp#27;[1m"Doe"&amp#27;[0m&amp#27;[32m, total price &amp#27;[0m&amp#27;[32m&amp#27;[1m"100"&amp#27;[0m&amp#27;[32m, deposit paid &amp#27;[0m&amp#27;[32m&amp#27;[1m"true"&amp#27;[0m&amp#27;[32m, check-in &amp#27;[0m&amp#27;[32m&amp#27;[1m"2020-01-01"&amp#27;[0m&amp#27;[32m, check-out &amp#27;[0m&amp#27;[32m&amp#27;[1m"2020-01-02"&amp#27;[0m&amp#27;[32m, &amp#27;[0m&amp#27;[32m&amp#27;[1m"Breakfast"&amp#27;[0m&amp#27;[32m successfully&amp#27;[0m &amp#27;[90m# stepDef.D01_createBookingAndVerify.CreateBookingInfo(java.lang.String,java.lang.String,java.lang.String,java.lang.String,java.lang.String,java.lang.String,java.lang.String)&amp#27;[0m
Request method:	GET
Request URI:	http://restful-booker.herokuapp.com/booking/4895
Proxy:			<none>
Request params:	<none>
Query params:	<none>
Form params:	<none>
Path params:	<none>
Headers:		Accept=*/*
Cookies:		<none>
Multiparts:		<none>
Body:			<none>
HTTP/1.1 200 OK
Server: Cowboy
Connection: keep-alive
X-Powered-By: Express
Content-Type: application/json; charset=utf-8
Content-Length: 167
Etag: W/"a7-jhD52OjITaIrLUhl/UKCIPLtha8"
Date: Wed, 01 Feb 2023 22:16:04 GMT
Via: 1.1 vegur

{
    "firstname": "John",
    "lastname": "Doe",
    "totalprice": 100,
    "depositpaid": true,
    "bookingdates": {
        "checkin": "2020-01-01",
        "checkout": "2020-01-02"
    },
    "additionalneeds": "Breakfast"
}
  &amp#27;[32mAnd &amp#27;[0m&amp#27;[32mI should be able to retrieve the booking by ID&amp#27;[0m                                                                                                                                &amp#27;[90m# stepDef.D01_createBookingAndVerify.i_should_be_able_to_retrieve_the_booking_by_id()&amp#27;[0m
  &amp#27;[32mThen &amp#27;[0m&amp#27;[32mthe retrieved booking should have first name &amp#27;[0m&amp#27;[32m&amp#27;[1m"John"&amp#27;[0m&amp#27;[32m, last name &amp#27;[0m&amp#27;[32m&amp#27;[1m"Doe"&amp#27;[0m&amp#27;[32m, total price &amp#27;[0m&amp#27;[32m&amp#27;[1m"100"&amp#27;[0m&amp#27;[32m, deposit paid &amp#27;[0m&amp#27;[32m&amp#27;[1m"true"&amp#27;[0m&amp#27;[32m, check-in &amp#27;[0m&amp#27;[32m&amp#27;[1m"2020-01-01"&amp#27;[0m&amp#27;[32m, check-out &amp#27;[0m&amp#27;[32m&amp#27;[1m"2020-01-02"&amp#27;[0m&amp#27;[32m,&amp#27;[0m&amp#27;[32m&amp#27;[1m"Breakfast"&amp#27;[0m      &amp#27;[90m# stepDef.D01_createBookingAndVerify.the_retrieved_booking_should_have_first_name_last_name_total_price_deposit_paid_check_in_check_out(java.lang.String,java.lang.String,java.lang.String,java.lang.String,java.lang.String,java.lang.String,java.lang.String)&amp#27;[0m
]]></system-out>
    <system-err><![CDATA[SLF4J: Failed to load class "org.slf4j.impl.StaticLoggerBinder".
SLF4J: Defaulting to no-operation (NOP) logger implementation
SLF4J: See http://www.slf4j.org/codes.html#StaticLoggerBinder for further details.
]]></system-err>
  </testcase>
  <testcase name="runScenario[&quot;F01 | Create and retrieve a booking&quot;, &quot;Booking API&quot;](2)" classname="testrunner.runners" time="0.857">
    <system-out><![CDATA[
@api
Scenario Outline: F01 | Create and retrieve a booking                                                                                                                              &amp#27;[90m# src/main/resources/features/F01_createBookingAndVerify.feature:11&amp#27;[0m
Request method:	POST
Request URI:	http://restful-booker.herokuapp.com/booking
Proxy:			<none>
Request params:	<none>
Query params:	<none>
Form params:	<none>
Path params:	<none>
Headers:		Accept=*/*
				Content-Type=application/json
Cookies:		<none>
Multiparts:		<none>
Body:
{
    "firstname": "Jane",
    "additionalneeds": "Burger",
    "bookingdates": {
        "checkin": "2020-02-01",
        "checkout": "2020-02-02"
    },
    "totalprice": "200",
    "depositpaid": true,
    "lastname": "Smith"
}
HTTP/1.1 200 OK
Server: Cowboy
Connection: keep-alive
X-Powered-By: Express
Content-Type: application/json; charset=utf-8
Content-Length: 195
Etag: W/"c3-d1S5ZppqsxCuoJh/ybKulLIo6HQ"
Date: Wed, 01 Feb 2023 22:16:05 GMT
Via: 1.1 vegur

{
    "bookingid": 4941,
    "booking": {
        "firstname": "Jane",
        "lastname": "Smith",
        "totalprice": 200,
        "depositpaid": true,
        "bookingdates": {
            "checkin": "2020-02-01",
            "checkout": "2020-02-02"
        },
        "additionalneeds": "Burger"
    }
}
  &amp#27;[32mGiven &amp#27;[0m&amp#27;[32mI create a booking with first name &amp#27;[0m&amp#27;[32m&amp#27;[1m"Jane"&amp#27;[0m&amp#27;[32m, last name &amp#27;[0m&amp#27;[32m&amp#27;[1m"Smith"&amp#27;[0m&amp#27;[32m, total price &amp#27;[0m&amp#27;[32m&amp#27;[1m"200"&amp#27;[0m&amp#27;[32m, deposit paid &amp#27;[0m&amp#27;[32m&amp#27;[1m"true"&amp#27;[0m&amp#27;[32m, check-in &amp#27;[0m&amp#27;[32m&amp#27;[1m"2020-02-01"&amp#27;[0m&amp#27;[32m, check-out &amp#27;[0m&amp#27;[32m&amp#27;[1m"2020-02-02"&amp#27;[0m&amp#27;[32m, &amp#27;[0m&amp#27;[32m&amp#27;[1m"Burger"&amp#27;[0m&amp#27;[32m successfully&amp#27;[0m &amp#27;[90m# stepDef.D01_createBookingAndVerify.CreateBookingInfo(java.lang.String,java.lang.String,java.lang.String,java.lang.String,java.lang.String,java.lang.String,java.lang.String)&amp#27;[0m
Request method:	GET
Request URI:	http://restful-booker.herokuapp.com/booking/4941
Proxy:			<none>
Request params:	<none>
Query params:	<none>
Form params:	<none>
Path params:	<none>
Headers:		Accept=*/*
Cookies:		<none>
Multiparts:		<none>
Body:			<none>
HTTP/1.1 200 OK
Server: Cowboy
Connection: keep-alive
X-Powered-By: Express
Content-Type: application/json; charset=utf-8
Content-Length: 166
Etag: W/"a6-cYwTsq258ESqyQ5eOAkyNKyhF4A"
Date: Wed, 01 Feb 2023 22:16:05 GMT
Via: 1.1 vegur

{
    "firstname": "Jane",
    "lastname": "Smith",
    "totalprice": 200,
    "depositpaid": true,
    "bookingdates": {
        "checkin": "2020-02-01",
        "checkout": "2020-02-02"
    },
    "additionalneeds": "Burger"
}
  &amp#27;[32mAnd &amp#27;[0m&amp#27;[32mI should be able to retrieve the booking by ID&amp#27;[0m                                                                                                                               &amp#27;[90m# stepDef.D01_createBookingAndVerify.i_should_be_able_to_retrieve_the_booking_by_id()&amp#27;[0m
  &amp#27;[32mThen &amp#27;[0m&amp#27;[32mthe retrieved booking should have first name &amp#27;[0m&amp#27;[32m&amp#27;[1m"Jane"&amp#27;[0m&amp#27;[32m, last name &amp#27;[0m&amp#27;[32m&amp#27;[1m"Smith"&amp#27;[0m&amp#27;[32m, total price &amp#27;[0m&amp#27;[32m&amp#27;[1m"200"&amp#27;[0m&amp#27;[32m, deposit paid &amp#27;[0m&amp#27;[32m&amp#27;[1m"true"&amp#27;[0m&amp#27;[32m, check-in &amp#27;[0m&amp#27;[32m&amp#27;[1m"2020-02-01"&amp#27;[0m&amp#27;[32m, check-out &amp#27;[0m&amp#27;[32m&amp#27;[1m"2020-02-02"&amp#27;[0m&amp#27;[32m,&amp#27;[0m&amp#27;[32m&amp#27;[1m"Burger"&amp#27;[0m      &amp#27;[90m# stepDef.D01_createBookingAndVerify.the_retrieved_booking_should_have_first_name_last_name_total_price_deposit_paid_check_in_check_out(java.lang.String,java.lang.String,java.lang.String,java.lang.String,java.lang.String,java.lang.String,java.lang.String)&amp#27;[0m
]]></system-out>
  </testcase>
  <testcase name="runScenario[&quot;F02| Try to create a booking with invalid info and retrieve a booking&quot;, &quot;Booking API with invalid info&quot;](3)" classname="testrunner.runners" time="0.439">
    <failure message="expected [404] but found [200]" type="java.lang.AssertionError"><![CDATA[java.lang.AssertionError: expected [404] but found [200]
	at org.testng.Assert.fail(Assert.java:110)
	at org.testng.Assert.failNotEquals(Assert.java:1577)
	at org.testng.Assert.assertEqualsImpl(Assert.java:149)
	at org.testng.Assert.assertEquals(Assert.java:131)
	at org.testng.Assert.assertEquals(Assert.java:1418)
	at org.testng.Assert.assertEquals(Assert.java:1448)
	at stepDef.D02_invalidInfo.status_code_should_be_for_all_invalid_entries(D02_invalidInfo.java:21)
	at ✽.status code should be 404 for all invalid entries(file:///F:/APIpractice/rest/src/main/resources/features/F02_InvalidInfo.feature:6)
]]></failure>
    <system-out><![CDATA[
@api
Scenario Outline: F02| Try to create a booking with invalid info and retrieve a booking                                                                                                   &amp#27;[90m# src/main/resources/features/F02_InvalidInfo.feature:9&amp#27;[0m
Request method:	POST
Request URI:	http://restful-booker.herokuapp.com/booking
Proxy:			<none>
Request params:	<none>
Query params:	<none>
Form params:	<none>
Path params:	<none>
Headers:		Accept=*/*
				Content-Type=application/json
Cookies:		<none>
Multiparts:		<none>
Body:
{
    "firstname": "John",
    "additionalneeds": "Breakfast",
    "bookingdates": {
        "checkin": "2020-01-01",
        "checkout": "2020-01-02"
    },
    "totalprice": "-100",
    "depositpaid": true,
    "lastname": "Doe"
}
HTTP/1.1 200 OK
Server: Cowboy
Connection: keep-alive
X-Powered-By: Express
Content-Type: application/json; charset=utf-8
Content-Length: 197
Etag: W/"c5-czDoe3EPHr/QY+g9tb4RFEKVGhg"
Date: Wed, 01 Feb 2023 22:16:06 GMT
Via: 1.1 vegur

{
    "bookingid": 4959,
    "booking": {
        "firstname": "John",
        "lastname": "Doe",
        "totalprice": -100,
        "depositpaid": true,
        "bookingdates": {
            "checkin": "2020-01-01",
            "checkout": "2020-01-02"
        },
        "additionalneeds": "Breakfast"
    }
}
{"bookingid":4959,"booking":{"firstname":"John","lastname":"Doe","totalprice":-100,"depositpaid":true,"bookingdates":{"checkin":"2020-01-01","checkout":"2020-01-02"},"additionalneeds":"Breakfast"}}
  &amp#27;[32mGiven &amp#27;[0m&amp#27;[32mI create a booking with invalid info of &amp#27;[0m&amp#27;[32m&amp#27;[1m"John"&amp#27;[0m&amp#27;[32m, last name &amp#27;[0m&amp#27;[32m&amp#27;[1m"Doe"&amp#27;[0m&amp#27;[32m, total price &amp#27;[0m&amp#27;[32m&amp#27;[1m"-100"&amp#27;[0m&amp#27;[32m, deposit paid &amp#27;[0m&amp#27;[32m&amp#27;[1m"true"&amp#27;[0m&amp#27;[32m, check-in &amp#27;[0m&amp#27;[32m&amp#27;[1m"2020-01-01"&amp#27;[0m&amp#27;[32m, check-out &amp#27;[0m&amp#27;[32m&amp#27;[1m"2020-01-02"&amp#27;[0m&amp#27;[32m, &amp#27;[0m&amp#27;[32m&amp#27;[1m"Breakfast"&amp#27;[0m&amp#27;[32m successfully&amp#27;[0m &amp#27;[90m# stepDef.D02_invalidInfo.i_create_a_booking_with_invalid_info_of_last_name_total_price_deposit_paid_check_in_check_out_successfully(java.lang.String,java.lang.String,java.lang.String,java.lang.String,java.lang.String,java.lang.String,java.lang.String)&amp#27;[0m
  &amp#27;[31mThen &amp#27;[0m&amp#27;[31mstatus code should be &amp#27;[0m&amp#27;[31m&amp#27;[1m404&amp#27;[0m&amp#27;[31m for all invalid entries&amp#27;[0m                                                                                                                                  &amp#27;[90m# stepDef.D02_invalidInfo.status_code_should_be_for_all_invalid_entries(java.lang.Integer)&amp#27;[0m
      &amp#27;[31mjava.lang.AssertionError: expected [404] but found [200]
	at org.testng.Assert.fail(Assert.java:110)
	at org.testng.Assert.failNotEquals(Assert.java:1577)
	at org.testng.Assert.assertEqualsImpl(Assert.java:149)
	at org.testng.Assert.assertEquals(Assert.java:131)
	at org.testng.Assert.assertEquals(Assert.java:1418)
	at org.testng.Assert.assertEquals(Assert.java:1448)
	at stepDef.D02_invalidInfo.status_code_should_be_for_all_invalid_entries(D02_invalidInfo.java:21)
	at âœ½.status code should be 404 for all invalid entries(file:///F:/APIpractice/rest/src/main/resources/features/F02_InvalidInfo.feature:6)
&amp#27;[0m
]]></system-out>
  </testcase>
  <testcase name="runScenario[&quot;F02| Try to create a booking with invalid info and retrieve a booking&quot;, &quot;Booking API with invalid info&quot;](4)" classname="testrunner.runners" time="0.317">
    <failure message="expected [404] but found [200]" type="java.lang.AssertionError"><![CDATA[java.lang.AssertionError: expected [404] but found [200]
	at org.testng.Assert.fail(Assert.java:110)
	at org.testng.Assert.failNotEquals(Assert.java:1577)
	at org.testng.Assert.assertEqualsImpl(Assert.java:149)
	at org.testng.Assert.assertEquals(Assert.java:131)
	at org.testng.Assert.assertEquals(Assert.java:1418)
	at org.testng.Assert.assertEquals(Assert.java:1448)
	at stepDef.D02_invalidInfo.status_code_should_be_for_all_invalid_entries(D02_invalidInfo.java:21)
	at ✽.status code should be 404 for all invalid entries(file:///F:/APIpractice/rest/src/main/resources/features/F02_InvalidInfo.feature:6)
]]></failure>
    <system-out><![CDATA[
@api
Scenario Outline: F02| Try to create a booking with invalid info and retrieve a booking                                                                                                  &amp#27;[90m# src/main/resources/features/F02_InvalidInfo.feature:10&amp#27;[0m
Request method:	POST
Request URI:	http://restful-booker.herokuapp.com/booking
Proxy:			<none>
Request params:	<none>
Query params:	<none>
Form params:	<none>
Path params:	<none>
Headers:		Accept=*/*
				Content-Type=application/json
Cookies:		<none>
Multiparts:		<none>
Body:
{
    "firstname": "Jane",
    "additionalneeds": "Burger",
    "bookingdates": {
        "checkin": "2020-02-01",
        "checkout": "2020-02-02"
    },
    "totalprice": "200",
    "depositpaid": false,
    "lastname": "Smith"
}
HTTP/1.1 200 OK
Server: Cowboy
Connection: keep-alive
X-Powered-By: Express
Content-Type: application/json; charset=utf-8
Content-Length: 196
Etag: W/"c4-YZrS8cAhTN2eOCjA/yUJBSi4O6o"
Date: Wed, 01 Feb 2023 22:16:06 GMT
Via: 1.1 vegur

{
    "bookingid": 4970,
    "booking": {
        "firstname": "Jane",
        "lastname": "Smith",
        "totalprice": 200,
        "depositpaid": false,
        "bookingdates": {
            "checkin": "2020-02-01",
            "checkout": "2020-02-02"
        },
        "additionalneeds": "Burger"
    }
}
{"bookingid":4970,"booking":{"firstname":"Jane","lastname":"Smith","totalprice":200,"depositpaid":false,"bookingdates":{"checkin":"2020-02-01","checkout":"2020-02-02"},"additionalneeds":"Burger"}}
  &amp#27;[32mGiven &amp#27;[0m&amp#27;[32mI create a booking with invalid info of &amp#27;[0m&amp#27;[32m&amp#27;[1m"Jane"&amp#27;[0m&amp#27;[32m, last name &amp#27;[0m&amp#27;[32m&amp#27;[1m"Smith"&amp#27;[0m&amp#27;[32m, total price &amp#27;[0m&amp#27;[32m&amp#27;[1m"200"&amp#27;[0m&amp#27;[32m, deposit paid &amp#27;[0m&amp#27;[32m&amp#27;[1m"false"&amp#27;[0m&amp#27;[32m, check-in &amp#27;[0m&amp#27;[32m&amp#27;[1m"2020-02-01"&amp#27;[0m&amp#27;[32m, check-out &amp#27;[0m&amp#27;[32m&amp#27;[1m"2020-02-02"&amp#27;[0m&amp#27;[32m, &amp#27;[0m&amp#27;[32m&amp#27;[1m"Burger"&amp#27;[0m&amp#27;[32m successfully&amp#27;[0m &amp#27;[90m# stepDef.D02_invalidInfo.i_create_a_booking_with_invalid_info_of_last_name_total_price_deposit_paid_check_in_check_out_successfully(java.lang.String,java.lang.String,java.lang.String,java.lang.String,java.lang.String,java.lang.String,java.lang.String)&amp#27;[0m
  &amp#27;[31mThen &amp#27;[0m&amp#27;[31mstatus code should be &amp#27;[0m&amp#27;[31m&amp#27;[1m404&amp#27;[0m&amp#27;[31m for all invalid entries&amp#27;[0m                                                                                                                                 &amp#27;[90m# stepDef.D02_invalidInfo.status_code_should_be_for_all_invalid_entries(java.lang.Integer)&amp#27;[0m
      &amp#27;[31mjava.lang.AssertionError: expected [404] but found [200]
	at org.testng.Assert.fail(Assert.java:110)
	at org.testng.Assert.failNotEquals(Assert.java:1577)
	at org.testng.Assert.assertEqualsImpl(Assert.java:149)
	at org.testng.Assert.assertEquals(Assert.java:131)
	at org.testng.Assert.assertEquals(Assert.java:1418)
	at org.testng.Assert.assertEquals(Assert.java:1448)
	at stepDef.D02_invalidInfo.status_code_should_be_for_all_invalid_entries(D02_invalidInfo.java:21)
	at âœ½.status code should be 404 for all invalid entries(file:///F:/APIpractice/rest/src/main/resources/features/F02_InvalidInfo.feature:6)
&amp#27;[0m
]]></system-out>
  </testcase>
  <testcase name="runScenario[&quot;F02| Try to create a booking with invalid info and retrieve a booking&quot;, &quot;Booking API with invalid info&quot;](5)" classname="testrunner.runners" time="0.35">
    <failure message="expected [404] but found [200]" type="java.lang.AssertionError"><![CDATA[java.lang.AssertionError: expected [404] but found [200]
	at org.testng.Assert.fail(Assert.java:110)
	at org.testng.Assert.failNotEquals(Assert.java:1577)
	at org.testng.Assert.assertEqualsImpl(Assert.java:149)
	at org.testng.Assert.assertEquals(Assert.java:131)
	at org.testng.Assert.assertEquals(Assert.java:1418)
	at org.testng.Assert.assertEquals(Assert.java:1448)
	at stepDef.D02_invalidInfo.status_code_should_be_for_all_invalid_entries(D02_invalidInfo.java:21)
	at ✽.status code should be 404 for all invalid entries(file:///F:/APIpractice/rest/src/main/resources/features/F02_InvalidInfo.feature:6)
]]></failure>
    <system-out><![CDATA[
@api
Scenario Outline: F02| Try to create a booking with invalid info and retrieve a booking                                                                                                 &amp#27;[90m# src/main/resources/features/F02_InvalidInfo.feature:11&amp#27;[0m
Request method:	POST
Request URI:	http://restful-booker.herokuapp.com/booking
Proxy:			<none>
Request params:	<none>
Query params:	<none>
Form params:	<none>
Path params:	<none>
Headers:		Accept=*/*
				Content-Type=application/json
Cookies:		<none>
Multiparts:		<none>
Body:
{
    "firstname": "Peter",
    "additionalneeds": "Burger",
    "bookingdates": {
        "checkin": "2020-02-01",
        "checkout": "2020-02-02"
    },
    "totalprice": "test",
    "depositpaid": true,
    "lastname": "Mal"
}
HTTP/1.1 200 OK
Server: Cowboy
Connection: keep-alive
X-Powered-By: Express
Content-Type: application/json; charset=utf-8
Content-Length: 195
Etag: W/"c3-qt3zXH4vCiWSbbkcg3BGaLAC2jo"
Date: Wed, 01 Feb 2023 22:16:06 GMT
Via: 1.1 vegur

{
    "bookingid": 4980,
    "booking": {
        "firstname": "Peter",
        "lastname": "Mal",
        "totalprice": null,
        "depositpaid": true,
        "bookingdates": {
            "checkin": "2020-02-01",
            "checkout": "2020-02-02"
        },
        "additionalneeds": "Burger"
    }
}
{"bookingid":4980,"booking":{"firstname":"Peter","lastname":"Mal","totalprice":null,"depositpaid":true,"bookingdates":{"checkin":"2020-02-01","checkout":"2020-02-02"},"additionalneeds":"Burger"}}
  &amp#27;[32mGiven &amp#27;[0m&amp#27;[32mI create a booking with invalid info of &amp#27;[0m&amp#27;[32m&amp#27;[1m"Peter"&amp#27;[0m&amp#27;[32m, last name &amp#27;[0m&amp#27;[32m&amp#27;[1m"Mal"&amp#27;[0m&amp#27;[32m, total price &amp#27;[0m&amp#27;[32m&amp#27;[1m"test"&amp#27;[0m&amp#27;[32m, deposit paid &amp#27;[0m&amp#27;[32m&amp#27;[1m"true"&amp#27;[0m&amp#27;[32m, check-in &amp#27;[0m&amp#27;[32m&amp#27;[1m"2020-02-01"&amp#27;[0m&amp#27;[32m, check-out &amp#27;[0m&amp#27;[32m&amp#27;[1m"2020-02-02"&amp#27;[0m&amp#27;[32m, &amp#27;[0m&amp#27;[32m&amp#27;[1m"Burger"&amp#27;[0m&amp#27;[32m successfully&amp#27;[0m &amp#27;[90m# stepDef.D02_invalidInfo.i_create_a_booking_with_invalid_info_of_last_name_total_price_deposit_paid_check_in_check_out_successfully(java.lang.String,java.lang.String,java.lang.String,java.lang.String,java.lang.String,java.lang.String,java.lang.String)&amp#27;[0m
  &amp#27;[31mThen &amp#27;[0m&amp#27;[31mstatus code should be &amp#27;[0m&amp#27;[31m&amp#27;[1m404&amp#27;[0m&amp#27;[31m for all invalid entries&amp#27;[0m                                                                                                                                &amp#27;[90m# stepDef.D02_invalidInfo.status_code_should_be_for_all_invalid_entries(java.lang.Integer)&amp#27;[0m
      &amp#27;[31mjava.lang.AssertionError: expected [404] but found [200]
	at org.testng.Assert.fail(Assert.java:110)
	at org.testng.Assert.failNotEquals(Assert.java:1577)
	at org.testng.Assert.assertEqualsImpl(Assert.java:149)
	at org.testng.Assert.assertEquals(Assert.java:131)
	at org.testng.Assert.assertEquals(Assert.java:1418)
	at org.testng.Assert.assertEquals(Assert.java:1448)
	at stepDef.D02_invalidInfo.status_code_should_be_for_all_invalid_entries(D02_invalidInfo.java:21)
	at âœ½.status code should be 404 for all invalid entries(file:///F:/APIpractice/rest/src/main/resources/features/F02_InvalidInfo.feature:6)
&amp#27;[0m
]]></system-out>
  </testcase>
  <testcase name="runScenario[&quot;F02| Try to create a booking with invalid info and retrieve a booking&quot;, &quot;Booking API with invalid info&quot;](6)" classname="testrunner.runners" time="0.301">
    <failure message="expected [404] but found [200]" type="java.lang.AssertionError"><![CDATA[java.lang.AssertionError: expected [404] but found [200]
	at org.testng.Assert.fail(Assert.java:110)
	at org.testng.Assert.failNotEquals(Assert.java:1577)
	at org.testng.Assert.assertEqualsImpl(Assert.java:149)
	at org.testng.Assert.assertEquals(Assert.java:131)
	at org.testng.Assert.assertEquals(Assert.java:1418)
	at org.testng.Assert.assertEquals(Assert.java:1448)
	at stepDef.D02_invalidInfo.status_code_should_be_for_all_invalid_entries(D02_invalidInfo.java:21)
	at ✽.status code should be 404 for all invalid entries(file:///F:/APIpractice/rest/src/main/resources/features/F02_InvalidInfo.feature:6)
]]></failure>
    <system-out><![CDATA[
@api
Scenario Outline: F02| Try to create a booking with invalid info and retrieve a booking                                                                                              &amp#27;[90m# src/main/resources/features/F02_InvalidInfo.feature:12&amp#27;[0m
Request method:	POST
Request URI:	http://restful-booker.herokuapp.com/booking
Proxy:			<none>
Request params:	<none>
Query params:	<none>
Form params:	<none>
Path params:	<none>
Headers:		Accept=*/*
				Content-Type=application/json
Cookies:		<none>
Multiparts:		<none>
Body:
{
    "firstname": "Ahmed",
    "additionalneeds": "Burger",
    "bookingdates": {
        "checkin": "2020-02-02",
        "checkout": "2020-01-02"
    },
    "totalprice": "200",
    "depositpaid": false,
    "lastname": "Tarik"
}
HTTP/1.1 200 OK
Server: Cowboy
Connection: keep-alive
X-Powered-By: Express
Content-Type: application/json; charset=utf-8
Content-Length: 197
Etag: W/"c5-glFcmdDGfyWc4s8tXZLL6xE9L4E"
Date: Wed, 01 Feb 2023 22:16:07 GMT
Via: 1.1 vegur

{
    "bookingid": 4986,
    "booking": {
        "firstname": "Ahmed",
        "lastname": "Tarik",
        "totalprice": 200,
        "depositpaid": false,
        "bookingdates": {
            "checkin": "2020-02-02",
            "checkout": "2020-01-02"
        },
        "additionalneeds": "Burger"
    }
}
{"bookingid":4986,"booking":{"firstname":"Ahmed","lastname":"Tarik","totalprice":200,"depositpaid":false,"bookingdates":{"checkin":"2020-02-02","checkout":"2020-01-02"},"additionalneeds":"Burger"}}
  &amp#27;[32mGiven &amp#27;[0m&amp#27;[32mI create a booking with invalid info of &amp#27;[0m&amp#27;[32m&amp#27;[1m"Ahmed"&amp#27;[0m&amp#27;[32m, last name &amp#27;[0m&amp#27;[32m&amp#27;[1m"Tarik"&amp#27;[0m&amp#27;[32m, total price &amp#27;[0m&amp#27;[32m&amp#27;[1m"200"&amp#27;[0m&amp#27;[32m, deposit paid &amp#27;[0m&amp#27;[32m&amp#27;[1m""&amp#27;[0m&amp#27;[32m, check-in &amp#27;[0m&amp#27;[32m&amp#27;[1m"2020-02-02"&amp#27;[0m&amp#27;[32m, check-out &amp#27;[0m&amp#27;[32m&amp#27;[1m"2020-01-02"&amp#27;[0m&amp#27;[32m, &amp#27;[0m&amp#27;[32m&amp#27;[1m"Burger"&amp#27;[0m&amp#27;[32m successfully&amp#27;[0m &amp#27;[90m# stepDef.D02_invalidInfo.i_create_a_booking_with_invalid_info_of_last_name_total_price_deposit_paid_check_in_check_out_successfully(java.lang.String,java.lang.String,java.lang.String,java.lang.String,java.lang.String,java.lang.String,java.lang.String)&amp#27;[0m
  &amp#27;[31mThen &amp#27;[0m&amp#27;[31mstatus code should be &amp#27;[0m&amp#27;[31m&amp#27;[1m404&amp#27;[0m&amp#27;[31m for all invalid entries&amp#27;[0m                                                                                                                             &amp#27;[90m# stepDef.D02_invalidInfo.status_code_should_be_for_all_invalid_entries(java.lang.Integer)&amp#27;[0m
      &amp#27;[31mjava.lang.AssertionError: expected [404] but found [200]
	at org.testng.Assert.fail(Assert.java:110)
	at org.testng.Assert.failNotEquals(Assert.java:1577)
	at org.testng.Assert.assertEqualsImpl(Assert.java:149)
	at org.testng.Assert.assertEquals(Assert.java:131)
	at org.testng.Assert.assertEquals(Assert.java:1418)
	at org.testng.Assert.assertEquals(Assert.java:1448)
	at stepDef.D02_invalidInfo.status_code_should_be_for_all_invalid_entries(D02_invalidInfo.java:21)
	at âœ½.status code should be 404 for all invalid entries(file:///F:/APIpractice/rest/src/main/resources/features/F02_InvalidInfo.feature:6)
&amp#27;[0m
]]></system-out>
  </testcase>
  <testcase name="runScenario[&quot;F02| Try to create a booking with invalid info and retrieve a booking&quot;, &quot;Booking API with invalid info&quot;](7)" classname="testrunner.runners" time="0.372">
    <failure message="expected [404] but found [200]" type="java.lang.AssertionError"><![CDATA[java.lang.AssertionError: expected [404] but found [200]
	at org.testng.Assert.fail(Assert.java:110)
	at org.testng.Assert.failNotEquals(Assert.java:1577)
	at org.testng.Assert.assertEqualsImpl(Assert.java:149)
	at org.testng.Assert.assertEquals(Assert.java:131)
	at org.testng.Assert.assertEquals(Assert.java:1418)
	at org.testng.Assert.assertEquals(Assert.java:1448)
	at stepDef.D02_invalidInfo.status_code_should_be_for_all_invalid_entries(D02_invalidInfo.java:21)
	at ✽.status code should be 404 for all invalid entries(file:///F:/APIpractice/rest/src/main/resources/features/F02_InvalidInfo.feature:6)
]]></failure>
    <system-out><![CDATA[
@api
Scenario Outline: F02| Try to create a booking with invalid info and retrieve a booking                                                                                                     &amp#27;[90m# src/main/resources/features/F02_InvalidInfo.feature:13&amp#27;[0m
Request method:	POST
Request URI:	http://restful-booker.herokuapp.com/booking
Proxy:			<none>
Request params:	<none>
Query params:	<none>
Form params:	<none>
Path params:	<none>
Headers:		Accept=*/*
				Content-Type=application/json
Cookies:		<none>
Multiparts:		<none>
Body:
{
    "firstname": "Hisham",
    "additionalneeds": "Burger",
    "bookingdates": {
        "checkin": "2020-02-02",
        "checkout": "2020-01-02"
    },
    "totalprice": "200-4",
    "depositpaid": true,
    "lastname": "Tarik"
}
HTTP/1.1 200 OK
Server: Cowboy
Connection: keep-alive
X-Powered-By: Express
Content-Type: application/json; charset=utf-8
Content-Length: 197
Etag: W/"c5-LLQRpa5m6vRekiZI35YL7DHicNg"
Date: Wed, 01 Feb 2023 22:16:07 GMT
Via: 1.1 vegur

{
    "bookingid": 4994,
    "booking": {
        "firstname": "Hisham",
        "lastname": "Tarik",
        "totalprice": 200,
        "depositpaid": true,
        "bookingdates": {
            "checkin": "2020-02-02",
            "checkout": "2020-01-02"
        },
        "additionalneeds": "Burger"
    }
}
{"bookingid":4994,"booking":{"firstname":"Hisham","lastname":"Tarik","totalprice":200,"depositpaid":true,"bookingdates":{"checkin":"2020-02-02","checkout":"2020-01-02"},"additionalneeds":"Burger"}}
  &amp#27;[32mGiven &amp#27;[0m&amp#27;[32mI create a booking with invalid info of &amp#27;[0m&amp#27;[32m&amp#27;[1m"Hisham"&amp#27;[0m&amp#27;[32m, last name &amp#27;[0m&amp#27;[32m&amp#27;[1m"Tarik"&amp#27;[0m&amp#27;[32m, total price &amp#27;[0m&amp#27;[32m&amp#27;[1m"200-4"&amp#27;[0m&amp#27;[32m, deposit paid &amp#27;[0m&amp#27;[32m&amp#27;[1m"true"&amp#27;[0m&amp#27;[32m, check-in &amp#27;[0m&amp#27;[32m&amp#27;[1m"2020-02-02"&amp#27;[0m&amp#27;[32m, check-out &amp#27;[0m&amp#27;[32m&amp#27;[1m"2020-01-02"&amp#27;[0m&amp#27;[32m, &amp#27;[0m&amp#27;[32m&amp#27;[1m"Burger"&amp#27;[0m&amp#27;[32m successfully&amp#27;[0m &amp#27;[90m# stepDef.D02_invalidInfo.i_create_a_booking_with_invalid_info_of_last_name_total_price_deposit_paid_check_in_check_out_successfully(java.lang.String,java.lang.String,java.lang.String,java.lang.String,java.lang.String,java.lang.String,java.lang.String)&amp#27;[0m
  &amp#27;[31mThen &amp#27;[0m&amp#27;[31mstatus code should be &amp#27;[0m&amp#27;[31m&amp#27;[1m404&amp#27;[0m&amp#27;[31m for all invalid entries&amp#27;[0m                                                                                                                                    &amp#27;[90m# stepDef.D02_invalidInfo.status_code_should_be_for_all_invalid_entries(java.lang.Integer)&amp#27;[0m
      &amp#27;[31mjava.lang.AssertionError: expected [404] but found [200]
	at org.testng.Assert.fail(Assert.java:110)
	at org.testng.Assert.failNotEquals(Assert.java:1577)
	at org.testng.Assert.assertEqualsImpl(Assert.java:149)
	at org.testng.Assert.assertEquals(Assert.java:131)
	at org.testng.Assert.assertEquals(Assert.java:1418)
	at org.testng.Assert.assertEquals(Assert.java:1448)
	at stepDef.D02_invalidInfo.status_code_should_be_for_all_invalid_entries(D02_invalidInfo.java:21)
	at âœ½.status code should be 404 for all invalid entries(file:///F:/APIpractice/rest/src/main/resources/features/F02_InvalidInfo.feature:6)
&amp#27;[0m
]]></system-out>
  </testcase>
  <testcase name="runScenario[&quot;F02| Try to create a booking with invalid info and retrieve a booking&quot;, &quot;Booking API with invalid info&quot;](8)" classname="testrunner.runners" time="0.337">
    <failure message="expected [404] but found [200]" type="java.lang.AssertionError"><![CDATA[java.lang.AssertionError: expected [404] but found [200]
	at org.testng.Assert.fail(Assert.java:110)
	at org.testng.Assert.failNotEquals(Assert.java:1577)
	at org.testng.Assert.assertEqualsImpl(Assert.java:149)
	at org.testng.Assert.assertEquals(Assert.java:131)
	at org.testng.Assert.assertEquals(Assert.java:1418)
	at org.testng.Assert.assertEquals(Assert.java:1448)
	at stepDef.D02_invalidInfo.status_code_should_be_for_all_invalid_entries(D02_invalidInfo.java:21)
	at ✽.status code should be 404 for all invalid entries(file:///F:/APIpractice/rest/src/main/resources/features/F02_InvalidInfo.feature:6)
]]></failure>
    <system-out><![CDATA[
@api
Scenario Outline: F02| Try to create a booking with invalid info and retrieve a booking                                                                                                 &amp#27;[90m# src/main/resources/features/F02_InvalidInfo.feature:14&amp#27;[0m
Request method:	POST
Request URI:	http://restful-booker.herokuapp.com/booking
Proxy:			<none>
Request params:	<none>
Query params:	<none>
Form params:	<none>
Path params:	<none>
Headers:		Accept=*/*
				Content-Type=application/json
Cookies:		<none>
Multiparts:		<none>
Body:
{
    "firstname": "Mohammed",
    "additionalneeds": "Burger",
    "bookingdates": {
        "checkin": "string",
        "checkout": "2020-01-02"
    },
    "totalprice": "200",
    "depositpaid": true,
    "lastname": "Tarik"
}
HTTP/1.1 200 OK
Server: Cowboy
Connection: keep-alive
X-Powered-By: Express
Content-Type: application/json; charset=utf-8
Content-Length: 199
Etag: W/"c7-mE45Nh4n8X7hrl1HGYKmusnPnrg"
Date: Wed, 01 Feb 2023 22:16:07 GMT
Via: 1.1 vegur

{
    "bookingid": 5001,
    "booking": {
        "firstname": "Mohammed",
        "lastname": "Tarik",
        "totalprice": 200,
        "depositpaid": true,
        "bookingdates": {
            "checkin": "0NaN-aN-aN",
            "checkout": "2020-01-02"
        },
        "additionalneeds": "Burger"
    }
}
{"bookingid":5001,"booking":{"firstname":"Mohammed","lastname":"Tarik","totalprice":200,"depositpaid":true,"bookingdates":{"checkin":"0NaN-aN-aN","checkout":"2020-01-02"},"additionalneeds":"Burger"}}
  &amp#27;[32mGiven &amp#27;[0m&amp#27;[32mI create a booking with invalid info of &amp#27;[0m&amp#27;[32m&amp#27;[1m"Mohammed"&amp#27;[0m&amp#27;[32m, last name &amp#27;[0m&amp#27;[32m&amp#27;[1m"Tarik"&amp#27;[0m&amp#27;[32m, total price &amp#27;[0m&amp#27;[32m&amp#27;[1m"200"&amp#27;[0m&amp#27;[32m, deposit paid &amp#27;[0m&amp#27;[32m&amp#27;[1m"true"&amp#27;[0m&amp#27;[32m, check-in &amp#27;[0m&amp#27;[32m&amp#27;[1m"string"&amp#27;[0m&amp#27;[32m, check-out &amp#27;[0m&amp#27;[32m&amp#27;[1m"2020-01-02"&amp#27;[0m&amp#27;[32m, &amp#27;[0m&amp#27;[32m&amp#27;[1m"Burger"&amp#27;[0m&amp#27;[32m successfully&amp#27;[0m &amp#27;[90m# stepDef.D02_invalidInfo.i_create_a_booking_with_invalid_info_of_last_name_total_price_deposit_paid_check_in_check_out_successfully(java.lang.String,java.lang.String,java.lang.String,java.lang.String,java.lang.String,java.lang.String,java.lang.String)&amp#27;[0m
  &amp#27;[31mThen &amp#27;[0m&amp#27;[31mstatus code should be &amp#27;[0m&amp#27;[31m&amp#27;[1m404&amp#27;[0m&amp#27;[31m for all invalid entries&amp#27;[0m                                                                                                                                &amp#27;[90m# stepDef.D02_invalidInfo.status_code_should_be_for_all_invalid_entries(java.lang.Integer)&amp#27;[0m
      &amp#27;[31mjava.lang.AssertionError: expected [404] but found [200]
	at org.testng.Assert.fail(Assert.java:110)
	at org.testng.Assert.failNotEquals(Assert.java:1577)
	at org.testng.Assert.assertEqualsImpl(Assert.java:149)
	at org.testng.Assert.assertEquals(Assert.java:131)
	at org.testng.Assert.assertEquals(Assert.java:1418)
	at org.testng.Assert.assertEquals(Assert.java:1448)
	at stepDef.D02_invalidInfo.status_code_should_be_for_all_invalid_entries(D02_invalidInfo.java:21)
	at âœ½.status code should be 404 for all invalid entries(file:///F:/APIpractice/rest/src/main/resources/features/F02_InvalidInfo.feature:6)
&amp#27;[0m
]]></system-out>
  </testcase>
  <testcase name="runScenario[&quot;F02| Try to create a booking with invalid info and retrieve a booking&quot;, &quot;Booking API with invalid info&quot;](9)" classname="testrunner.runners" time="0.317">
    <failure message="expected [404] but found [200]" type="java.lang.AssertionError"><![CDATA[java.lang.AssertionError: expected [404] but found [200]
	at org.testng.Assert.fail(Assert.java:110)
	at org.testng.Assert.failNotEquals(Assert.java:1577)
	at org.testng.Assert.assertEqualsImpl(Assert.java:149)
	at org.testng.Assert.assertEquals(Assert.java:131)
	at org.testng.Assert.assertEquals(Assert.java:1418)
	at org.testng.Assert.assertEquals(Assert.java:1448)
	at stepDef.D02_invalidInfo.status_code_should_be_for_all_invalid_entries(D02_invalidInfo.java:21)
	at ✽.status code should be 404 for all invalid entries(file:///F:/APIpractice/rest/src/main/resources/features/F02_InvalidInfo.feature:6)
]]></failure>
    <system-out><![CDATA[
@api
Scenario Outline: F02| Try to create a booking with invalid info and retrieve a booking                                                                                              &amp#27;[90m# src/main/resources/features/F02_InvalidInfo.feature:15&amp#27;[0m
Request method:	POST
Request URI:	http://restful-booker.herokuapp.com/booking
Proxy:			<none>
Request params:	<none>
Query params:	<none>
Form params:	<none>
Path params:	<none>
Headers:		Accept=*/*
				Content-Type=application/json
Cookies:		<none>
Multiparts:		<none>
Body:
{
    "firstname": "Samer",
    "additionalneeds": "Burger",
    "bookingdates": {
        "checkin": "2020-02-02",
        "checkout": "string"
    },
    "totalprice": "200",
    "depositpaid": true,
    "lastname": "Tarik"
}
HTTP/1.1 200 OK
Server: Cowboy
Connection: keep-alive
X-Powered-By: Express
Content-Type: application/json; charset=utf-8
Content-Length: 196
Etag: W/"c4-WuNuAVVCQHT1eiGFY+wYk+9ebV0"
Date: Wed, 01 Feb 2023 22:16:08 GMT
Via: 1.1 vegur

{
    "bookingid": 5010,
    "booking": {
        "firstname": "Samer",
        "lastname": "Tarik",
        "totalprice": 200,
        "depositpaid": true,
        "bookingdates": {
            "checkin": "2020-02-02",
            "checkout": "0NaN-aN-aN"
        },
        "additionalneeds": "Burger"
    }
}
{"bookingid":5010,"booking":{"firstname":"Samer","lastname":"Tarik","totalprice":200,"depositpaid":true,"bookingdates":{"checkin":"2020-02-02","checkout":"0NaN-aN-aN"},"additionalneeds":"Burger"}}
  &amp#27;[32mGiven &amp#27;[0m&amp#27;[32mI create a booking with invalid info of &amp#27;[0m&amp#27;[32m&amp#27;[1m"Samer"&amp#27;[0m&amp#27;[32m, last name &amp#27;[0m&amp#27;[32m&amp#27;[1m"Tarik"&amp#27;[0m&amp#27;[32m, total price &amp#27;[0m&amp#27;[32m&amp#27;[1m"200"&amp#27;[0m&amp#27;[32m, deposit paid &amp#27;[0m&amp#27;[32m&amp#27;[1m"true"&amp#27;[0m&amp#27;[32m, check-in &amp#27;[0m&amp#27;[32m&amp#27;[1m"2020-02-02"&amp#27;[0m&amp#27;[32m, check-out &amp#27;[0m&amp#27;[32m&amp#27;[1m"string"&amp#27;[0m&amp#27;[32m, &amp#27;[0m&amp#27;[32m&amp#27;[1m"Burger"&amp#27;[0m&amp#27;[32m successfully&amp#27;[0m &amp#27;[90m# stepDef.D02_invalidInfo.i_create_a_booking_with_invalid_info_of_last_name_total_price_deposit_paid_check_in_check_out_successfully(java.lang.String,java.lang.String,java.lang.String,java.lang.String,java.lang.String,java.lang.String,java.lang.String)&amp#27;[0m
  &amp#27;[31mThen &amp#27;[0m&amp#27;[31mstatus code should be &amp#27;[0m&amp#27;[31m&amp#27;[1m404&amp#27;[0m&amp#27;[31m for all invalid entries&amp#27;[0m                                                                                                                             &amp#27;[90m# stepDef.D02_invalidInfo.status_code_should_be_for_all_invalid_entries(java.lang.Integer)&amp#27;[0m
      &amp#27;[31mjava.lang.AssertionError: expected [404] but found [200]
	at org.testng.Assert.fail(Assert.java:110)
	at org.testng.Assert.failNotEquals(Assert.java:1577)
	at org.testng.Assert.assertEqualsImpl(Assert.java:149)
	at org.testng.Assert.assertEquals(Assert.java:131)
	at org.testng.Assert.assertEquals(Assert.java:1418)
	at org.testng.Assert.assertEquals(Assert.java:1448)
	at stepDef.D02_invalidInfo.status_code_should_be_for_all_invalid_entries(D02_invalidInfo.java:21)
	at âœ½.status code should be 404 for all invalid entries(file:///F:/APIpractice/rest/src/main/resources/features/F02_InvalidInfo.feature:6)
&amp#27;[0m
]]></system-out>
  </testcase>
  <testcase name="runScenario[&quot;F02| Try to create a booking with invalid info and retrieve a booking&quot;, &quot;Booking API with invalid info&quot;](10)" classname="testrunner.runners" time="0.333">
    <failure message="expected [404] but found [200]" type="java.lang.AssertionError"><![CDATA[java.lang.AssertionError: expected [404] but found [200]
	at org.testng.Assert.fail(Assert.java:110)
	at org.testng.Assert.failNotEquals(Assert.java:1577)
	at org.testng.Assert.assertEqualsImpl(Assert.java:149)
	at org.testng.Assert.assertEquals(Assert.java:131)
	at org.testng.Assert.assertEquals(Assert.java:1418)
	at org.testng.Assert.assertEquals(Assert.java:1448)
	at stepDef.D02_invalidInfo.status_code_should_be_for_all_invalid_entries(D02_invalidInfo.java:21)
	at ✽.status code should be 404 for all invalid entries(file:///F:/APIpractice/rest/src/main/resources/features/F02_InvalidInfo.feature:6)
]]></failure>
    <system-out><![CDATA[
@api
Scenario Outline: F02| Try to create a booking with invalid info and retrieve a booking                                                                                               &amp#27;[90m# src/main/resources/features/F02_InvalidInfo.feature:16&amp#27;[0m
Request method:	POST
Request URI:	http://restful-booker.herokuapp.com/booking
Proxy:			<none>
Request params:	<none>
Query params:	<none>
Form params:	<none>
Path params:	<none>
Headers:		Accept=*/*
				Content-Type=application/json
Cookies:		<none>
Multiparts:		<none>
Body:
{
    "firstname": "15",
    "additionalneeds": "Burger",
    "bookingdates": {
        "checkin": "2020-02-01",
        "checkout": "2020-02-02"
    },
    "totalprice": "200",
    "depositpaid": true,
    "lastname": "Tarik"
}
HTTP/1.1 200 OK
Server: Cowboy
Connection: keep-alive
X-Powered-By: Express
Content-Type: application/json; charset=utf-8
Content-Length: 193
Etag: W/"c1-aM8qdM2c4d/y9Loc5/pOvIW6ZTI"
Date: Wed, 01 Feb 2023 22:16:08 GMT
Via: 1.1 vegur

{
    "bookingid": 5017,
    "booking": {
        "firstname": "15",
        "lastname": "Tarik",
        "totalprice": 200,
        "depositpaid": true,
        "bookingdates": {
            "checkin": "2020-02-01",
            "checkout": "2020-02-02"
        },
        "additionalneeds": "Burger"
    }
}
{"bookingid":5017,"booking":{"firstname":"15","lastname":"Tarik","totalprice":200,"depositpaid":true,"bookingdates":{"checkin":"2020-02-01","checkout":"2020-02-02"},"additionalneeds":"Burger"}}
  &amp#27;[32mGiven &amp#27;[0m&amp#27;[32mI create a booking with invalid info of &amp#27;[0m&amp#27;[32m&amp#27;[1m"15"&amp#27;[0m&amp#27;[32m, last name &amp#27;[0m&amp#27;[32m&amp#27;[1m"Tarik"&amp#27;[0m&amp#27;[32m, total price &amp#27;[0m&amp#27;[32m&amp#27;[1m"200"&amp#27;[0m&amp#27;[32m, deposit paid &amp#27;[0m&amp#27;[32m&amp#27;[1m"true"&amp#27;[0m&amp#27;[32m, check-in &amp#27;[0m&amp#27;[32m&amp#27;[1m"2020-02-01"&amp#27;[0m&amp#27;[32m, check-out &amp#27;[0m&amp#27;[32m&amp#27;[1m"2020-02-02"&amp#27;[0m&amp#27;[32m, &amp#27;[0m&amp#27;[32m&amp#27;[1m"Burger"&amp#27;[0m&amp#27;[32m successfully&amp#27;[0m &amp#27;[90m# stepDef.D02_invalidInfo.i_create_a_booking_with_invalid_info_of_last_name_total_price_deposit_paid_check_in_check_out_successfully(java.lang.String,java.lang.String,java.lang.String,java.lang.String,java.lang.String,java.lang.String,java.lang.String)&amp#27;[0m
  &amp#27;[31mThen &amp#27;[0m&amp#27;[31mstatus code should be &amp#27;[0m&amp#27;[31m&amp#27;[1m404&amp#27;[0m&amp#27;[31m for all invalid entries&amp#27;[0m                                                                                                                              &amp#27;[90m# stepDef.D02_invalidInfo.status_code_should_be_for_all_invalid_entries(java.lang.Integer)&amp#27;[0m
      &amp#27;[31mjava.lang.AssertionError: expected [404] but found [200]
	at org.testng.Assert.fail(Assert.java:110)
	at org.testng.Assert.failNotEquals(Assert.java:1577)
	at org.testng.Assert.assertEqualsImpl(Assert.java:149)
	at org.testng.Assert.assertEquals(Assert.java:131)
	at org.testng.Assert.assertEquals(Assert.java:1418)
	at org.testng.Assert.assertEquals(Assert.java:1448)
	at stepDef.D02_invalidInfo.status_code_should_be_for_all_invalid_entries(D02_invalidInfo.java:21)
	at âœ½.status code should be 404 for all invalid entries(file:///F:/APIpractice/rest/src/main/resources/features/F02_InvalidInfo.feature:6)
&amp#27;[0m
]]></system-out>
  </testcase>
  <testcase name="runScenario[&quot;F02| Try to create a booking with invalid info and retrieve a booking&quot;, &quot;Booking API with invalid info&quot;](11)" classname="testrunner.runners" time="0.332">
    <failure message="expected [404] but found [200]" type="java.lang.AssertionError"><![CDATA[java.lang.AssertionError: expected [404] but found [200]
	at org.testng.Assert.fail(Assert.java:110)
	at org.testng.Assert.failNotEquals(Assert.java:1577)
	at org.testng.Assert.assertEqualsImpl(Assert.java:149)
	at org.testng.Assert.assertEquals(Assert.java:131)
	at org.testng.Assert.assertEquals(Assert.java:1418)
	at org.testng.Assert.assertEquals(Assert.java:1448)
	at stepDef.D02_invalidInfo.status_code_should_be_for_all_invalid_entries(D02_invalidInfo.java:21)
	at ✽.status code should be 404 for all invalid entries(file:///F:/APIpractice/rest/src/main/resources/features/F02_InvalidInfo.feature:6)
]]></failure>
    <system-out><![CDATA[
@api
Scenario Outline: F02| Try to create a booking with invalid info and retrieve a booking                                                                                               &amp#27;[90m# src/main/resources/features/F02_InvalidInfo.feature:17&amp#27;[0m
Request method:	POST
Request URI:	http://restful-booker.herokuapp.com/booking
Proxy:			<none>
Request params:	<none>
Query params:	<none>
Form params:	<none>
Path params:	<none>
Headers:		Accept=*/*
				Content-Type=application/json
Cookies:		<none>
Multiparts:		<none>
Body:
{
    "firstname": "Samer",
    "additionalneeds": "Burger",
    "bookingdates": {
        "checkin": "2020-02-01",
        "checkout": "2020-02-02"
    },
    "totalprice": "200",
    "depositpaid": true,
    "lastname": "15"
}
HTTP/1.1 200 OK
Server: Cowboy
Connection: keep-alive
X-Powered-By: Express
Content-Type: application/json; charset=utf-8
Content-Length: 193
Etag: W/"c1-kqx6ESLuxGkGrUr1UGrFyi93rpE"
Date: Wed, 01 Feb 2023 22:16:08 GMT
Via: 1.1 vegur

{
    "bookingid": 5023,
    "booking": {
        "firstname": "Samer",
        "lastname": "15",
        "totalprice": 200,
        "depositpaid": true,
        "bookingdates": {
            "checkin": "2020-02-01",
            "checkout": "2020-02-02"
        },
        "additionalneeds": "Burger"
    }
}
{"bookingid":5023,"booking":{"firstname":"Samer","lastname":"15","totalprice":200,"depositpaid":true,"bookingdates":{"checkin":"2020-02-01","checkout":"2020-02-02"},"additionalneeds":"Burger"}}
  &amp#27;[32mGiven &amp#27;[0m&amp#27;[32mI create a booking with invalid info of &amp#27;[0m&amp#27;[32m&amp#27;[1m"Samer"&amp#27;[0m&amp#27;[32m, last name &amp#27;[0m&amp#27;[32m&amp#27;[1m"15"&amp#27;[0m&amp#27;[32m, total price &amp#27;[0m&amp#27;[32m&amp#27;[1m"200"&amp#27;[0m&amp#27;[32m, deposit paid &amp#27;[0m&amp#27;[32m&amp#27;[1m"true"&amp#27;[0m&amp#27;[32m, check-in &amp#27;[0m&amp#27;[32m&amp#27;[1m"2020-02-01"&amp#27;[0m&amp#27;[32m, check-out &amp#27;[0m&amp#27;[32m&amp#27;[1m"2020-02-02"&amp#27;[0m&amp#27;[32m, &amp#27;[0m&amp#27;[32m&amp#27;[1m"Burger"&amp#27;[0m&amp#27;[32m successfully&amp#27;[0m &amp#27;[90m# stepDef.D02_invalidInfo.i_create_a_booking_with_invalid_info_of_last_name_total_price_deposit_paid_check_in_check_out_successfully(java.lang.String,java.lang.String,java.lang.String,java.lang.String,java.lang.String,java.lang.String,java.lang.String)&amp#27;[0m
  &amp#27;[31mThen &amp#27;[0m&amp#27;[31mstatus code should be &amp#27;[0m&amp#27;[31m&amp#27;[1m404&amp#27;[0m&amp#27;[31m for all invalid entries&amp#27;[0m                                                                                                                              &amp#27;[90m# stepDef.D02_invalidInfo.status_code_should_be_for_all_invalid_entries(java.lang.Integer)&amp#27;[0m
      &amp#27;[31mjava.lang.AssertionError: expected [404] but found [200]
	at org.testng.Assert.fail(Assert.java:110)
	at org.testng.Assert.failNotEquals(Assert.java:1577)
	at org.testng.Assert.assertEqualsImpl(Assert.java:149)
	at org.testng.Assert.assertEquals(Assert.java:131)
	at org.testng.Assert.assertEquals(Assert.java:1418)
	at org.testng.Assert.assertEquals(Assert.java:1448)
	at stepDef.D02_invalidInfo.status_code_should_be_for_all_invalid_entries(D02_invalidInfo.java:21)
	at âœ½.status code should be 404 for all invalid entries(file:///F:/APIpractice/rest/src/main/resources/features/F02_InvalidInfo.feature:6)
&amp#27;[0m
]]></system-out>
  </testcase>
  <testcase name="runScenario[&quot;F03|  User sends a get request to get all the booking ids&quot;, &quot;Retrieve All booking ids&quot;](12)" classname="testrunner.runners" time="1.941">
    <system-out><![CDATA[
@api
Scenario: F03|  User sends a get request to get all the booking ids &amp#27;[90m# src/main/resources/features/F03_userRetrieveAllBooking.feature:4&amp#27;[0m
Request method:	GET
Request URI:	http://restful-booker.herokuapp.com/booking
Proxy:			<none>
Request params:	<none>
Query params:	<none>
Form params:	<none>
Path params:	<none>
Headers:		Accept=*/*
Cookies:		<none>
Multiparts:		<none>
Body:			<none>
HTTP/1.1 200 OK
Server: Cowboy
Connection: keep-alive
X-Powered-By: Express
Content-Type: application/json; charset=utf-8
Content-Length: 64476
Etag: W/"fbdc-K14jvKvJQV9+QE1VjIAzB4arC5M"
Date: Wed, 01 Feb 2023 22:16:09 GMT
Via: 1.1 vegur

[
    {
        "bookingid": 4405
    },
    {
        "bookingid": 2919
    },
    {
        "bookingid": 718
    },
    {
        "bookingid": 1603
    },
    {
        "bookingid": 350
    },
    {
        "bookingid": 728
    },
    {
        "bookingid": 387
    },
    {
        "bookingid": 4861
    },
    {
        "bookingid": 1006
    },
    {
        "bookingid": 1412
    },
    {
        "bookingid": 2147
    },
    {
        "bookingid": 3750
    },
    {
        "bookingid": 2590
    },
    {
        "bookingid": 2445
    },
    {
        "bookingid": 1273
    },
    {
        "bookingid": 3080
    },
    {
        "bookingid": 1707
    },
    {
        "bookingid": 128
    },
    {
        "bookingid": 2514
    },
    {
        "bookingid": 2695
    },
    {
        "bookingid": 66
    },
    {
        "bookingid": 763
    },
    {
        "bookingid": 4426
    },
    {
        "bookingid": 406
    },
    {
        "bookingid": 3485
    },
    {
        "bookingid": 1059
    },
    {
        "bookingid": 3727
    },
    {
        "bookingid": 627
    },
    {
        "bookingid": 894
    },
    {
        "bookingid": 4953
    },
    {
        "bookingid": 4096
    },
    {
        "bookingid": 2258
    },
    {
        "bookingid": 2829
    },
    {
        "bookingid": 1844
    },
    {
        "bookingid": 2861
    },
    {
        "bookingid": 650
    },
    {
        "bookingid": 3459
    },
    {
        "bookingid": 4157
    },
    {
        "bookingid": 4172
    },
    {
        "bookingid": 3033
    },
    {
        "bookingid": 407
    },
    {
        "bookingid": 1469
    },
    {
        "bookingid": 3866
    },
    {
        "bookingid": 4813
    },
    {
        "bookingid": 1355
    },
    {
        "bookingid": 2389
    },
    {
        "bookingid": 3889
    },
    {
        "bookingid": 3346
    },
    {
        "bookingid": 4419
    },
    {
        "bookingid": 437
    },
    {
        "bookingid": 1635
    },
    {
        "bookingid": 2910
    },
    {
        "bookingid": 3090
    },
    {
        "bookingid": 4015
    },
    {
        "bookingid": 4773
    },
    {
        "bookingid": 502
    },
    {
        "bookingid": 3634
    },
    {
        "bookingid": 1681
    },
    {
        "bookingid": 3567
    },
    {
        "bookingid": 5003
    },
    {
        "bookingid": 1014
    },
    {
        "bookingid": 2426
    },
    {
        "bookingid": 4946
    },
    {
        "bookingid": 3378
    },
    {
        "bookingid": 610
    },
    {
        "bookingid": 4263
    },
    {
        "bookingid": 1798
    },
    {
        "bookingid": 4682
    },
    {
        "bookingid": 805
    },
    {
        "bookingid": 2459
    },
    {
        "bookingid": 2145
    },
    {
        "bookingid": 3616
    },
    {
        "bookingid": 3191
    },
    {
        "bookingid": 3966
    },
    {
        "bookingid": 5030
    },
    {
        "bookingid": 3179
    },
    {
        "bookingid": 3902
    },
    {
        "bookingid": 1838
    },
    {
        "bookingid": 795
    },
    {
        "bookingid": 1425
    },
    {
        "bookingid": 2180
    },
    {
        "bookingid": 1628
    },
    {
        "bookingid": 4960
    },
    {
        "bookingid": 2314
    },
    {
        "bookingid": 3026
    },
    {
        "bookingid": 4031
    },
    {
        "bookingid": 468
    },
    {
        "bookingid": 3576
    },
    {
        "bookingid": 2028
    },
    {
        "bookingid": 861
    },
    {
        "bookingid": 521
    },
    {
        "bookingid": 3402
    },
    {
        "bookingid": 2602
    },
    {
        "bookingid": 2928
    },
    {
        "bookingid": 550
    },
    {
        "bookingid": 4908
    },
    {
        "bookingid": 671
    },
    {
        "bookingid": 2896
    },
    {
        "bookingid": 2391
    },
    {
        "bookingid": 3697
    },
    {
        "bookingid": 4434
    },
    {
        "bookingid": 2804
    },
    {
        "bookingid": 3891
    },
    {
        "bookingid": 1449
    },
    {
        "bookingid": 3589
    },
    {
        "bookingid": 790
    },
    {
        "bookingid": 3931
    },
    {
        "bookingid": 532
    },
    {
        "bookingid": 3295
    },
    {
        "bookingid": 4209
    },
    {
        "bookingid": 4805
    },
    {
        "bookingid": 603
    },
    {
        "bookingid": 2577
    },
    {
        "bookingid": 4759
    },
    {
        "bookingid": 1756
    },
    {
        "bookingid": 1070
    },
    {
        "bookingid": 1214
    },
    {
        "bookingid": 1427
    },
    {
        "bookingid": 3125
    },
    {
        "bookingid": 4649
    },
    {
        "bookingid": 4384
    },
    {
        "bookingid": 2211
    },
    {
        "bookingid": 4913
    },
    {
        "bookingid": 207
    },
    {
        "bookingid": 3860
    },
    {
        "bookingid": 4104
    },
    {
        "bookingid": 2649
    },
    {
        "bookingid": 1221
    },
    {
        "bookingid": 4782
    },
    {
        "bookingid": 4143
    },
    {
        "bookingid": 3041
    },
    {
        "bookingid": 1055
    },
    {
        "bookingid": 74
    },
    {
        "bookingid": 2751
    },
    {
        "bookingid": 3407
    },
    {
        "bookingid": 1205
    },
    {
        "bookingid": 955
    },
    {
        "bookingid": 3561
    },
    {
        "bookingid": 3975
    },
    {
        "bookingid": 766
    },
    {
        "bookingid": 1767
    },
    {
        "bookingid": 1639
    },
    {
        "bookingid": 2038
    },
    {
        "bookingid": 1289
    },
    {
        "bookingid": 4266
    },
    {
        "bookingid": 1457
    },
    {
        "bookingid": 3335
    },
    {
        "bookingid": 158
    },
    {
        "bookingid": 1806
    },
    {
        "bookingid": 2181
    },
    {
        "bookingid": 187
    },
    {
        "bookingid": 1804
    },
    {
        "bookingid": 3810
    },
    {
        "bookingid": 4603
    },
    {
        "bookingid": 1391
    },
    {
        "bookingid": 53
    },
    {
        "bookingid": 4598
    },
    {
        "bookingid": 3168
    },
    {
        "bookingid": 495
    },
    {
        "bookingid": 3325
    },
    {
        "bookingid": 4855
    },
    {
        "bookingid": 1697
    },
    {
        "bookingid": 928
    },
    {
        "bookingid": 4320
    },
    {
        "bookingid": 4424
    },
    {
        "bookingid": 2838
    },
    {
        "bookingid": 3176
    },
    {
        "bookingid": 823
    },
    {
        "bookingid": 4508
    },
    {
        "bookingid": 1414
    },
    {
        "bookingid": 1589
    },
    {
        "bookingid": 2743
    },
    {
        "bookingid": 4242
    },
    {
        "bookingid": 3712
    },
    {
        "bookingid": 2748
    },
    {
        "bookingid": 3491
    },
    {
        "bookingid": 143
    },
    {
        "bookingid": 4432
    },
    {
        "bookingid": 248
    },
    {
        "bookingid": 1212
    },
    {
        "bookingid": 2158
    },
    {
        "bookingid": 2746
    },
    {
        "bookingid": 591
    },
    {
        "bookingid": 3901
    },
    {
        "bookingid": 4532
    },
    {
        "bookingid": 4036
    },
    {
        "bookingid": 4746
    },
    {
        "bookingid": 1396
    },
    {
        "bookingid": 1646
    },
    {
        "bookingid": 4990
    },
    {
        "bookingid": 653
    },
    {
        "bookingid": 3930
    },
    {
        "bookingid": 3463
    },
    {
        "bookingid": 1919
    },
    {
        "bookingid": 3461
    },
    {
        "bookingid": 3230
    },
    {
        "bookingid": 1553
    },
    {
        "bookingid": 744
    },
    {
        "bookingid": 2017
    },
    {
        "bookingid": 1781
    },
    {
        "bookingid": 2769
    },
    {
        "bookingid": 1389
    },
    {
        "bookingid": 2290
    },
    {
        "bookingid": 679
    },
    {
        "bookingid": 2237
    },
    {
        "bookingid": 4025
    },
    {
        "bookingid": 3953
    },
    {
        "bookingid": 4488
    },
    {
        "bookingid": 944
    },
    {
        "bookingid": 4770
    },
    {
        "bookingid": 418
    },
    {
        "bookingid": 5008
    },
    {
        "bookingid": 1680
    },
    {
        "bookingid": 3520
    },
    {
        "bookingid": 4184
    },
    {
        "bookingid": 1532
    },
    {
        "bookingid": 4833
    },
    {
        "bookingid": 2611
    },
    {
        "bookingid": 3495
    },
    {
        "bookingid": 3665
    },
    {
        "bookingid": 202
    },
    {
        "bookingid": 339
    },
    {
        "bookingid": 4365
    },
    {
        "bookingid": 971
    },
    {
        "bookingid": 2173
    },
    {
        "bookingid": 3529
    },
    {
        "bookingid": 4715
    },
    {
        "bookingid": 3575
    },
    {
        "bookingid": 2364
    },
    {
        "bookingid": 3440
    },
    {
        "bookingid": 2633
    },
    {
        "bookingid": 863
    },
    {
        "bookingid": 3871
    },
    {
        "bookingid": 2711
    },
    {
        "bookingid": 2984
    },
    {
        "bookingid": 4823
    },
    {
        "bookingid": 1028
    },
    {
        "bookingid": 4498
    },
    {
        "bookingid": 1239
    },
    {
        "bookingid": 1992
    },
    {
        "bookingid": 2793
    },
    {
        "bookingid": 2580
    },
    {
        "bookingid": 124
    },
    {
        "bookingid": 2783
    },
    {
        "bookingid": 4383
    },
    {
        "bookingid": 3980
    },
    {
        "bookingid": 3076
    },
    {
        "bookingid": 2033
    },
    {
        "bookingid": 1012
    },
    {
        "bookingid": 2532
    },
    {
        "bookingid": 2259
    },
    {
        "bookingid": 995
    },
    {
        "bookingid": 1366
    },
    {
        "bookingid": 818
    },
    {
        "bookingid": 4442
    },
    {
        "bookingid": 6
    },
    {
        "bookingid": 426
    },
    {
        "bookingid": 2531
    },
    {
        "bookingid": 101
    },
    {
        "bookingid": 19
    },
    {
        "bookingid": 3039
    },
    {
        "bookingid": 8
    },
    {
        "bookingid": 2309
    },
    {
        "bookingid": 3004
    },
    {
        "bookingid": 4198
    },
    {
        "bookingid": 3082
    },
    {
        "bookingid": 3417
    },
    {
        "bookingid": 1299
    },
    {
        "bookingid": 2784
    },
    {
        "bookingid": 786
    },
    {
        "bookingid": 2267
    },
    {
        "bookingid": 389
    },
    {
        "bookingid": 467
    },
    {
        "bookingid": 403
    },
    {
        "bookingid": 3741
    },
    {
        "bookingid": 301
    },
    {
        "bookingid": 4675
    },
    {
        "bookingid": 1531
    },
    {
        "bookingid": 1245
    },
    {
        "bookingid": 1881
    },
    {
        "bookingid": 563
    },
    {
        "bookingid": 4986
    },
    {
        "bookingid": 5005
    },
    {
        "bookingid": 717
    },
    {
        "bookingid": 3735
    },
    {
        "bookingid": 1261
    },
    {
        "bookingid": 711
    },
    {
        "bookingid": 4331
    },
    {
        "bookingid": 3695
    },
    {
        "bookingid": 2450
    },
    {
        "bookingid": 4510
    },
    {
        "bookingid": 712
    },
    {
        "bookingid": 1709
    },
    {
        "bookingid": 1570
    },
    {
        "bookingid": 1395
    },
    {
        "bookingid": 1966
    },
    {
        "bookingid": 3455
    },
    {
        "bookingid": 3001
    },
    {
        "bookingid": 3285
    },
    {
        "bookingid": 2087
    },
    {
        "bookingid": 3842
    },
    {
        "bookingid": 897
    },
    {
        "bookingid": 149
    },
    {
        "bookingid": 4842
    },
    {
        "bookingid": 1945
    },
    {
        "bookingid": 3118
    },
    {
        "bookingid": 4978
    },
    {
        "bookingid": 3311
    },
    {
        "bookingid": 1720
    },
    {
        "bookingid": 4866
    },
    {
        "bookingid": 3106
    },
    {
        "bookingid": 2703
    },
    {
        "bookingid": 3568
    },
    {
        "bookingid": 2498
    },
    {
        "bookingid": 3489
    },
    {
        "bookingid": 2967
    },
    {
        "bookingid": 1551
    },
    {
        "bookingid": 1888
    },
    {
        "bookingid": 17
    },
    {
        "bookingid": 3990
    },
    {
        "bookingid": 2174
    },
    {
        "bookingid": 2665
    },
    {
        "bookingid": 3078
    },
    {
        "bookingid": 4180
    },
    {
        "bookingid": 1535
    },
    {
        "bookingid": 4155
    },
    {
        "bookingid": 4406
    },
    {
        "bookingid": 3276
    },
    {
        "bookingid": 1501
    },
    {
        "bookingid": 494
    },
    {
        "bookingid": 4102
    },
    {
        "bookingid": 504
    },
    {
        "bookingid": 596
    },
    {
        "bookingid": 2370
    },
    {
        "bookingid": 3777
    },
    {
        "bookingid": 213
    },
    {
        "bookingid": 1237
    },
    {
        "bookingid": 4313
    },
    {
        "bookingid": 3326
    },
    {
        "bookingid": 3819
    },
    {
        "bookingid": 3017
    },
    {
        "bookingid": 3265
    },
    {
        "bookingid": 265
    },
    {
        "bookingid": 51
    },
    {
        "bookingid": 3707
    },
    {
        "bookingid": 3772
    },
    {
        "bookingid": 3654
    },
    {
        "bookingid": 1876
    },
    {
        "bookingid": 4776
    },
    {
        "bookingid": 3869
    },
    {
        "bookingid": 3109
    },
    {
        "bookingid": 1485
    },
    {
        "bookingid": 3395
    },
    {
        "bookingid": 1497
    },
    {
        "bookingid": 177
    },
    {
        "bookingid": 3126
    },
    {
        "bookingid": 4175
    },
    {
        "bookingid": 3374
    },
    {
        "bookingid": 2940
    },
    {
        "bookingid": 3978
    },
    {
        "bookingid": 788
    },
    {
        "bookingid": 2444
    },
    {
        "bookingid": 514
    },
    {
        "bookingid": 4495
    },
    {
        "bookingid": 4078
    },
    {
        "bookingid": 413
    },
    {
        "bookingid": 2524
    },
    {
        "bookingid": 936
    },
    {
        "bookingid": 1694
    },
    {
        "bookingid": 4193
    },
    {
        "bookingid": 1998
    },
    {
        "bookingid": 4915
    },
    {
        "bookingid": 2378
    },
    {
        "bookingid": 438
    },
    {
        "bookingid": 2188
    },
    {
        "bookingid": 2004
    },
    {
        "bookingid": 1745
    },
    {
        "bookingid": 4906
    },
    {
        "bookingid": 4210
    },
    {
        "bookingid": 4231
    },
    {
        "bookingid": 4483
    },
    {
        "bookingid": 4455
    },
    {
        "bookingid": 2369
    },
    {
        "bookingid": 1582
    },
    {
        "bookingid": 723
    },
    {
        "bookingid": 2698
    },
    {
        "bookingid": 4187
    },
    {
        "bookingid": 2202
    },
    {
        "bookingid": 3061
    },
    {
        "bookingid": 1598
    },
    {
        "bookingid": 2849
    },
    {
        "bookingid": 4625
    },
    {
        "bookingid": 1129
    },
    {
        "bookingid": 539
    },
    {
        "bookingid": 2088
    },
    {
        "bookingid": 2457
    },
    {
        "bookingid": 269
    },
    {
        "bookingid": 3796
    },
    {
        "bookingid": 609
    },
    {
        "bookingid": 404
    },
    {
        "bookingid": 4166
    },
    {
        "bookingid": 2970
    },
    {
        "bookingid": 2100
    },
    {
        "bookingid": 2224
    },
    {
        "bookingid": 1189
    },
    {
        "bookingid": 4546
    },
    {
        "bookingid": 1499
    },
    {
        "bookingid": 1352
    },
    {
        "bookingid": 421
    },
    {
        "bookingid": 1074
    },
    {
        "bookingid": 3916
    },
    {
        "bookingid": 1803
    },
    {
        "bookingid": 940
    },
    {
        "bookingid": 4479
    },
    {
        "bookingid": 1284
    },
    {
        "bookingid": 2115
    },
    {
        "bookingid": 664
    },
    {
        "bookingid": 4712
    },
    {
        "bookingid": 4075
    },
    {
        "bookingid": 1254
    },
    {
        "bookingid": 444
    },
    {
        "bookingid": 3536
    },
    {
        "bookingid": 2490
    },
    {
        "bookingid": 2603
    },
    {
        "bookingid": 4079
    },
    {
        "bookingid": 300
    },
    {
        "bookingid": 594
    },
    {
        "bookingid": 1433
    },
    {
        "bookingid": 2122
    },
    {
        "bookingid": 4001
    },
    {
        "bookingid": 3579
    },
    {
        "bookingid": 2479
    },
    {
        "bookingid": 1821
    },
    {
        "bookingid": 4962
    },
    {
        "bookingid": 168
    },
    {
        "bookingid": 2802
    },
    {
        "bookingid": 1895
    },
    {
        "bookingid": 942
    },
    {
        "bookingid": 239
    },
    {
        "bookingid": 3040
    },
    {
        "bookingid": 2908
    },
    {
        "bookingid": 639
    },
    {
        "bookingid": 3361
    },
    {
        "bookingid": 3911
    },
    {
        "bookingid": 2565
    },
    {
        "bookingid": 3388
    },
    {
        "bookingid": 4553
    },
    {
        "bookingid": 3779
    },
    {
        "bookingid": 709
    },
    {
        "bookingid": 2155
    },
    {
        "bookingid": 3564
    },
    {
        "bookingid": 1246
    },
    {
        "bookingid": 4954
    },
    {
        "bookingid": 3449
    },
    {
        "bookingid": 900
    },
    {
        "bookingid": 3351
    },
    {
        "bookingid": 1158
    },
    {
        "bookingid": 4211
    },
    {
        "bookingid": 4710
    },
    {
        "bookingid": 4485
    },
    {
        "bookingid": 4875
    },
    {
        "bookingid": 658
    },
    {
        "bookingid": 700
    },
    {
        "bookingid": 4795
    },
    {
        "bookingid": 1615
    },
    {
        "bookingid": 1340
    },
    {
        "bookingid": 1679
    },
    {
        "bookingid": 1153
    },
    {
        "bookingid": 2337
    },
    {
        "bookingid": 2622
    },
    {
        "bookingid": 4877
    },
    {
        "bookingid": 2907
    },
    {
        "bookingid": 2993
    },
    {
        "bookingid": 4733
    },
    {
        "bookingid": 806
    },
    {
        "bookingid": 4312
    },
    {
        "bookingid": 2586
    },
    {
        "bookingid": 2915
    },
    {
        "bookingid": 2446
    },
    {
        "bookingid": 390
    },
    {
        "bookingid": 4525
    },
    {
        "bookingid": 4453
    },
    {
        "bookingid": 2
    },
    {
        "bookingid": 5
    },
    {
        "bookingid": 3169
    },
    {
        "bookingid": 513
    },
    {
        "bookingid": 2702
    },
    {
        "bookingid": 1481
    },
    {
        "bookingid": 1778
    },
    {
        "bookingid": 1257
    },
    {
        "bookingid": 3490
    },
    {
        "bookingid": 1211
    },
    {
        "bookingid": 978
    },
    {
        "bookingid": 2697
    },
    {
        "bookingid": 3131
    },
    {
        "bookingid": 4091
    },
    {
        "bookingid": 2974
    },
    {
        "bookingid": 1874
    },
    {
        "bookingid": 2140
    },
    {
        "bookingid": 4885
    },
    {
        "bookingid": 4762
    },
    {
        "bookingid": 1296
    },
    {
        "bookingid": 849
    },
    {
        "bookingid": 4820
    },
    {
        "bookingid": 1993
    },
    {
        "bookingid": 4110
    },
    {
        "bookingid": 641
    },
    {
        "bookingid": 4360
    },
    {
        "bookingid": 3333
    },
    {
        "bookingid": 2204
    },
    {
        "bookingid": 4306
    },
    {
        "bookingid": 4982
    },
    {
        "bookingid": 433
    },
    {
        "bookingid": 2799
    },
    {
        "bookingid": 4932
    },
    {
        "bookingid": 1724
    },
    {
        "bookingid": 1561
    },
    {
        "bookingid": 616
    },
    {
        "bookingid": 3362
    },
    {
        "bookingid": 1873
    },
    {
        "bookingid": 1042
    },
    {
        "bookingid": 2759
    },
    {
        "bookingid": 3334
    },
    {
        "bookingid": 926
    },
    {
        "bookingid": 2467
    },
    {
        "bookingid": 1563
    },
    {
        "bookingid": 170
    },
    {
        "bookingid": 361
    },
    {
        "bookingid": 4462
    },
    {
        "bookingid": 3262
    },
    {
        "bookingid": 2266
    },
    {
        "bookingid": 4008
    },
    {
        "bookingid": 4043
    },
    {
        "bookingid": 3740
    },
    {
        "bookingid": 3864
    },
    {
        "bookingid": 2883
    },
    {
        "bookingid": 4809
    },
    {
        "bookingid": 3982
    },
    {
        "bookingid": 1890
    },
    {
        "bookingid": 1617
    },
    {
        "bookingid": 3868
    },
    {
        "bookingid": 83
    },
    {
        "bookingid": 3825
    },
    {
        "bookingid": 2044
    },
    {
        "bookingid": 3320
    },
    {
        "bookingid": 281
    },
    {
        "bookingid": 2253
    },
    {
        "bookingid": 2680
    },
    {
        "bookingid": 2323
    },
    {
        "bookingid": 442
    },
    {
        "bookingid": 941
    },
    {
        "bookingid": 2679
    },
    {
        "bookingid": 3535
    },
    {
        "bookingid": 2774
    },
    {
        "bookingid": 1909
    },
    {
        "bookingid": 1170
    },
    {
        "bookingid": 3799
    },
    {
        "bookingid": 3282
    },
    {
        "bookingid": 895
    },
    {
        "bookingid": 4973
    },
    {
        "bookingid": 1193
    },
    {
        "bookingid": 3935
    },
    {
        "bookingid": 4664
    },
    {
        "bookingid": 1515
    },
    {
        "bookingid": 3470
    },
    {
        "bookingid": 405
    },
    {
        "bookingid": 1695
    },
    {
        "bookingid": 3570
    },
    {
        "bookingid": 3502
    },
    {
        "bookingid": 741
    },
    {
        "bookingid": 1394
    },
    {
        "bookingid": 681
    },
    {
        "bookingid": 3590
    },
    {
        "bookingid": 5006
    },
    {
        "bookingid": 287
    },
    {
        "bookingid": 455
    },
    {
        "bookingid": 3048
    },
    {
        "bookingid": 1114
    },
    {
        "bookingid": 3382
    },
    {
        "bookingid": 575
    },
    {
        "bookingid": 4402
    },
    {
        "bookingid": 888
    },
    {
        "bookingid": 5011
    },
    {
        "bookingid": 3280
    },
    {
        "bookingid": 2955
    },
    {
        "bookingid": 635
    },
    {
        "bookingid": 535
    },
    {
        "bookingid": 1693
    },
    {
        "bookingid": 2162
    },
    {
        "bookingid": 5024
    },
    {
        "bookingid": 1095
    },
    {
        "bookingid": 2403
    },
    {
        "bookingid": 932
    },
    {
        "bookingid": 2678
    },
    {
        "bookingid": 1840
    },
    {
        "bookingid": 3792
    },
    {
        "bookingid": 533
    },
    {
        "bookingid": 4503
    },
    {
        "bookingid": 3471
    },
    {
        "bookingid": 368
    },
    {
        "bookingid": 2798
    },
    {
        "bookingid": 3552
    },
    {
        "bookingid": 727
    },
    {
        "bookingid": 1593
    },
    {
        "bookingid": 1139
    },
    {
        "bookingid": 4519
    },
    {
        "bookingid": 4569
    },
    {
        "bookingid": 3626
    },
    {
        "bookingid": 4616
    },
    {
        "bookingid": 3580
    },
    {
        "bookingid": 4983
    },
    {
        "bookingid": 3229
    },
    {
        "bookingid": 4626
    },
    {
        "bookingid": 2031
    },
    {
        "bookingid": 428
    },
    {
        "bookingid": 1698
    },
    {
        "bookingid": 258
    },
    {
        "bookingid": 3032
    },
    {
        "bookingid": 1931
    },
    {
        "bookingid": 1085
    },
    {
        "bookingid": 3925
    },
    {
        "bookingid": 551
    },
    {
        "bookingid": 2413
    },
    {
        "bookingid": 1437
    },
    {
        "bookingid": 2186
    },
    {
        "bookingid": 26
    },
    {
        "bookingid": 1927
    },
    {
        "bookingid": 4065
    },
    {
        "bookingid": 4052
    },
    {
        "bookingid": 825
    },
    {
        "bookingid": 5015
    },
    {
        "bookingid": 3212
    },
    {
        "bookingid": 1736
    },
    {
        "bookingid": 2146
    },
    {
        "bookingid": 2254
    },
    {
        "bookingid": 299
    },
    {
        "bookingid": 666
    },
    {
        "bookingid": 4136
    },
    {
        "bookingid": 2036
    },
    {
        "bookingid": 615
    },
    {
        "bookingid": 2543
    },
    {
        "bookingid": 2760
    },
    {
        "bookingid": 3462
    },
    {
        "bookingid": 254
    },
    {
        "bookingid": 637
    },
    {
        "bookingid": 4700
    },
    {
        "bookingid": 4381
    },
    {
        "bookingid": 2402
    },
    {
        "bookingid": 2841
    },
    {
        "bookingid": 1955
    },
    {
        "bookingid": 2184
    },
    {
        "bookingid": 4268
    },
    {
        "bookingid": 4196
    },
    {
        "bookingid": 1328
    },
    {
        "bookingid": 1307
    },
    {
        "bookingid": 1048
    },
    {
        "bookingid": 2813
    },
    {
        "bookingid": 3498
    },
    {
        "bookingid": 2018
    },
    {
        "bookingid": 669
    },
    {
        "bookingid": 663
    },
    {
        "bookingid": 1941
    },
    {
        "bookingid": 235
    },
    {
        "bookingid": 1507
    },
    {
        "bookingid": 3269
    },
    {
        "bookingid": 2134
    },
    {
        "bookingid": 3151
    },
    {
        "bookingid": 2139
    },
    {
        "bookingid": 3135
    },
    {
        "bookingid": 228
    },
    {
        "bookingid": 3803
    },
    {
        "bookingid": 2507
    },
    {
        "bookingid": 87
    },
    {
        "bookingid": 1622
    },
    {
        "bookingid": 3358
    },
    {
        "bookingid": 2092
    },
    {
        "bookingid": 2412
    },
    {
        "bookingid": 4250
    },
    {
        "bookingid": 4280
    },
    {
        "bookingid": 5004
    },
    {
        "bookingid": 1665
    },
    {
        "bookingid": 3790
    },
    {
        "bookingid": 4708
    },
    {
        "bookingid": 4204
    },
    {
        "bookingid": 1961
    },
    {
        "bookingid": 1851
    },
    {
        "bookingid": 1318
    },
    {
        "bookingid": 808
    },
    {
        "bookingid": 2651
    },
    {
        "bookingid": 3976
    },
    {
        "bookingid": 4891
    },
    {
        "bookingid": 2152
    },
    {
        "bookingid": 1498
    },
    {
        "bookingid": 386
    },
    {
        "bookingid": 378
    },
    {
        "bookingid": 3628
    },
    {
        "bookingid": 980
    },
    {
        "bookingid": 611
    },
    {
        "bookingid": 4843
    },
    {
        "bookingid": 42
    },
    {
        "bookingid": 4613
    },
    {
        "bookingid": 1171
    },
    {
        "bookingid": 1479
    },
    {
        "bookingid": 105
    },
    {
        "bookingid": 2880
    },
    {
        "bookingid": 92
    },
    {
        "bookingid": 4665
    },
    {
        "bookingid": 1146
    },
    {
        "bookingid": 3689
    },
    {
        "bookingid": 906
    },
    {
        "bookingid": 757
    },
    {
        "bookingid": 3566
    },
    {
        "bookingid": 2999
    },
    {
        "bookingid": 4481
    },
    {
        "bookingid": 195
    },
    {
        "bookingid": 680
    },
    {
        "bookingid": 4737
    },
    {
        "bookingid": 2571
    },
    {
        "bookingid": 3907
    },
    {
        "bookingid": 3240
    },
    {
        "bookingid": 1031
    },
    {
        "bookingid": 4772
    },
    {
        "bookingid": 4411
    },
    {
        "bookingid": 5002
    },
    {
        "bookingid": 1346
    },
    {
        "bookingid": 618
    },
    {
        "bookingid": 2608
    },
    {
        "bookingid": 2124
    },
    {
        "bookingid": 3392
    },
    {
        "bookingid": 3885
    },
    {
        "bookingid": 1868
    },
    {
        "bookingid": 1630
    },
    {
        "bookingid": 21
    },
    {
        "bookingid": 4016
    },
    {
        "bookingid": 2754
    },
    {
        "bookingid": 2566
    },
    {
        "bookingid": 2221
    },
    {
        "bookingid": 994
    },
    {
        "bookingid": 1323
    },
    {
        "bookingid": 703
    },
    {
        "bookingid": 4395
    },
    {
        "bookingid": 927
    },
    {
        "bookingid": 2582
    },
    {
        "bookingid": 259
    },
    {
        "bookingid": 2083
    },
    {
        "bookingid": 4818
    },
    {
        "bookingid": 95
    },
    {
        "bookingid": 3525
    },
    {
        "bookingid": 4390
    },
    {
        "bookingid": 960
    },
    {
        "bookingid": 1350
    },
    {
        "bookingid": 65
    },
    {
        "bookingid": 1626
    },
    {
        "bookingid": 4609
    },
    {
        "bookingid": 689
    },
    {
        "bookingid": 2421
    },
    {
        "bookingid": 1473
    },
    {
        "bookingid": 94
    },
    {
        "bookingid": 4647
    },
    {
        "bookingid": 500
    },
    {
        "bookingid": 3984
    },
    {
        "bookingid": 3594
    },
    {
        "bookingid": 1525
    },
    {
        "bookingid": 3644
    },
    {
        "bookingid": 4827
    },
    {
        "bookingid": 735
    },
    {
        "bookingid": 1726
    },
    {
        "bookingid": 1773
    },
    {
        "bookingid": 3419
    },
    {
        "bookingid": 4677
    },
    {
        "bookingid": 2271
    },
    {
        "bookingid": 1739
    },
    {
        "bookingid": 44
    },
    {
        "bookingid": 4655
    },
    {
        "bookingid": 4631
    },
    {
        "bookingid": 2014
    },
    {
        "bookingid": 4618
    },
    {
        "bookingid": 1578
    },
    {
        "bookingid": 4890
    },
    {
        "bookingid": 2615
    },
    {
        "bookingid": 3768
    },
    {
        "bookingid": 470
    },
    {
        "bookingid": 1392
    },
    {
        "bookingid": 4981
    },
    {
        "bookingid": 4033
    },
    {
        "bookingid": 2278
    },
    {
        "bookingid": 1599
    },
    {
        "bookingid": 3642
    },
    {
        "bookingid": 3293
    },
    {
        "bookingid": 2170
    },
    {
        "bookingid": 4427
    },
    {
        "bookingid": 2876
    },
    {
        "bookingid": 3371
    },
    {
        "bookingid": 2151
    },
    {
        "bookingid": 964
    },
    {
        "bookingid": 4459
    },
    {
        "bookingid": 1463
    },
    {
        "bookingid": 4584
    },
    {
        "bookingid": 4257
    },
    {
        "bookingid": 1527
    },
    {
        "bookingid": 3972
    },
    {
        "bookingid": 1662
    },
    {
        "bookingid": 2494
    },
    {
        "bookingid": 617
    },
    {
        "bookingid": 2128
    },
    {
        "bookingid": 2448
    },
    {
        "bookingid": 1410
    },
    {
        "bookingid": 2715
    },
    {
        "bookingid": 2911
    },
    {
        "bookingid": 3056
    },
    {
        "bookingid": 4611
    },
    {
        "bookingid": 2456
    },
    {
        "bookingid": 3569
    },
    {
        "bookingid": 3249
    },
    {
        "bookingid": 969
    },
    {
        "bookingid": 3781
    },
    {
        "bookingid": 3268
    },
    {
        "bookingid": 5020
    },
    {
        "bookingid": 3997
    },
    {
        "bookingid": 2285
    },
    {
        "bookingid": 1784
    },
    {
        "bookingid": 4247
    },
    {
        "bookingid": 1607
    },
    {
        "bookingid": 4218
    },
    {
        "bookingid": 4742
    },
    {
        "bookingid": 1447
    },
    {
        "bookingid": 3439
    },
    {
        "bookingid": 3103
    },
    {
        "bookingid": 1316
    },
    {
        "bookingid": 2200
    },
    {
        "bookingid": 598
    },
    {
        "bookingid": 838
    },
    {
        "bookingid": 2839
    },
    {
        "bookingid": 4443
    },
    {
        "bookingid": 4315
    },
    {
        "bookingid": 3469
    },
    {
        "bookingid": 1050
    },
    {
        "bookingid": 3501
    },
    {
        "bookingid": 3034
    },
    {
        "bookingid": 78
    },
    {
        "bookingid": 4200
    },
    {
        "bookingid": 3045
    },
    {
        "bookingid": 1295
    },
    {
        "bookingid": 4651
    },
    {
        "bookingid": 1046
    },
    {
        "bookingid": 1329
    },
    {
        "bookingid": 2518
    },
    {
        "bookingid": 2835
    },
    {
        "bookingid": 2477
    },
    {
        "bookingid": 3904
    },
    {
        "bookingid": 2352
    },
    {
        "bookingid": 4771
    },
    {
        "bookingid": 3881
    },
    {
        "bookingid": 46
    },
    {
        "bookingid": 3761
    },
    {
        "bookingid": 4765
    },
    {
        "bookingid": 4310
    },
    {
        "bookingid": 30
    },
    {
        "bookingid": 3110
    },
    {
        "bookingid": 2161
    },
    {
        "bookingid": 118
    },
    {
        "bookingid": 3075
    },
    {
        "bookingid": 2943
    },
    {
        "bookingid": 1049
    },
    {
        "bookingid": 769
    },
    {
        "bookingid": 205
    },
    {
        "bookingid": 2107
    },
    {
        "bookingid": 1493
    },
    {
        "bookingid": 474
    },
    {
        "bookingid": 2756
    },
    {
        "bookingid": 2892
    },
    {
        "bookingid": 3072
    },
    {
        "bookingid": 4290
    },
    {
        "bookingid": 229
    },
    {
        "bookingid": 4884
    },
    {
        "bookingid": 4559
    },
    {
        "bookingid": 3593
    },
    {
        "bookingid": 815
    },
    {
        "bookingid": 4902
    },
    {
        "bookingid": 304
    },
    {
        "bookingid": 2425
    },
    {
        "bookingid": 210
    },
    {
        "bookingid": 3609
    },
    {
        "bookingid": 2922
    },
    {
        "bookingid": 3598
    },
    {
        "bookingid": 4093
    },
    {
        "bookingid": 4824
    },
    {
        "bookingid": 1661
    },
    {
        "bookingid": 4224
    },
    {
        "bookingid": 3175
    },
    {
        "bookingid": 2223
    },
    {
        "bookingid": 1330
    },
    {
        "bookingid": 493
    },
    {
        "bookingid": 524
    },
    {
        "bookingid": 3059
    },
    {
        "bookingid": 688
    },
    {
        "bookingid": 3952
    },
    {
        "bookingid": 3565
    },
    {
        "bookingid": 4047
    },
    {
        "bookingid": 3068
    },
    {
        "bookingid": 2053
    },
    {
        "bookingid": 3554
    },
    {
        "bookingid": 3093
    },
    {
        "bookingid": 1068
    },
    {
        "bookingid": 2349
    },
    {
        "bookingid": 2335
    },
    {
        "bookingid": 2291
    },
    {
        "bookingid": 4468
    },
    {
        "bookingid": 4999
    },
    {
        "bookingid": 2722
    },
    {
        "bookingid": 296
    },
    {
        "bookingid": 3257
    },
    {
        "bookingid": 2462
    },
    {
        "bookingid": 1308
    },
    {
        "bookingid": 1758
    },
    {
        "bookingid": 2564
    },
    {
        "bookingid": 4591
    },
    {
        "bookingid": 162
    },
    {
        "bookingid": 3434
    },
    {
        "bookingid": 1649
    },
    {
        "bookingid": 3122
    },
    {
        "bookingid": 3094
    },
    {
        "bookingid": 606
    },
    {
        "bookingid": 4966
    },
    {
        "bookingid": 2263
    },
    {
        "bookingid": 1586
    },
    {
        "bookingid": 4636
    },
    {
        "bookingid": 106
    },
    {
        "bookingid": 225
    },
    {
        "bookingid": 2845
    },
    {
        "bookingid": 4389
    },
    {
        "bookingid": 2315
    },
    {
        "bookingid": 272
    },
    {
        "bookingid": 1279
    },
    {
        "bookingid": 3711
    },
    {
        "bookingid": 4038
    },
    {
        "bookingid": 3624
    },
    {
        "bookingid": 5018
    },
    {
        "bookingid": 4194
    },
    {
        "bookingid": 862
    },
    {
        "bookingid": 4936
    },
    {
        "bookingid": 1342
    },
    {
        "bookingid": 453
    },
    {
        "bookingid": 2648
    },
    {
        "bookingid": 623
    },
    {
        "bookingid": 2739
    },
    {
        "bookingid": 1556
    },
    {
        "bookingid": 1310
    },
    {
        "bookingid": 519
    },
    {
        "bookingid": 399
    },
    {
        "bookingid": 3014
    },
    {
        "bookingid": 2131
    },
    {
        "bookingid": 770
    },
    {
        "bookingid": 1863
    },
    {
        "bookingid": 1761
    },
    {
        "bookingid": 1967
    },
    {
        "bookingid": 395
    },
    {
        "bookingid": 4409
    },
    {
        "bookingid": 2626
    },
    {
        "bookingid": 222
    },
    {
        "bookingid": 3077
    },
    {
        "bookingid": 3787
    },
    {
        "bookingid": 4258
    },
    {
        "bookingid": 313
    },
    {
        "bookingid": 3758
    },
    {
        "bookingid": 4604
    },
    {
        "bookingid": 3789
    },
    {
        "bookingid": 4900
    },
    {
        "bookingid": 3709
    },
    {
        "bookingid": 1962
    },
    {
        "bookingid": 224
    },
    {
        "bookingid": 4580
    },
    {
        "bookingid": 2473
    },
    {
        "bookingid": 425
    },
    {
        "bookingid": 1512
    },
    {
        "bookingid": 2819
    },
    {
        "bookingid": 3766
    },
    {
        "bookingid": 3177
    },
    {
        "bookingid": 91
    },
    {
        "bookingid": 2194
    },
    {
        "bookingid": 4451
    },
    {
        "bookingid": 1130
    },
    {
        "bookingid": 2308
    },
    {
        "bookingid": 1142
    },
    {
        "bookingid": 4154
    },
    {
        "bookingid": 4435
    },
    {
        "bookingid": 4318
    },
    {
        "bookingid": 1614
    },
    {
        "bookingid": 4844
    },
    {
        "bookingid": 3543
    },
    {
        "bookingid": 3521
    },
    {
        "bookingid": 706
    },
    {
        "bookingid": 3029
    },
    {
        "bookingid": 3661
    },
    {
        "bookingid": 4692
    },
    {
        "bookingid": 4544
    },
    {
        "bookingid": 34
    },
    {
        "bookingid": 1768
    },
    {
        "bookingid": 3964
    },
    {
        "bookingid": 314
    },
    {
        "bookingid": 4281
    },
    {
        "bookingid": 3313
    },
    {
        "bookingid": 3290
    },
    {
        "bookingid": 1432
    },
    {
        "bookingid": 3214
    },
    {
        "bookingid": 2311
    },
    {
        "bookingid": 661
    },
    {
        "bookingid": 4895
    },
    {
        "bookingid": 1314
    },
    {
        "bookingid": 4335
    },
    {
        "bookingid": 1832
    },
    {
        "bookingid": 3715
    },
    {
        "bookingid": 2515
    },
    {
        "bookingid": 4375
    },
    {
        "bookingid": 698
    },
    {
        "bookingid": 549
    },
    {
        "bookingid": 1678
    },
    {
        "bookingid": 3174
    },
    {
        "bookingid": 4361
    },
    {
        "bookingid": 1258
    },
    {
        "bookingid": 2225
    },
    {
        "bookingid": 3816
    },
    {
        "bookingid": 4835
    },
    {
        "bookingid": 701
    },
    {
        "bookingid": 4639
    },
    {
        "bookingid": 2006
    },
    {
        "bookingid": 3963
    },
    {
        "bookingid": 4816
    },
    {
        "bookingid": 3518
    },
    {
        "bookingid": 1333
    },
    {
        "bookingid": 56
    },
    {
        "bookingid": 4400
    },
    {
        "bookingid": 2129
    },
    {
        "bookingid": 1495
    },
    {
        "bookingid": 2962
    },
    {
        "bookingid": 4541
    },
    {
        "bookingid": 2857
    },
    {
        "bookingid": 2780
    },
    {
        "bookingid": 2927
    },
    {
        "bookingid": 3020
    },
    {
        "bookingid": 3605
    },
    {
        "bookingid": 1400
    },
    {
        "bookingid": 2434
    },
    {
        "bookingid": 3144
    },
    {
        "bookingid": 311
    },
    {
        "bookingid": 1875
    },
    {
        "bookingid": 3690
    },
    {
        "bookingid": 2672
    },
    {
        "bookingid": 870
    },
    {
        "bookingid": 1823
    },
    {
        "bookingid": 4040
    },
    {
        "bookingid": 2786
    },
    {
        "bookingid": 1858
    },
    {
        "bookingid": 4398
    },
    {
        "bookingid": 237
    },
    {
        "bookingid": 4026
    },
    {
        "bookingid": 96
    },
    {
        "bookingid": 4619
    },
    {
        "bookingid": 643
    },
    {
        "bookingid": 2310
    },
    {
        "bookingid": 4181
    },
    {
        "bookingid": 4146
    },
    {
        "bookingid": 4480
    },
    {
        "bookingid": 302
    },
    {
        "bookingid": 1225
    },
    {
        "bookingid": 2387
    },
    {
        "bookingid": 866
    },
    {
        "bookingid": 4216
    },
    {
        "bookingid": 3002
    },
    {
        "bookingid": 2339
    },
    {
        "bookingid": 4571
    },
    {
        "bookingid": 4195
    },
    {
        "bookingid": 3429
    },
    {
        "bookingid": 4316
    },
    {
        "bookingid": 1262
    },
    {
        "bookingid": 2117
    },
    {
        "bookingid": 3219
    },
    {
        "bookingid": 4653
    },
    {
        "bookingid": 25
    },
    {
        "bookingid": 642
    },
    {
        "bookingid": 133
    },
    {
        "bookingid": 4706
    },
    {
        "bookingid": 4067
    },
    {
        "bookingid": 2554
    },
    {
        "bookingid": 633
    },
    {
        "bookingid": 3585
    },
    {
        "bookingid": 1753
    },
    {
        "bookingid": 3854
    },
    {
        "bookingid": 3667
    },
    {
        "bookingid": 875
    },
    {
        "bookingid": 4633
    },
    {
        "bookingid": 4620
    },
    {
        "bookingid": 3614
    },
    {
        "bookingid": 2288
    },
    {
        "bookingid": 649
    },
    {
        "bookingid": 3271
    },
    {
        "bookingid": 1569
    },
    {
        "bookingid": 4732
    },
    {
        "bookingid": 1275
    },
    {
        "bookingid": 264
    },
    {
        "bookingid": 1365
    },
    {
        "bookingid": 4621
    },
    {
        "bookingid": 2027
    },
    {
        "bookingid": 2350
    },
    {
        "bookingid": 481
    },
    {
        "bookingid": 2978
    },
    {
        "bookingid": 284
    },
    {
        "bookingid": 1047
    },
    {
        "bookingid": 1484
    },
    {
        "bookingid": 2842
    },
    {
        "bookingid": 3051
    },
    {
        "bookingid": 2596
    },
    {
        "bookingid": 319
    },
    {
        "bookingid": 1177
    },
    {
        "bookingid": 2523
    },
    {
        "bookingid": 2905
    },
    {
        "bookingid": 1354
    },
    {
        "bookingid": 1588
    },
    {
        "bookingid": 935
    },
    {
        "bookingid": 232
    },
    {
        "bookingid": 1576
    },
    {
        "bookingid": 15
    },
    {
        "bookingid": 2745
    },
    {
        "bookingid": 2985
    },
    {
        "bookingid": 70
    },
    {
        "bookingid": 1884
    },
    {
        "bookingid": 4387
    },
    {
        "bookingid": 290
    },
    {
        "bookingid": 3465
    },
    {
        "bookingid": 3150
    },
    {
        "bookingid": 3748
    },
    {
        "bookingid": 690
    },
    {
        "bookingid": 84
    },
    {
        "bookingid": 3870
    },
    {
        "bookingid": 4002
    },
    {
        "bookingid": 326
    },
    {
        "bookingid": 3121
    },
    {
        "bookingid": 1580
    },
    {
        "bookingid": 2192
    },
    {
        "bookingid": 4179
    },
    {
        "bookingid": 4726
    },
    {
        "bookingid": 992
    },
    {
        "bookingid": 898
    },
    {
        "bookingid": 4796
    },
    {
        "bookingid": 1236
    },
    {
        "bookingid": 1643
    },
    {
        "bookingid": 2233
    },
    {
        "bookingid": 2089
    },
    {
        "bookingid": 5012
    },
    {
        "bookingid": 2761
    },
    {
        "bookingid": 4972
    },
    {
        "bookingid": 2506
    },
    {
        "bookingid": 4343
    },
    {
        "bookingid": 2900
    },
    {
        "bookingid": 2105
    },
    {
        "bookingid": 1369
    },
    {
        "bookingid": 3189
    },
    {
        "bookingid": 814
    },
    {
        "bookingid": 1332
    },
    {
        "bookingid": 3318
    },
    {
        "bookingid": 2099
    },
    {
        "bookingid": 45
    },
    {
        "bookingid": 3443
    },
    {
        "bookingid": 4127
    },
    {
        "bookingid": 985
    },
    {
        "bookingid": 778
    },
    {
        "bookingid": 2420
    },
    {
        "bookingid": 4632
    },
    {
        "bookingid": 3244
    },
    {
        "bookingid": 555
    },
    {
        "bookingid": 4564
    },
    {
        "bookingid": 924
    },
    {
        "bookingid": 117
    },
    {
        "bookingid": 691
    },
    {
        "bookingid": 1023
    },
    {
        "bookingid": 3560
    },
    {
        "bookingid": 4450
    },
    {
        "bookingid": 4500
    },
    {
        "bookingid": 3224
    },
    {
        "bookingid": 4011
    },
    {
        "bookingid": 278
    },
    {
        "bookingid": 1801
    },
    {
        "bookingid": 3015
    },
    {
        "bookingid": 1408
    },
    {
        "bookingid": 3324
    },
    {
        "bookingid": 443
    },
    {
        "bookingid": 3208
    },
    {
        "bookingid": 4197
    },
    {
        "bookingid": 4998
    },
    {
        "bookingid": 3352
    },
    {
        "bookingid": 2947
    },
    {
        "bookingid": 4916
    },
    {
        "bookingid": 2492
    },
    {
        "bookingid": 2587
    },
    {
        "bookingid": 3867
    },
    {
        "bookingid": 1303
    },
    {
        "bookingid": 2821
    },
    {
        "bookingid": 1199
    },
    {
        "bookingid": 2111
    },
    {
        "bookingid": 492
    },
    {
        "bookingid": 1692
    },
    {
        "bookingid": 4448
    },
    {
        "bookingid": 3591
    },
    {
        "bookingid": 2431
    },
    {
        "bookingid": 24
    },
    {
        "bookingid": 394
    },
    {
        "bookingid": 2782
    },
    {
        "bookingid": 4373
    },
    {
        "bookingid": 348
    },
    {
        "bookingid": 4754
    },
    {
        "bookingid": 2527
    },
    {
        "bookingid": 2091
    },
    {
        "bookingid": 2526
    },
    {
        "bookingid": 1195
    },
    {
        "bookingid": 4439
    },
    {
        "bookingid": 1079
    },
    {
        "bookingid": 157
    },
    {
        "bookingid": 3327
    },
    {
        "bookingid": 29
    },
    {
        "bookingid": 206
    },
    {
        "bookingid": 2066
    },
    {
        "bookingid": 3759
    },
    {
        "bookingid": 71
    },
    {
        "bookingid": 2990
    },
    {
        "bookingid": 1559
    },
    {
        "bookingid": 657
    },
    {
        "bookingid": 1608
    },
    {
        "bookingid": 1029
    },
    {
        "bookingid": 1670
    },
    {
        "bookingid": 3936
    },
    {
        "bookingid": 3385
    },
    {
        "bookingid": 4000
    },
    {
        "bookingid": 947
    },
    {
        "bookingid": 544
    },
    {
        "bookingid": 4129
    },
    {
        "bookingid": 1948
    },
    {
        "bookingid": 2740
    },
    {
        "bookingid": 4588
    },
    {
        "bookingid": 3951
    },
    {
        "bookingid": 318
    },
    {
        "bookingid": 4600
    },
    {
        "bookingid": 1953
    },
    {
        "bookingid": 4491
    },
    {
        "bookingid": 810
    },
    {
        "bookingid": 1555
    },
    {
        "bookingid": 3581
    },
    {
        "bookingid": 3544
    },
    {
        "bookingid": 965
    },
    {
        "bookingid": 3883
    },
    {
        "bookingid": 39
    },
    {
        "bookingid": 3055
    },
    {
        "bookingid": 2579
    },
    {
        "bookingid": 4757
    },
    {
        "bookingid": 3636
    },
    {
        "bookingid": 215
    },
    {
        "bookingid": 3387
    },
    {
        "bookingid": 3053
    },
    {
        "bookingid": 3087
    },
    {
        "bookingid": 217
    },
    {
        "bookingid": 4614
    },
    {
        "bookingid": 2256
    },
    {
        "bookingid": 499
    },
    {
        "bookingid": 597
    },
    {
        "bookingid": 2281
    },
    {
        "bookingid": 1846
    },
    {
        "bookingid": 2292
    },
    {
        "bookingid": 2176
    },
    {
        "bookingid": 4013
    },
    {
        "bookingid": 3809
    },
    {
        "bookingid": 209
    },
    {
        "bookingid": 4864
    },
    {
        "bookingid": 1959
    },
    {
        "bookingid": 1684
    },
    {
        "bookingid": 4961
    },
    {
        "bookingid": 2637
    },
    {
        "bookingid": 2572
    },
    {
        "bookingid": 362
    },
    {
        "bookingid": 108
    },
    {
        "bookingid": 2330
    },
    {
        "bookingid": 3405
    },
    {
        "bookingid": 3671
    },
    {
        "bookingid": 5028
    },
    {
        "bookingid": 4229
    },
    {
        "bookingid": 644
    },
    {
        "bookingid": 4489
    },
    {
        "bookingid": 2634
    },
    {
        "bookingid": 2888
    },
    {
        "bookingid": 4109
    },
    {
        "bookingid": 929
    },
    {
        "bookingid": 3348
    },
    {
        "bookingid": 3683
    },
    {
        "bookingid": 4693
    },
    {
        "bookingid": 729
    },
    {
        "bookingid": 4883
    },
    {
        "bookingid": 1092
    },
    {
        "bookingid": 2964
    },
    {
        "bookingid": 97
    },
    {
        "bookingid": 3914
    },
    {
        "bookingid": 2755
    },
    {
        "bookingid": 201
    },
    {
        "bookingid": 1502
    },
    {
        "bookingid": 1474
    },
    {
        "bookingid": 401
    },
    {
        "bookingid": 3305
    },
    {
        "bookingid": 4340
    },
    {
        "bookingid": 1905
    },
    {
        "bookingid": 3288
    },
    {
        "bookingid": 1706
    },
    {
        "bookingid": 1077
    },
    {
        "bookingid": 2366
    },
    {
        "bookingid": 3638
    },
    {
        "bookingid": 1805
    },
    {
        "bookingid": 4185
    },
    {
        "bookingid": 77
    },
    {
        "bookingid": 3108
    },
    {
        "bookingid": 797
    },
    {
        "bookingid": 4321
    },
    {
        "bookingid": 1960
    },
    {
        "bookingid": 1788
    },
    {
        "bookingid": 1381
    },
    {
        "bookingid": 2539
    },
    {
        "bookingid": 52
    },
    {
        "bookingid": 3247
    },
    {
        "bookingid": 3321
    },
    {
        "bookingid": 1808
    },
    {
        "bookingid": 3705
    },
    {
        "bookingid": 2742
    },
    {
        "bookingid": 4889
    },
    {
        "bookingid": 4791
    },
    {
        "bookingid": 1825
    },
    {
        "bookingid": 3538
    },
    {
        "bookingid": 2143
    },
    {
        "bookingid": 525
    },
    {
        "bookingid": 4860
    },
    {
        "bookingid": 4727
    },
    {
        "bookingid": 2765
    },
    {
        "bookingid": 4477
    },
    {
        "bookingid": 1813
    },
    {
        "bookingid": 507
    },
    {
        "bookingid": 1647
    },
    {
        "bookingid": 4235
    },
    {
        "bookingid": 4652
    },
    {
        "bookingid": 1915
    },
    {
        "bookingid": 188
    },
    {
        "bookingid": 4296
    },
    {
        "bookingid": 2381
    },
    {
        "bookingid": 1977
    },
    {
        "bookingid": 4781
    },
    {
        "bookingid": 3941
    },
    {
        "bookingid": 1976
    },
    {
        "bookingid": 371
    },
    {
        "bookingid": 2898
    },
    {
        "bookingid": 3213
    },
    {
        "bookingid": 821
    },
    {
        "bookingid": 3562
    },
    {
        "bookingid": 1869
    },
    {
        "bookingid": 328
    },
    {
        "bookingid": 1957
    },
    {
        "bookingid": 1003
    },
    {
        "bookingid": 2654
    },
    {
        "bookingid": 857
    },
    {
        "bookingid": 2207
    },
    {
        "bookingid": 458
    },
    {
        "bookingid": 708
    },
    {
        "bookingid": 2137
    },
    {
        "bookingid": 1382
    },
    {
        "bookingid": 485
    },
    {
        "bookingid": 98
    },
    {
        "bookingid": 4056
    },
    {
        "bookingid": 1128
    },
    {
        "bookingid": 127
    },
    {
        "bookingid": 568
    },
    {
        "bookingid": 487
    },
    {
        "bookingid": 3083
    },
    {
        "bookingid": 2717
    },
    {
        "bookingid": 2646
    },
    {
        "bookingid": 1727
    },
    {
        "bookingid": 3882
    },
    {
        "bookingid": 3005
    },
    {
        "bookingid": 4285
    },
    {
        "bookingid": 1943
    },
    {
        "bookingid": 1491
    },
    {
        "bookingid": 4767
    },
    {
        "bookingid": 2866
    },
    {
        "bookingid": 3278
    },
    {
        "bookingid": 1317
    },
    {
        "bookingid": 3960
    },
    {
        "bookingid": 3732
    },
    {
        "bookingid": 908
    },
    {
        "bookingid": 1554
    },
    {
        "bookingid": 2085
    },
    {
        "bookingid": 4429
    },
    {
        "bookingid": 4848
    },
    {
        "bookingid": 993
    },
    {
        "bookingid": 4221
    },
    {
        "bookingid": 2625
    },
    {
        "bookingid": 2386
    },
    {
        "bookingid": 4573
    },
    {
        "bookingid": 1864
    },
    {
        "bookingid": 3142
    },
    {
        "bookingid": 2693
    },
    {
        "bookingid": 1616
    },
    {
        "bookingid": 845
    },
    {
        "bookingid": 2664
    },
    {
        "bookingid": 4980
    },
    {
        "bookingid": 1656
    },
    {
        "bookingid": 4941
    },
    {
        "bookingid": 4064
    },
    {
        "bookingid": 370
    },
    {
        "bookingid": 4070
    },
    {
        "bookingid": 4068
    },
    {
        "bookingid": 2643
    },
    {
        "bookingid": 4186
    },
    {
        "bookingid": 2725
    },
    {
        "bookingid": 2464
    },
    {
        "bookingid": 4245
    },
    {
        "bookingid": 987
    },
    {
        "bookingid": 48
    },
    {
        "bookingid": 3124
    },
    {
        "bookingid": 3811
    },
    {
        "bookingid": 5019
    },
    {
        "bookingid": 1865
    },
    {
        "bookingid": 1949
    },
    {
        "bookingid": 1255
    },
    {
        "bookingid": 2064
    },
    {
        "bookingid": 4594
    },
    {
        "bookingid": 4206
    },
    {
        "bookingid": 3092
    },
    {
        "bookingid": 3308
    },
    {
        "bookingid": 4230
    },
    {
        "bookingid": 103
    },
    {
        "bookingid": 4734
    },
    {
        "bookingid": 3856
    },
    {
        "bookingid": 196
    },
    {
        "bookingid": 3445
    },
    {
        "bookingid": 678
    },
    {
        "bookingid": 2214
    },
    {
        "bookingid": 1053
    },
    {
        "bookingid": 2934
    },
    {
        "bookingid": 3994
    },
    {
        "bookingid": 185
    },
    {
        "bookingid": 1119
    },
    {
        "bookingid": 545
    },
    {
        "bookingid": 4009
    },
    {
        "bookingid": 3248
    },
    {
        "bookingid": 899
    },
    {
        "bookingid": 4393
    },
    {
        "bookingid": 2983
    },
    {
        "bookingid": 2471
    },
    {
        "bookingid": 3606
    },
    {
        "bookingid": 742
    },
    {
        "bookingid": 4057
    },
    {
        "bookingid": 2318
    },
    {
        "bookingid": 2351
    },
    {
        "bookingid": 2662
    },
    {
        "bookingid": 2652
    },
    {
        "bookingid": 3058
    },
    {
        "bookingid": 3745
    },
    {
        "bookingid": 2932
    },
    {
        "bookingid": 2690
    },
    {
        "bookingid": 3235
    },
    {
        "bookingid": 1610
    },
    {
        "bookingid": 174
    },
    {
        "bookingid": 4853
    },
    {
        "bookingid": 3063
    },
    {
        "bookingid": 3780
    },
    {
        "bookingid": 286
    },
    {
        "bookingid": 2474
    },
    {
        "bookingid": 4952
    },
    {
        "bookingid": 2023
    },
    {
        "bookingid": 2075
    },
    {
        "bookingid": 834
    },
    {
        "bookingid": 4538
    },
    {
        "bookingid": 1475
    },
    {
        "bookingid": 2864
    },
    {
        "bookingid": 2552
    },
    {
        "bookingid": 2867
    },
    {
        "bookingid": 4597
    },
    {
        "bookingid": 1842
    },
    {
        "bookingid": 2825
    },
    {
        "bookingid": 4363
    },
    {
        "bookingid": 3356
    },
    {
        "bookingid": 794
    },
    {
        "bookingid": 4176
    },
    {
        "bookingid": 12
    },
    {
        "bookingid": 2899
    },
    {
        "bookingid": 2372
    },
    {
        "bookingid": 3242
    },
    {
        "bookingid": 3516
    },
    {
        "bookingid": 654
    },
    {
        "bookingid": 1860
    },
    {
        "bookingid": 3379
    },
    {
        "bookingid": 1817
    },
    {
        "bookingid": 1979
    },
    {
        "bookingid": 1035
    },
    {
        "bookingid": 4502
    },
    {
        "bookingid": 2714
    },
    {
        "bookingid": 2824
    },
    {
        "bookingid": 4359
    },
    {
        "bookingid": 968
    },
    {
        "bookingid": 4926
    },
    {
        "bookingid": 4082
    },
    {
        "bookingid": 147
    },
    {
        "bookingid": 3783
    },
    {
        "bookingid": 2046
    },
    {
        "bookingid": 4703
    },
    {
        "bookingid": 750
    },
    {
        "bookingid": 4847
    },
    {
        "bookingid": 5026
    },
    {
        "bookingid": 2735
    },
    {
        "bookingid": 3450
    },
    {
        "bookingid": 684
    },
    {
        "bookingid": 1337
    },
    {
        "bookingid": 3153
    },
    {
        "bookingid": 3894
    },
    {
        "bookingid": 4872
    },
    {
        "bookingid": 3788
    },
    {
        "bookingid": 3583
    },
    {
        "bookingid": 3492
    },
    {
        "bookingid": 1117
    },
    {
        "bookingid": 4592
    },
    {
        "bookingid": 4789
    },
    {
        "bookingid": 1252
    },
    {
        "bookingid": 2846
    },
    {
        "bookingid": 409
    },
    {
        "bookingid": 733
    },
    {
        "bookingid": 4935
    },
    {
        "bookingid": 3729
    },
    {
        "bookingid": 1383
    },
    {
        "bookingid": 789
    },
    {
        "bookingid": 1978
    },
    {
        "bookingid": 2657
    },
    {
        "bookingid": 4332
    },
    {
        "bookingid": 3204
    },
    {
        "bookingid": 3188
    },
    {
        "bookingid": 3139
    },
    {
        "bookingid": 855
    },
    {
        "bookingid": 1968
    },
    {
        "bookingid": 1654
    },
    {
        "bookingid": 3794
    },
    {
        "bookingid": 3913
    },
    {
        "bookingid": 4045
    },
    {
        "bookingid": 1091
    },
    {
        "bookingid": 1807
    },
    {
        "bookingid": 1277
    },
    {
        "bookingid": 4077
    },
    {
        "bookingid": 3795
    },
    {
        "bookingid": 271
    },
    {
        "bookingid": 4341
    },
    {
        "bookingid": 1583
    },
    {
        "bookingid": 4457
    },
    {
        "bookingid": 3010
    },
    {
        "bookingid": 2101
    },
    {
        "bookingid": 3933
    },
    {
        "bookingid": 3947
    },
    {
        "bookingid": 3466
    },
    {
        "bookingid": 4248
    },
    {
        "bookingid": 3992
    },
    {
        "bookingid": 731
    },
    {
        "bookingid": 3030
    },
    {
        "bookingid": 2806
    },
    {
        "bookingid": 2727
    },
    {
        "bookingid": 2570
    },
    {
        "bookingid": 2995
    },
    {
        "bookingid": 2807
    },
    {
        "bookingid": 2112
    },
    {
        "bookingid": 4851
    },
    {
        "bookingid": 1099
    },
    {
        "bookingid": 2063
    },
    {
        "bookingid": 3484
    },
    {
        "bookingid": 1159
    },
    {
        "bookingid": 2108
    },
    {
        "bookingid": 123
    },
    {
        "bookingid": 759
    },
    {
        "bookingid": 4540
    },
    {
        "bookingid": 3545
    },
    {
        "bookingid": 3662
    },
    {
        "bookingid": 2021
    },
    {
        "bookingid": 2301
    },
    {
        "bookingid": 393
    },
    {
        "bookingid": 560
    },
    {
        "bookingid": 1889
    },
    {
        "bookingid": 1120
    },
    {
        "bookingid": 914
    },
    {
        "bookingid": 4438
    },
    {
        "bookingid": 2877
    },
    {
        "bookingid": 3012
    },
    {
        "bookingid": 3691
    },
    {
        "bookingid": 2822
    },
    {
        "bookingid": 4053
    },
    {
        "bookingid": 3515
    },
    {
        "bookingid": 2484
    },
    {
        "bookingid": 1991
    },
    {
        "bookingid": 4905
    },
    {
        "bookingid": 1624
    },
    {
        "bookingid": 4841
    },
    {
        "bookingid": 1191
    },
    {
        "bookingid": 510
    },
    {
        "bookingid": 966
    },
    {
        "bookingid": 1280
    },
    {
        "bookingid": 1659
    },
    {
        "bookingid": 2817
    },
    {
        "bookingid": 2127
    },
    {
        "bookingid": 4964
    },
    {
        "bookingid": 4607
    },
    {
        "bookingid": 3344
    },
    {
        "bookingid": 1676
    },
    {
        "bookingid": 542
    },
    {
        "bookingid": 327
    },
    {
        "bookingid": 1186
    },
    {
        "bookingid": 3743
    },
    {
        "bookingid": 3472
    },
    {
        "bookingid": 4526
    },
    {
        "bookingid": 1462
    },
    {
        "bookingid": 3453
    },
    {
        "bookingid": 4475
    },
    {
        "bookingid": 1108
    },
    {
        "bookingid": 3279
    },
    {
        "bookingid": 119
    },
    {
        "bookingid": 837
    },
    {
        "bookingid": 3912
    },
    {
        "bookingid": 2260
    },
    {
        "bookingid": 4817
    },
    {
        "bookingid": 4207
    },
    {
        "bookingid": 2929
    },
    {
        "bookingid": 626
    },
    {
        "bookingid": 4768
    },
    {
        "bookingid": 4605
    },
    {
        "bookingid": 2952
    },
    {
        "bookingid": 3259
    },
    {
        "bookingid": 3316
    },
    {
        "bookingid": 4943
    },
    {
        "bookingid": 263
    },
    {
        "bookingid": 3512
    },
    {
        "bookingid": 3192
    },
    {
        "bookingid": 758
    },
    {
        "bookingid": 1241
    },
    {
        "bookingid": 1751
    },
    {
        "bookingid": 189
    },
    {
        "bookingid": 2724
    },
    {
        "bookingid": 2989
    },
    {
        "bookingid": 4799
    },
    {
        "bookingid": 636
    },
    {
        "bookingid": 1075
    },
    {
        "bookingid": 255
    },
    {
        "bookingid": 4535
    },
    {
        "bookingid": 3694
    },
    {
        "bookingid": 1914
    },
    {
        "bookingid": 793
    },
    {
        "bookingid": 2814
    },
    {
        "bookingid": 4234
    },
    {
        "bookingid": 1815
    },
    {
        "bookingid": 608
    },
    {
        "bookingid": 1877
    },
    {
        "bookingid": 146
    },
    {
        "bookingid": 1368
    },
    {
        "bookingid": 1206
    },
    {
        "bookingid": 312
    },
    {
        "bookingid": 1746
    },
    {
        "bookingid": 2342
    },
    {
        "bookingid": 3409
    },
    {
        "bookingid": 4881
    },
    {
        "bookingid": 356
    },
    {
        "bookingid": 4217
    },
    {
        "bookingid": 3494
    },
    {
        "bookingid": 4027
    },
    {
        "bookingid": 3983
    },
    {
        "bookingid": 1228
    },
    {
        "bookingid": 1645
    },
    {
        "bookingid": 1732
    },
    {
        "bookingid": 459
    },
    {
        "bookingid": 695
    },
    {
        "bookingid": 4069
    },
    {
        "bookingid": 3363
    },
    {
        "bookingid": 457
    },
    {
        "bookingid": 194
    },
    {
        "bookingid": 107
    },
    {
        "bookingid": 2084
    },
    {
        "bookingid": 787
    },
    {
        "bookingid": 3874
    },
    {
        "bookingid": 572
    },
    {
        "bookingid": 1981
    },
    {
        "bookingid": 1285
    },
    {
        "bookingid": 3134
    },
    {
        "bookingid": 4994
    },
    {
        "bookingid": 1398
    },
    {
        "bookingid": 4364
    },
    {
        "bookingid": 962
    },
    {
        "bookingid": 1638
    },
    {
        "bookingid": 63
    },
    {
        "bookingid": 2723
    },
    {
        "bookingid": 3294
    },
    {
        "bookingid": 3384
    },
    {
        "bookingid": 2710
    },
    {
        "bookingid": 3742
    },
    {
        "bookingid": 3556
    },
    {
        "bookingid": 3682
    },
    {
        "bookingid": 4233
    },
    {
        "bookingid": 3355
    },
    {
        "bookingid": 2284
    },
    {
        "bookingid": 1198
    },
    {
        "bookingid": 1054
    },
    {
        "bookingid": 1722
    },
    {
        "bookingid": 2992
    },
    {
        "bookingid": 3608
    },
    {
        "bookingid": 3747
    },
    {
        "bookingid": 2183
    },
    {
        "bookingid": 3377
    },
    {
        "bookingid": 4792
    },
    {
        "bookingid": 4309
    },
    {
        "bookingid": 3903
    },
    {
        "bookingid": 14
    },
    {
        "bookingid": 2744
    },
    {
        "bookingid": 2408
    },
    {
        "bookingid": 3149
    },
    {
        "bookingid": 1958
    },
    {
        "bookingid": 5017
    },
    {
        "bookingid": 1719
    },
    {
        "bookingid": 4511
    },
    {
        "bookingid": 80
    },
    {
        "bookingid": 4797
    },
    {
        "bookingid": 2973
    },
    {
        "bookingid": 3669
    },
    {
        "bookingid": 4955
    },
    {
        "bookingid": 76
    },
    {
        "bookingid": 4264
    },
    {
        "bookingid": 3403
    },
    {
        "bookingid": 358
    },
    {
        "bookingid": 4812
    },
    {
        "bookingid": 1573
    },
    {
        "bookingid": 4753
    },
    {
        "bookingid": 1924
    },
    {
        "bookingid": 1999
    },
    {
        "bookingid": 1699
    },
    {
        "bookingid": 1683
    },
    {
        "bookingid": 3412
    },
    {
        "bookingid": 578
    },
    {
        "bookingid": 3719
    },
    {
        "bookingid": 1125
    },
    {
        "bookingid": 660
    },
    {
        "bookingid": 2553
    },
    {
        "bookingid": 3970
    },
    {
        "bookingid": 4919
    },
    {
        "bookingid": 2120
    },
    {
        "bookingid": 2392
    },
    {
        "bookingid": 1466
    },
    {
        "bookingid": 2441
    },
    {
        "bookingid": 2588
    },
    {
        "bookingid": 197
    },
    {
        "bookingid": 2283
    },
    {
        "bookingid": 2307
    },
    {
        "bookingid": 1900
    },
    {
        "bookingid": 3393
    },
    {
        "bookingid": 1026
    },
    {
        "bookingid": 2567
    },
    {
        "bookingid": 4583
    },
    {
        "bookingid": 420
    },
    {
        "bookingid": 4149
    },
    {
        "bookingid": 415
    },
    {
        "bookingid": 2496
    },
    {
        "bookingid": 1892
    },
    {
        "bookingid": 2476
    },
    {
        "bookingid": 4698
    },
    {
        "bookingid": 4970
    },
    {
        "bookingid": 3717
    },
    {
        "bookingid": 4178
    },
    {
        "bookingid": 3152
    },
    {
        "bookingid": 1276
    },
    {
        "bookingid": 2753
    },
    {
        "bookingid": 1109
    },
    {
        "bookingid": 1750
    },
    {
        "bookingid": 865
    },
    {
        "bookingid": 4182
    },
    {
        "bookingid": 548
    },
    {
        "bookingid": 2772
    },
    {
        "bookingid": 956
    },
    {
        "bookingid": 867
    },
    {
        "bookingid": 1188
    },
    {
        "bookingid": 1965
    },
    {
        "bookingid": 1536
    },
    {
        "bookingid": 294
    },
    {
        "bookingid": 1711
    },
    {
        "bookingid": 3974
    },
    {
        "bookingid": 2367
    },
    {
        "bookingid": 3399
    },
    {
        "bookingid": 541
    },
    {
        "bookingid": 1942
    },
    {
        "bookingid": 4697
    },
    {
        "bookingid": 925
    },
    {
        "bookingid": 1210
    },
    {
        "bookingid": 1229
    },
    {
        "bookingid": 988
    },
    {
        "bookingid": 4425
    },
    {
        "bookingid": 3968
    },
    {
        "bookingid": 1827
    },
    {
        "bookingid": 3876
    },
    {
        "bookingid": 4422
    },
    {
        "bookingid": 3688
    },
    {
        "bookingid": 122
    },
    {
        "bookingid": 4515
    },
    {
        "bookingid": 4292
    },
    {
        "bookingid": 1110
    },
    {
        "bookingid": 2171
    },
    {
        "bookingid": 4938
    },
    {
        "bookingid": 110
    },
    {
        "bookingid": 152
    },
    {
        "bookingid": 2538
    },
    {
        "bookingid": 4886
    },
    {
        "bookingid": 2878
    },
    {
        "bookingid": 2368
    },
    {
        "bookingid": 4133
    },
    {
        "bookingid": 3549
    },
    {
        "bookingid": 429
    },
    {
        "bookingid": 4667
    },
    {
        "bookingid": 2205
    },
    {
        "bookingid": 352
    },
    {
        "bookingid": 2489
    },
    {
        "bookingid": 4392
    },
    {
        "bookingid": 2493
    },
    {
        "bookingid": 2522
    },
    {
        "bookingid": 4963
    },
    {
        "bookingid": 826
    },
    {
        "bookingid": 719
    },
    {
        "bookingid": 330
    },
    {
        "bookingid": 1855
    },
    {
        "bookingid": 2119
    },
    {
        "bookingid": 1062
    },
    {
        "bookingid": 4339
    },
    {
        "bookingid": 1637
    },
    {
        "bookingid": 1104
    },
    {
        "bookingid": 3886
    },
    {
        "bookingid": 1989
    },
    {
        "bookingid": 3353
    },
    {
        "bookingid": 4260
    },
    {
        "bookingid": 3366
    },
    {
        "bookingid": 4743
    },
    {
        "bookingid": 3812
    },
    {
        "bookingid": 1591
    },
    {
        "bookingid": 4862
    },
    {
        "bookingid": 3341
    },
    {
        "bookingid": 182
    },
    {
        "bookingid": 161
    },
    {
        "bookingid": 4873
    },
    {
        "bookingid": 116
    },
    {
        "bookingid": 1921
    },
    {
        "bookingid": 3277
    },
    {
        "bookingid": 2495
    },
    {
        "bookingid": 869
    },
    {
        "bookingid": 2852
    },
    {
        "bookingid": 2113
    },
    {
        "bookingid": 2858
    },
    {
        "bookingid": 1748
    },
    {
        "bookingid": 89
    },
    {
        "bookingid": 1704
    },
    {
        "bookingid": 2293
    },
    {
        "bookingid": 3800
    },
    {
        "bookingid": 1819
    },
    {
        "bookingid": 3643
    },
    {
        "bookingid": 2601
    },
    {
        "bookingid": 2360
    },
    {
        "bookingid": 930
    },
    {
        "bookingid": 2074
    },
    {
        "bookingid": 462
    },
    {
        "bookingid": 1348
    },
    {
        "bookingid": 3696
    },
    {
        "bookingid": 4433
    },
    {
        "bookingid": 3364
    },
    {
        "bookingid": 184
    },
    {
        "bookingid": 3197
    },
    {
        "bookingid": 4342
    },
    {
        "bookingid": 4326
    },
    {
        "bookingid": 1944
    },
    {
        "bookingid": 111
    },
    {
        "bookingid": 2363
    },
    {
        "bookingid": 2478
    },
    {
        "bookingid": 2661
    },
    {
        "bookingid": 4083
    },
    {
        "bookingid": 4004
    },
    {
        "bookingid": 937
    },
    {
        "bookingid": 13
    },
    {
        "bookingid": 3625
    },
    {
        "bookingid": 1256
    },
    {
        "bookingid": 1370
    },
    {
        "bookingid": 3193
    },
    {
        "bookingid": 192
    },
    {
        "bookingid": 4042
    },
    {
        "bookingid": 3701
    },
    {
        "bookingid": 369
    },
    {
        "bookingid": 1529
    },
    {
        "bookingid": 4471
    },
    {
        "bookingid": 2061
    },
    {
        "bookingid": 2687
    },
    {
        "bookingid": 1207
    },
    {
        "bookingid": 1168
    },
    {
        "bookingid": 2497
    },
    {
        "bookingid": 3945
    },
    {
        "bookingid": 1300
    },
    {
        "bookingid": 3918
    },
    {
        "bookingid": 1192
    },
    {
        "bookingid": 999
    },
    {
        "bookingid": 2022
    },
    {
        "bookingid": 283
    },
    {
        "bookingid": 3488
    },
    {
        "bookingid": 4089
    },
    {
        "bookingid": 160
    },
    {
        "bookingid": 4164
    },
    {
        "bookingid": 1367
    },
    {
        "bookingid": 489
    },
    {
        "bookingid": 1096
    },
    {
        "bookingid": 242
    },
    {
        "bookingid": 4637
    },
    {
        "bookingid": 2404
    },
    {
        "bookingid": 3991
    },
    {
        "bookingid": 3215
    },
    {
        "bookingid": 2510
    },
    {
        "bookingid": 3243
    },
    {
        "bookingid": 1845
    },
    {
        "bookingid": 622
    },
    {
        "bookingid": 1774
    },
    {
        "bookingid": 756
    },
    {
        "bookingid": 765
    },
    {
        "bookingid": 60
    },
    {
        "bookingid": 959
    },
    {
        "bookingid": 2624
    },
    {
        "bookingid": 2265
    },
    {
        "bookingid": 1908
    },
    {
        "bookingid": 1939
    },
    {
        "bookingid": 3666
    },
    {
        "bookingid": 1668
    },
    {
        "bookingid": 628
    },
    {
        "bookingid": 3844
    },
    {
        "bookingid": 1791
    },
    {
        "bookingid": 3677
    },
    {
        "bookingid": 1542
    },
    {
        "bookingid": 3123
    },
    {
        "bookingid": 4934
    },
    {
        "bookingid": 1420
    },
    {
        "bookingid": 1287
    },
    {
        "bookingid": 780
    },
    {
        "bookingid": 2617
    },
    {
        "bookingid": 2805
    },
    {
        "bookingid": 4764
    },
    {
        "bookingid": 3986
    },
    {
        "bookingid": 2604
    },
    {
        "bookingid": 1200
    },
    {
        "bookingid": 377
    },
    {
        "bookingid": 583
    },
    {
        "bookingid": 4670
    },
    {
        "bookingid": 4144
    },
    {
        "bookingid": 3312
    },
    {
        "bookingid": 364
    },
    {
        "bookingid": 2923
    },
    {
        "bookingid": 3095
    },
    {
        "bookingid": 3251
    },
    {
        "bookingid": 1543
    },
    {
        "bookingid": 4808
    },
    {
        "bookingid": 2979
    },
    {
        "bookingid": 4367
    },
    {
        "bookingid": 4622
    },
    {
        "bookingid": 2300
    },
    {
        "bookingid": 3181
    },
    {
        "bookingid": 1990
    },
    {
        "bookingid": 3226
    },
    {
        "bookingid": 2556
    },
    {
        "bookingid": 4277
    },
    {
        "bookingid": 43
    },
    {
        "bookingid": 3203
    },
    {
        "bookingid": 4512
    },
    {
        "bookingid": 163
    },
    {
        "bookingid": 3143
    },
    {
        "bookingid": 5000
    },
    {
        "bookingid": 2614
    },
    {
        "bookingid": 2096
    },
    {
        "bookingid": 2551
    },
    {
        "bookingid": 842
    },
    {
        "bookingid": 1390
    },
    {
        "bookingid": 2613
    },
    {
        "bookingid": 707
    },
    {
        "bookingid": 676
    },
    {
        "bookingid": 2025
    },
    {
        "bookingid": 4925
    },
    {
        "bookingid": 159
    },
    {
        "bookingid": 4276
    },
    {
        "bookingid": 31
    },
    {
        "bookingid": 3258
    },
    {
        "bookingid": 67
    },
    {
        "bookingid": 148
    },
    {
        "bookingid": 3627
    },
    {
        "bookingid": 4869
    },
    {
        "bookingid": 552
    },
    {
        "bookingid": 2303
    },
    {
        "bookingid": 4037
    },
    {
        "bookingid": 448
    },
    {
        "bookingid": 2559
    },
    {
        "bookingid": 2160
    },
    {
        "bookingid": 2449
    },
    {
        "bookingid": 3338
    },
    {
        "bookingid": 4138
    },
    {
        "bookingid": 3921
    },
    {
        "bookingid": 1051
    },
    {
        "bookingid": 130
    },
    {
        "bookingid": 3804
    },
    {
        "bookingid": 4533
    },
    {
        "bookingid": 3755
    },
    {
        "bookingid": 1849
    },
    {
        "bookingid": 3511
    },
    {
        "bookingid": 22
    },
    {
        "bookingid": 4610
    },
    {
        "bookingid": 1712
    },
    {
        "bookingid": 4328
    },
    {
        "bookingid": 1150
    },
    {
        "bookingid": 4208
    },
    {
        "bookingid": 1033
    },
    {
        "bookingid": 169
    },
    {
        "bookingid": 2182
    },
    {
        "bookingid": 777
    },
    {
        "bookingid": 1782
    },
    {
        "bookingid": 3764
    },
    {
        "bookingid": 2948
    },
    {
        "bookingid": 1361
    },
    {
        "bookingid": 3846
    },
    {
        "bookingid": 3621
    },
    {
        "bookingid": 4241
    },
    {
        "bookingid": 607
    },
    {
        "bookingid": 4899
    },
    {
        "bookingid": 4804
    },
    {
        "bookingid": 3036
    },
    {
        "bookingid": 2557
    },
    {
        "bookingid": 1185
    },
    {
        "bookingid": 497
    },
    {
        "bookingid": 2376
    },
    {
        "bookingid": 4293
    },
    {
        "bookingid": 918
    },
    {
        "bookingid": 3376
    },
    {
        "bookingid": 2688
    },
    {
        "bookingid": 4704
    },
    {
        "bookingid": 2201
    },
    {
        "bookingid": 3423
    },
    {
        "bookingid": 1723
    },
    {
        "bookingid": 2869
    },
    {
        "bookingid": 1757
    },
    {
        "bookingid": 1458
    },
    {
        "bookingid": 1071
    },
    {
        "bookingid": 4366
    },
    {
        "bookingid": 4810
    },
    {
        "bookingid": 4568
    },
    {
        "bookingid": 4092
    },
    {
        "bookingid": 2216
    },
    {
        "bookingid": 472
    },
    {
        "bookingid": 1487
    },
    {
        "bookingid": 3207
    },
    {
        "bookingid": 2261
    },
    {
        "bookingid": 4120
    },
    {
        "bookingid": 1
    },
    {
        "bookingid": 972
    },
    {
        "bookingid": 454
    },
    {
        "bookingid": 4039
    },
    {
        "bookingid": 1510
    },
    {
        "bookingid": 846
    },
    {
        "bookingid": 2980
    },
    {
        "bookingid": 1829
    },
    {
        "bookingid": 1315
    },
    {
        "bookingid": 4587
    },
    {
        "bookingid": 528
    },
    {
        "bookingid": 4017
    },
    {
        "bookingid": 3731
    },
    {
        "bookingid": 954
    },
    {
        "bookingid": 3746
    },
    {
        "bookingid": 1161
    },
    {
        "bookingid": 3411
    },
    {
        "bookingid": 376
    },
    {
        "bookingid": 3961
    },
    {
        "bookingid": 10
    },
    {
        "bookingid": 4678
    },
    {
        "bookingid": 3360
    },
    {
        "bookingid": 1835
    },
    {
        "bookingid": 2812
    },
    {
        "bookingid": 4871
    },
    {
        "bookingid": 172
    },
    {
        "bookingid": 3228
    },
    {
        "bookingid": 1271
    },
    {
        "bookingid": 1325
    },
    {
        "bookingid": 1101
    },
    {
        "bookingid": 1923
    },
    {
        "bookingid": 1118
    },
    {
        "bookingid": 3420
    },
    {
        "bookingid": 2227
    },
    {
        "bookingid": 2874
    },
    {
        "bookingid": 1916
    },
    {
        "bookingid": 3337
    },
    {
        "bookingid": 2407
    },
    {
        "bookingid": 3572
    },
    {
        "bookingid": 3829
    },
    {
        "bookingid": 2991
    },
    {
        "bookingid": 4415
    },
    {
        "bookingid": 1700
    },
    {
        "bookingid": 4012
    },
    {
        "bookingid": 2405
    },
    {
        "bookingid": 1519
    },
    {
        "bookingid": 4123
    },
    {
        "bookingid": 1609
    },
    {
        "bookingid": 2019
    },
    {
        "bookingid": 2081
    },
    {
        "bookingid": 859
    },
    {
        "bookingid": 1786
    },
    {
        "bookingid": 1411
    },
    {
        "bookingid": 167
    },
    {
        "bookingid": 1166
    },
    {
        "bookingid": 144
    },
    {
        "bookingid": 4227
    },
    {
        "bookingid": 2834
    },
    {
        "bookingid": 4205
    },
    {
        "bookingid": 2757
    },
    {
        "bookingid": 3836
    },
    {
        "bookingid": 3493
    },
    {
        "bookingid": 3905
    },
    {
        "bookingid": 4124
    },
    {
        "bookingid": 1107
    },
    {
        "bookingid": 1896
    },
    {
        "bookingid": 2397
    },
    {
        "bookingid": 518
    },
    {
        "bookingid": 41
    },
    {
        "bookingid": 2607
    },
    {
        "bookingid": 3596
    },
    {
        "bookingid": 115
    },
    {
        "bookingid": 536
    },
    {
        "bookingid": 4660
    },
    {
        "bookingid": 2429
    },
    {
        "bookingid": 4111
    },
    {
        "bookingid": 49
    },
    {
        "bookingid": 843
    },
    {
        "bookingid": 4303
    },
    {
        "bookingid": 200
    },
    {
        "bookingid": 1072
    },
    {
        "bookingid": 1446
    },
    {
        "bookingid": 1994
    },
    {
        "bookingid": 3987
    },
    {
        "bookingid": 3028
    },
    {
        "bookingid": 4368
    },
    {
        "bookingid": 2325
    },
    {
        "bookingid": 3650
    },
    {
        "bookingid": 3649
    },
    {
        "bookingid": 2741
    },
    {
        "bookingid": 4301
    },
    {
        "bookingid": 4156
    },
    {
        "bookingid": 2628
    },
    {
        "bookingid": 4914
    },
    {
        "bookingid": 2215
    },
    {
        "bookingid": 4624
    },
    {
        "bookingid": 3522
    },
    {
        "bookingid": 3195
    },
    {
        "bookingid": 416
    },
    {
        "bookingid": 1430
    },
    {
        "bookingid": 1983
    },
    {
        "bookingid": 529
    },
    {
        "bookingid": 252
    },
    {
        "bookingid": 2048
    },
    {
        "bookingid": 2549
    },
    {
        "bookingid": 2135
    },
    {
        "bookingid": 2768
    },
    {
        "bookingid": 807
    },
    {
        "bookingid": 3813
    },
    {
        "bookingid": 893
    },
    {
        "bookingid": 2062
    },
    {
        "bookingid": 1020
    },
    {
        "bookingid": 996
    },
    {
        "bookingid": 2828
    },
    {
        "bookingid": 446
    },
    {
        "bookingid": 4852
    },
    {
        "bookingid": 2816
    },
    {
        "bookingid": 2438
    },
    {
        "bookingid": 1600
    },
    {
        "bookingid": 193
    },
    {
        "bookingid": 571
    },
    {
        "bookingid": 3744
    },
    {
        "bookingid": 3797
    },
    {
        "bookingid": 576
    },
    {
        "bookingid": 4126
    },
    {
        "bookingid": 2365
    },
    {
        "bookingid": 4673
    },
    {
        "bookingid": 4574
    },
    {
        "bookingid": 4729
    },
    {
        "bookingid": 2920
    },
    {
        "bookingid": 2280
    },
    {
        "bookingid": 2936
    },
    {
        "bookingid": 2480
    },
    {
        "bookingid": 4319
    },
    {
        "bookingid": 3027
    },
    {
        "bookingid": 2443
    },
    {
        "bookingid": 880
    },
    {
        "bookingid": 4473
    },
    {
        "bookingid": 142
    },
    {
        "bookingid": 853
    },
    {
        "bookingid": 3855
    },
    {
        "bookingid": 4428
    },
    {
        "bookingid": 379
    },
    {
        "bookingid": 1971
    },
    {
        "bookingid": 1160
    },
    {
        "bookingid": 2338
    },
    {
        "bookingid": 3225
    },
    {
        "bookingid": 1674
    },
    {
        "bookingid": 1135
    },
    {
        "bookingid": 4554
    },
    {
        "bookingid": 2618
    },
    {
        "bookingid": 3806
    },
    {
        "bookingid": 3000
    },
    {
        "bookingid": 3205
    },
    {
        "bookingid": 1789
    },
    {
        "bookingid": 3013
    },
    {
        "bookingid": 5021
    },
    {
        "bookingid": 3426
    },
    {
        "bookingid": 3958
    },
    {
        "bookingid": 2068
    },
    {
        "bookingid": 57
    },
    {
        "bookingid": 4868
    },
    {
        "bookingid": 1351
    },
    {
        "bookingid": 2411
    },
    {
        "bookingid": 1464
    },
    {
        "bookingid": 2295
    },
    {
        "bookingid": 973
    },
    {
        "bookingid": 1179
    },
    {
        "bookingid": 3835
    },
    {
        "bookingid": 3173
    },
    {
        "bookingid": 334
    },
    {
        "bookingid": 4596
    },
    {
        "bookingid": 2954
    },
    {
        "bookingid": 2686
    },
    {
        "bookingid": 191
    },
    {
        "bookingid": 4716
    },
    {
        "bookingid": 2833
    },
    {
        "bookingid": 3730
    },
    {
        "bookingid": 3724
    },
    {
        "bookingid": 38
    },
    {
        "bookingid": 879
    },
    {
        "bookingid": 2238
    },
    {
        "bookingid": 3011
    },
    {
        "bookingid": 4170
    },
    {
        "bookingid": 2965
    },
    {
        "bookingid": 3673
    },
    {
        "bookingid": 55
    },
    {
        "bookingid": 976
    },
    {
        "bookingid": 3708
    },
    {
        "bookingid": 4262
    },
    {
        "bookingid": 2949
    },
    {
        "bookingid": 3104
    },
    {
        "bookingid": 1885
    },
    {
        "bookingid": 4153
    },
    {
        "bookingid": 4344
    },
    {
        "bookingid": 68
    },
    {
        "bookingid": 2879
    },
    {
        "bookingid": 2072
    },
    {
        "bookingid": 4253
    },
    {
        "bookingid": 3081
    },
    {
        "bookingid": 372
    },
    {
        "bookingid": 61
    },
    {
        "bookingid": 4874
    },
    {
        "bookingid": 4090
    },
    {
        "bookingid": 1795
    },
    {
        "bookingid": 3592
    },
    {
        "bookingid": 2058
    },
    {
        "bookingid": 4059
    },
    {
        "bookingid": 5010
    },
    {
        "bookingid": 3381
    },
    {
        "bookingid": 2721
    },
    {
        "bookingid": 1268
    },
    {
        "bookingid": 4917
    },
    {
        "bookingid": 3893
    },
    {
        "bookingid": 3542
    },
    {
        "bookingid": 2109
    },
    {
        "bookingid": 1592
    },
    {
        "bookingid": 584
    },
    {
        "bookingid": 4214
    },
    {
        "bookingid": 2375
    },
    {
        "bookingid": 3112
    },
    {
        "bookingid": 2252
    },
    {
        "bookingid": 1950
    },
    {
        "bookingid": 1441
    },
    {
        "bookingid": 439
    },
    {
        "bookingid": 3586
    },
    {
        "bookingid": 2961
    },
    {
        "bookingid": 1439
    },
    {
        "bookingid": 5001
    },
    {
        "bookingid": 4490
    },
    {
        "bookingid": 2781
    },
    {
        "bookingid": 2700
    },
    {
        "bookingid": 3497
    },
    {
        "bookingid": 1567
    },
    {
        "bookingid": 360
    },
    {
        "bookingid": 3145
    },
    {
        "bookingid": 2009
    },
    {
        "bookingid": 1633
    },
    {
        "bookingid": 317
    },
    {
        "bookingid": 18
    },
    {
        "bookingid": 2097
    },
    {
        "bookingid": 427
    },
    {
        "bookingid": 1371
    },
    {
        "bookingid": 1459
    },
    {
        "bookingid": 2406
    },
    {
        "bookingid": 1313
    },
    {
        "bookingid": 4821
    },
    {
        "bookingid": 1862
    },
    {
        "bookingid": 3025
    },
    {
        "bookingid": 2047
    },
    {
        "bookingid": 3067
    },
    {
        "bookingid": 1435
    },
    {
        "bookingid": 910
    },
    {
        "bookingid": 166
    },
    {
        "bookingid": 1036
    },
    {
        "bookingid": 4784
    },
    {
        "bookingid": 4287
    },
    {
        "bookingid": 268
    },
    {
        "bookingid": 2037
    },
    {
        "bookingid": 3037
    },
    {
        "bookingid": 3821
    },
    {
        "bookingid": 2396
    },
    {
        "bookingid": 2246
    },
    {
        "bookingid": 2941
    },
    {
        "bookingid": 37
    },
    {
        "bookingid": 1357
    },
    {
        "bookingid": 2632
    },
    {
        "bookingid": 1833
    },
    {
        "bookingid": 1242
    },
    {
        "bookingid": 1181
    },
    {
        "bookingid": 4304
    },
    {
        "bookingid": 1917
    },
    {
        "bookingid": 2491
    },
    {
        "bookingid": 4404
    },
    {
        "bookingid": 2996
    },
    {
        "bookingid": 2823
    },
    {
        "bookingid": 1779
    },
    {
        "bookingid": 4472
    },
    {
        "bookingid": 3431
    },
    {
        "bookingid": 2942
    },
    {
        "bookingid": 4044
    },
    {
        "bookingid": 3478
    },
    {
        "bookingid": 781
    },
    {
        "bookingid": 874
    },
    {
        "bookingid": 2685
    },
    {
        "bookingid": 2642
    },
    {
        "bookingid": 2228
    },
    {
        "bookingid": 3599
    },
    {
        "bookingid": 2317
    },
    {
        "bookingid": 2691
    },
    {
        "bookingid": 4330
    },
    {
        "bookingid": 1339
    },
    {
        "bookingid": 4269
    },
    {
        "bookingid": 4378
    },
    {
        "bookingid": 1388
    },
    {
        "bookingid": 4499
    },
    {
        "bookingid": 2399
    },
    {
        "bookingid": 2787
    },
    {
        "bookingid": 990
    },
    {
        "bookingid": 4314
    },
    {
        "bookingid": 2519
    },
    {
        "bookingid": 915
    },
    {
        "bookingid": 903
    },
    {
        "bookingid": 2707
    },
    {
        "bookingid": 3620
    },
    {
        "bookingid": 3367
    },
    {
        "bookingid": 4705
    },
    {
        "bookingid": 4372
    },
    {
        "bookingid": 4723
    },
    {
        "bookingid": 3414
    },
    {
        "bookingid": 2166
    },
    {
        "bookingid": 480
    },
    {
        "bookingid": 3872
    },
    {
        "bookingid": 1409
    },
    {
        "bookingid": 4145
    },
    {
        "bookingid": 2165
    },
    {
        "bookingid": 974
    },
    {
        "bookingid": 2673
    },
    {
        "bookingid": 2536
    },
    {
        "bookingid": 4551
    },
    {
        "bookingid": 336
    },
    {
        "bookingid": 3165
    },
    {
        "bookingid": 1887
    },
    {
        "bookingid": 2241
    },
    {
        "bookingid": 1843
    },
    {
        "bookingid": 2077
    },
    {
        "bookingid": 4116
    },
    {
        "bookingid": 3422
    },
    {
        "bookingid": 4239
    },
    {
        "bookingid": 4988
    },
    {
        "bookingid": 1024
    },
    {
        "bookingid": 1594
    },
    {
        "bookingid": 4685
    },
    {
        "bookingid": 4270
    },
    {
        "bookingid": 3141
    },
    {
        "bookingid": 2953
    },
    {
        "bookingid": 665
    },
    {
        "bookingid": 1836
    },
    {
        "bookingid": 4029
    },
    {
        "bookingid": 1359
    },
    {
        "bookingid": 3099
    },
    {
        "bookingid": 331
    },
    {
        "bookingid": 1524
    },
    {
        "bookingid": 4352
    },
    {
        "bookingid": 3760
    },
    {
        "bookingid": 346
    },
    {
        "bookingid": 1940
    },
    {
        "bookingid": 1775
    },
    {
        "bookingid": 2930
    },
    {
        "bookingid": 1796
    },
    {
        "bookingid": 1763
    },
    {
        "bookingid": 913
    },
    {
        "bookingid": 4524
    },
    {
        "bookingid": 307
    },
    {
        "bookingid": 337
    },
    {
        "bookingid": 2589
    },
    {
        "bookingid": 3088
    },
    {
        "bookingid": 3223
    },
    {
        "bookingid": 1574
    },
    {
        "bookingid": 4790
    },
    {
        "bookingid": 3778
    },
    {
        "bookingid": 3234
    },
    {
        "bookingid": 1984
    },
    {
        "bookingid": 4482
    },
    {
        "bookingid": 2191
    },
    {
        "bookingid": 4920
    },
    {
        "bookingid": 4786
    },
    {
        "bookingid": 1418
    },
    {
        "bookingid": 1738
    },
    {
        "bookingid": 3390
    },
    {
        "bookingid": 3314
    },
    {
        "bookingid": 4338
    },
    {
        "bookingid": 4850
    },
    {
        "bookingid": 3347
    },
    {
        "bookingid": 889
    },
    {
        "bookingid": 2581
    },
    {
        "bookingid": 2282
    },
    {
        "bookingid": 2086
    },
    {
        "bookingid": 2696
    },
    {
        "bookingid": 4965
    },
    {
        "bookingid": 4505
    },
    {
        "bookingid": 3834
    },
    {
        "bookingid": 382
    },
    {
        "bookingid": 62
    },
    {
        "bookingid": 3241
    },
    {
        "bookingid": 3046
    },
    {
        "bookingid": 2520
    },
    {
        "bookingid": 3898
    },
    {
        "bookingid": 1973
    },
    {
        "bookingid": 1513
    },
    {
        "bookingid": 2354
    },
    {
        "bookingid": 4888
    },
    {
        "bookingid": 58
    },
    {
        "bookingid": 3183
    },
    {
        "bookingid": 3389
    },
    {
        "bookingid": 3517
    },
    {
        "bookingid": 4714
    },
    {
        "bookingid": 3651
    },
    {
        "bookingid": 1830
    },
    {
        "bookingid": 585
    },
    {
        "bookingid": 1831
    },
    {
        "bookingid": 3357
    },
    {
        "bookingid": 137
    },
    {
        "bookingid": 1322
    },
    {
        "bookingid": 3084
    },
    {
        "bookingid": 3723
    },
    {
        "bookingid": 3946
    },
    {
        "bookingid": 4055
    },
    {
        "bookingid": 4030
    },
    {
        "bookingid": 882
    },
    {
        "bookingid": 1505
    },
    {
        "bookingid": 3814
    },
    {
        "bookingid": 1894
    },
    {
        "bookingid": 574
    },
    {
        "bookingid": 3091
    },
    {
        "bookingid": 1744
    },
    {
        "bookingid": 4798
    },
    {
        "bookingid": 3900
    },
    {
        "bookingid": 1546
    },
    {
        "bookingid": 4413
    },
    {
        "bookingid": 4549
    },
    {
        "bookingid": 2442
    },
    {
        "bookingid": 1899
    },
    {
        "bookingid": 4689
    },
    {
        "bookingid": 3299
    },
    {
        "bookingid": 1116
    },
    {
        "bookingid": 1379
    },
    {
        "bookingid": 1740
    },
    {
        "bookingid": 599
    },
    {
        "bookingid": 4416
    },
    {
        "bookingid": 958
    },
    {
        "bookingid": 3607
    },
    {
        "bookingid": 4107
    },
    {
        "bookingid": 32
    },
    {
        "bookingid": 1651
    },
    {
        "bookingid": 2605
    },
    {
        "bookingid": 1038
    },
    {
        "bookingid": 4420
    },
    {
        "bookingid": 292
    },
    {
        "bookingid": 1934
    },
    {
        "bookingid": 2773
    },
    {
        "bookingid": 3222
    },
    {
        "bookingid": 1102
    },
    {
        "bookingid": 1549
    },
    {
        "bookingid": 3884
    },
    {
        "bookingid": 4023
    },
    {
        "bookingid": 3281
    },
    {
        "bookingid": 3926
    },
    {
        "bookingid": 4362
    },
    {
        "bookingid": 2663
    },
    {
        "bookingid": 3340
    },
    {
        "bookingid": 2726
    },
    {
        "bookingid": 2871
    },
    {
        "bookingid": 2195
    },
    {
        "bookingid": 1644
    },
    {
        "bookingid": 687
    },
    {
        "bookingid": 4959
    },
    {
        "bookingid": 602
    },
    {
        "bookingid": 85
    },
    {
        "bookingid": 1500
    },
    {
        "bookingid": 4507
    },
    {
        "bookingid": 4058
    },
    {
        "bookingid": 2847
    },
    {
        "bookingid": 5022
    },
    {
        "bookingid": 998
    },
    {
        "bookingid": 4780
    },
    {
        "bookingid": 3413
    },
    {
        "bookingid": 2897
    },
    {
        "bookingid": 2639
    },
    {
        "bookingid": 4739
    },
    {
        "bookingid": 3924
    },
    {
        "bookingid": 1344
    },
    {
        "bookingid": 782
    },
    {
        "bookingid": 2264
    },
    {
        "bookingid": 4
    },
    {
        "bookingid": 4750
    },
    {
        "bookingid": 2645
    },
    {
        "bookingid": 3372
    },
    {
        "bookingid": 2126
    },
    {
        "bookingid": 156
    },
    {
        "bookingid": 4452
    },
    {
        "bookingid": 211
    },
    {
        "bookingid": 1460
    },
    {
        "bookingid": 1664
    },
    {
        "bookingid": 2255
    },
    {
        "bookingid": 2001
    },
    {
        "bookingid": 2440
    },
    {
        "bookingid": 2592
    },
    {
        "bookingid": 3446
    },
    {
        "bookingid": 2537
    },
    {
        "bookingid": 1292
    },
    {
        "bookingid": 230
    },
    {
        "bookingid": 1627
    },
    {
        "bookingid": 4944
    },
    {
        "bookingid": 3210
    },
    {
        "bookingid": 3670
    },
    {
        "bookingid": 4984
    },
    {
        "bookingid": 5029
    },
    {
        "bookingid": 2836
    },
    {
        "bookingid": 3252
    },
    {
        "bookingid": 3057
    },
    {
        "bookingid": 2235
    },
    {
        "bookingid": 835
    },
    {
        "bookingid": 2935
    },
    {
        "bookingid": 181
    },
    {
        "bookingid": 522
    },
    {
        "bookingid": 1667
    },
    {
        "bookingid": 4924
    },
    {
        "bookingid": 104
    },
    {
        "bookingid": 963
    },
    {
        "bookingid": 4289
    },
    {
        "bookingid": 3857
    },
    {
        "bookingid": 4461
    },
    {
        "bookingid": 2156
    },
    {
        "bookingid": 2811
    },
    {
        "bookingid": 4236
    },
    {
        "bookingid": 2623
    },
    {
        "bookingid": 1523
    },
    {
        "bookingid": 2065
    },
    {
        "bookingid": 1428
    },
    {
        "bookingid": 1618
    },
    {
        "bookingid": 1450
    },
    {
        "bookingid": 4731
    },
    {
        "bookingid": 81
    },
    {
        "bookingid": 4845
    },
    {
        "bookingid": 4676
    },
    {
        "bookingid": 1069
    },
    {
        "bookingid": 2008
    },
    {
        "bookingid": 3979
    },
    {
        "bookingid": 2548
    },
    {
        "bookingid": 75
    },
    {
        "bookingid": 1912
    },
    {
        "bookingid": 2924
    },
    {
        "bookingid": 1163
    },
    {
        "bookingid": 305
    },
    {
        "bookingid": 4681
    },
    {
        "bookingid": 4147
    },
    {
        "bookingid": 227
    },
    {
        "bookingid": 745
    },
    {
        "bookingid": 4815
    },
    {
        "bookingid": 2332
    },
    {
        "bookingid": 1935
    },
    {
        "bookingid": 3823
    },
    {
        "bookingid": 1540
    },
    {
        "bookingid": 388
    },
    {
        "bookingid": 3064
    },
    {
        "bookingid": 4694
    },
    {
        "bookingid": 3304
    },
    {
        "bookingid": 2013
    },
    {
        "bookingid": 740
    },
    {
        "bookingid": 4122
    },
    {
        "bookingid": 3267
    },
    {
        "bookingid": 2460
    },
    {
        "bookingid": 3031
    },
    {
        "bookingid": 632
    },
    {
        "bookingid": 4076
    },
    {
        "bookingid": 151
    },
    {
        "bookingid": 737
    },
    {
        "bookingid": 4828
    },
    {
        "bookingid": 354
    },
    {
        "bookingid": 4464
    },
    {
        "bookingid": 2509
    },
    {
        "bookingid": 417
    },
    {
        "bookingid": 4474
    },
    {
        "bookingid": 2071
    },
    {
        "bookingid": 4975
    },
    {
        "bookingid": 391
    },
    {
        "bookingid": 4460
    },
    {
        "bookingid": 27
    },
    {
        "bookingid": 3330
    },
    {
        "bookingid": 4240
    },
    {
        "bookingid": 3631
    },
    {
        "bookingid": 93
    },
    {
        "bookingid": 1018
    },
    {
        "bookingid": 1538
    },
    {
        "bookingid": 2853
    },
    {
        "bookingid": 1769
    },
    {
        "bookingid": 392
    },
    {
        "bookingid": 4892
    },
    {
        "bookingid": 2343
    },
    {
        "bookingid": 5031
    },
    {
        "bookingid": 40
    },
    {
        "bookingid": 864
    },
    {
        "bookingid": 3171
    },
    {
        "bookingid": 2770
    },
    {
        "bookingid": 3713
    },
    {
        "bookingid": 2232
    },
    {
        "bookingid": 1263
    },
    {
        "bookingid": 3726
    },
    {
        "bookingid": 3611
    },
    {
        "bookingid": 1217
    },
    {
        "bookingid": 1903
    },
    {
        "bookingid": 4987
    },
    {
        "bookingid": 3528
    },
    {
        "bookingid": 559
    },
    {
        "bookingid": 1871
    },
    {
        "bookingid": 4171
    },
    {
        "bookingid": 1856
    },
    {
        "bookingid": 2889
    },
    {
        "bookingid": 1541
    },
    {
        "bookingid": 4073
    },
    {
        "bookingid": 4534
    },
    {
        "bookingid": 2331
    },
    {
        "bookingid": 4369
    },
    {
        "bookingid": 1792
    },
    {
        "bookingid": 126
    },
    {
        "bookingid": 3186
    },
    {
        "bookingid": 1482
    },
    {
        "bookingid": 282
    },
    {
        "bookingid": 3995
    },
    {
        "bookingid": 508
    },
    {
        "bookingid": 1302
    },
    {
        "bookingid": 3
    },
    {
        "bookingid": 4125
    },
    {
        "bookingid": 3618
    },
    {
        "bookingid": 1021
    },
    {
        "bookingid": 3349
    },
    {
        "bookingid": 451
    },
    {
        "bookingid": 1272
    },
    {
        "bookingid": 2463
    },
    {
        "bookingid": 3119
    },
    {
        "bookingid": 2902
    },
    {
        "bookingid": 2917
    },
    {
        "bookingid": 1358
    },
    {
        "bookingid": 2658
    },
    {
        "bookingid": 4308
    },
    {
        "bookingid": 3923
    },
    {
        "bookingid": 2219
    },
    {
        "bookingid": 246
    },
    {
        "bookingid": 761
    },
    {
        "bookingid": 4562
    },
    {
        "bookingid": 432
    },
    {
        "bookingid": 1152
    },
    {
        "bookingid": 3832
    },
    {
        "bookingid": 2067
    },
    {
        "bookingid": 1455
    },
    {
        "bookingid": 1489
    },
    {
        "bookingid": 3940
    },
    {
        "bookingid": 4336
    },
    {
        "bookingid": 1224
    },
    {
        "bookingid": 4879
    },
    {
        "bookingid": 289
    },
    {
        "bookingid": 4542
    },
    {
        "bookingid": 1375
    },
    {
        "bookingid": 902
    },
    {
        "bookingid": 4849
    },
    {
        "bookingid": 2222
    },
    {
        "bookingid": 878
    },
    {
        "bookingid": 9
    },
    {
        "bookingid": 3739
    },
    {
        "bookingid": 3132
    },
    {
        "bookingid": 2716
    },
    {
        "bookingid": 2630
    },
    {
        "bookingid": 675
    },
    {
        "bookingid": 2007
    },
    {
        "bookingid": 1040
    },
    {
        "bookingid": 183
    },
    {
        "bookingid": 4550
    },
    {
        "bookingid": 2423
    },
    {
        "bookingid": 1321
    },
    {
        "bookingid": 817
    },
    {
        "bookingid": 4302
    },
    {
        "bookingid": 2708
    },
    {
        "bookingid": 3763
    },
    {
        "bookingid": 4267
    },
    {
        "bookingid": 1167
    },
    {
        "bookingid": 47
    },
    {
        "bookingid": 4654
    },
    {
        "bookingid": 145
    },
    {
        "bookingid": 4169
    },
    {
        "bookingid": 1025
    },
    {
        "bookingid": 3776
    },
    {
        "bookingid": 2640
    },
    {
        "bookingid": 2313
    },
    {
        "bookingid": 2481
    },
    {
        "bookingid": 2185
    },
    {
        "bookingid": 876
    },
    {
        "bookingid": 515
    },
    {
        "bookingid": 3236
    },
    {
        "bookingid": 4867
    },
    {
        "bookingid": 4722
    },
    {
        "bookingid": 1269
    },
    {
        "bookingid": 3467
    },
    {
        "bookingid": 2475
    },
    {
        "bookingid": 4370
    },
    {
        "bookingid": 1089
    },
    {
        "bookingid": 3526
    },
    {
        "bookingid": 2635
    },
    {
        "bookingid": 4948
    },
    {
        "bookingid": 430
    },
    {
        "bookingid": 4933
    },
    {
        "bookingid": 3198
    },
    {
        "bookingid": 2379
    },
    {
        "bookingid": 381
    },
    {
        "bookingid": 909
    },
    {
        "bookingid": 1378
    },
    {
        "bookingid": 4949
    },
    {
        "bookingid": 3196
    },
    {
        "bookingid": 3201
    },
    {
        "bookingid": 1669
    },
    {
        "bookingid": 1227
    },
    {
        "bookingid": 3824
    },
    {
        "bookingid": 3016
    },
    {
        "bookingid": 1682
    },
    {
        "bookingid": 226
    },
    {
        "bookingid": 2521
    },
    {
        "bookingid": 2206
    },
    {
        "bookingid": 1405
    },
    {
        "bookingid": 3993
    },
    {
        "bookingid": 1226
    },
    {
        "bookingid": 4345
    },
    {
        "bookingid": 3550
    },
    {
        "bookingid": 3425
    },
    {
        "bookingid": 1448
    },
    {
        "bookingid": 2540
    },
    {
        "bookingid": 2410
    },
    {
        "bookingid": 1725
    },
    {
        "bookingid": 2704
    },
    {
        "bookingid": 577
    },
    {
        "bookingid": 4699
    },
    {
        "bookingid": 4601
    },
    {
        "bookingid": 1133
    },
    {
        "bookingid": 2966
    },
    {
        "bookingid": 4100
    },
    {
        "bookingid": 4522
    },
    {
        "bookingid": 569
    },
    {
        "bookingid": 3155
    },
    {
        "bookingid": 3291
    },
    {
        "bookingid": 588
    },
    {
        "bookingid": 3647
    },
    {
        "bookingid": 764
    },
    {
        "bookingid": 785
    },
    {
        "bookingid": 2016
    },
    {
        "bookingid": 4893
    },
    {
        "bookingid": 2051
    },
    {
        "bookingid": 2576
    },
    {
        "bookingid": 1422
    },
    {
        "bookingid": 531
    },
    {
        "bookingid": 380
    },
    {
        "bookingid": 310
    },
    {
        "bookingid": 3858
    },
    {
        "bookingid": 1138
    },
    {
        "bookingid": 1708
    },
    {
        "bookingid": 1488
    },
    {
        "bookingid": 198
    },
    {
        "bookingid": 3710
    },
    {
        "bookingid": 2906
    },
    {
        "bookingid": 4163
    },
    {
        "bookingid": 3541
    },
    {
        "bookingid": 2210
    },
    {
        "bookingid": 1634
    },
    {
        "bookingid": 1728
    },
    {
        "bookingid": 726
    },
    {
        "bookingid": 1526
    },
    {
        "bookingid": 2957
    },
    {
        "bookingid": 2689
    },
    {
        "bookingid": 2247
    },
    {
        "bookingid": 2270
    },
    {
        "bookingid": 347
    },
    {
        "bookingid": 4945
    },
    {
        "bookingid": 1076
    },
    {
        "bookingid": 2110
    },
    {
        "bookingid": 4557
    },
    {
        "bookingid": 547
    },
    {
        "bookingid": 2035
    },
    {
        "bookingid": 4430
    },
    {
        "bookingid": 4576
    },
    {
        "bookingid": 1363
    },
    {
        "bookingid": 1105
    },
    {
        "bookingid": 109
    },
    {
        "bookingid": 3553
    },
    {
        "bookingid": 260
    },
    {
        "bookingid": 2677
    },
    {
        "bookingid": 1780
    },
    {
        "bookingid": 3632
    },
    {
        "bookingid": 4509
    },
    {
        "bookingid": 2758
    },
    {
        "bookingid": 1291
    },
    {
        "bookingid": 1652
    },
    {
        "bookingid": 3774
    },
    {
        "bookingid": 1270
    },
    {
        "bookingid": 241
    },
    {
        "bookingid": 86
    },
    {
        "bookingid": 3878
    },
    {
        "bookingid": 2416
    },
    {
        "bookingid": 1402
    },
    {
        "bookingid": 832
    },
    {
        "bookingid": 1100
    },
    {
        "bookingid": 1417
    },
    {
        "bookingid": 219
    },
    {
        "bookingid": 613
    },
    {
        "bookingid": 3254
    },
    {
        "bookingid": 1476
    },
    {
        "bookingid": 3066
    },
    {
        "bookingid": 933
    },
    {
        "bookingid": 1407
    },
    {
        "bookingid": 475
    },
    {
        "bookingid": 3843
    },
    {
        "bookingid": 1134
    },
    {
        "bookingid": 4992
    },
    {
        "bookingid": 2555
    },
    {
        "bookingid": 125
    },
    {
        "bookingid": 3943
    },
    {
        "bookingid": 2594
    },
    {
        "bookingid": 179
    },
    {
        "bookingid": 3365
    },
    {
        "bookingid": 298
    },
    {
        "bookingid": 1216
    },
    {
        "bookingid": 11
    },
    {
        "bookingid": 829
    },
    {
        "bookingid": 4307
    },
    {
        "bookingid": 1969
    },
    {
        "bookingid": 4391
    },
    {
        "bookingid": 538
    },
    {
        "bookingid": 3496
    },
    {
        "bookingid": 3237
    },
    {
        "bookingid": 1259
    },
    {
        "bookingid": 4288
    },
    {
        "bookingid": 4679
    },
    {
        "bookingid": 4561
    },
    {
        "bookingid": 1082
    },
    {
        "bookingid": 2422
    },
    {
        "bookingid": 1690
    },
    {
        "bookingid": 2674
    },
    {
        "bookingid": 7
    },
    {
        "bookingid": 4566
    },
    {
        "bookingid": 1913
    },
    {
        "bookingid": 4634
    },
    {
        "bookingid": 1772
    },
    {
        "bookingid": 1175
    },
    {
        "bookingid": 1471
    },
    {
        "bookingid": 3473
    },
    {
        "bookingid": 2348
    },
    {
        "bookingid": 243
    },
    {
        "bookingid": 3221
    },
    {
        "bookingid": 4537
    },
    {
        "bookingid": 1445
    },
    {
        "bookingid": 800
    },
    {
        "bookingid": 3826
    },
    {
        "bookingid": 1713
    },
    {
        "bookingid": 1552
    },
    {
        "bookingid": 2041
    },
    {
        "bookingid": 2730
    },
    {
        "bookingid": 320
    },
    {
        "bookingid": 1324
    },
    {
        "bookingid": 1557
    },
    {
        "bookingid": 2808
    },
    {
        "bookingid": 4118
    },
    {
        "bookingid": 20
    },
    {
        "bookingid": 655
    },
    {
        "bookingid": 3640
    },
    {
        "bookingid": 441
    },
    {
        "bookingid": 2546
    },
    {
        "bookingid": 3523
    },
    {
        "bookingid": 904
    },
    {
        "bookingid": 4295
    },
    {
        "bookingid": 3675
    },
    {
        "bookingid": 2199
    },
    {
        "bookingid": 3782
    },
    {
        "bookingid": 3394
    },
    {
        "bookingid": 2619
    },
    {
        "bookingid": 840
    },
    {
        "bookingid": 634
    },
    {
        "bookingid": 1148
    },
    {
        "bookingid": 4590
    },
    {
        "bookingid": 4080
    },
    {
        "bookingid": 2972
    },
    {
        "bookingid": 2500
    },
    {
        "bookingid": 1338
    },
    {
        "bookingid": 3685
    },
    {
        "bookingid": 340
    },
    {
        "bookingid": 3301
    },
    {
        "bookingid": 3827
    },
    {
        "bookingid": 1602
    },
    {
        "bookingid": 2275
    },
    {
        "bookingid": 2891
    },
    {
        "bookingid": 1384
    },
    {
        "bookingid": 2872
    },
    {
        "bookingid": 4018
    },
    {
        "bookingid": 2560
    },
    {
        "bookingid": 1131
    },
    {
        "bookingid": 2682
    },
    {
        "bookingid": 113
    },
    {
        "bookingid": 4686
    },
    {
        "bookingid": 2356
    },
    {
        "bookingid": 1987
    },
    {
        "bookingid": 1007
    },
    {
        "bookingid": 3140
    },
    {
        "bookingid": 2226
    },
    {
        "bookingid": 4244
    },
    {
        "bookingid": 3999
    },
    {
        "bookingid": 4707
    },
    {
        "bookingid": 4968
    },
    {
        "bookingid": 1601
    },
    {
        "bookingid": 3934
    },
    {
        "bookingid": 509
    },
    {
        "bookingid": 3163
    },
    {
        "bookingid": 338
    },
    {
        "bookingid": 3537
    },
    {
        "bookingid": 4165
    },
    {
        "bookingid": 3985
    },
    {
        "bookingid": 4977
    },
    {
        "bookingid": 1097
    },
    {
        "bookingid": 4063
    },
    {
        "bookingid": 3915
    },
    {
        "bookingid": 3447
    },
    {
        "bookingid": 4291
    },
    {
        "bookingid": 1443
    },
    {
        "bookingid": 1238
    },
    {
        "bookingid": 35
    },
    {
        "bookingid": 4644
    },
    {
        "bookingid": 2851
    },
    {
        "bookingid": 4353
    },
    {
        "bookingid": 2912
    },
    {
        "bookingid": 1380
    },
    {
        "bookingid": 3444
    },
    {
        "bookingid": 3551
    },
    {
        "bookingid": 3154
    },
    {
        "bookingid": 3617
    },
    {
        "bookingid": 3435
    },
    {
        "bookingid": 3116
    },
    {
        "bookingid": 2855
    },
    {
        "bookingid": 2578
    },
    {
        "bookingid": 273
    },
    {
        "bookingid": 1828
    },
    {
        "bookingid": 887
    },
    {
        "bookingid": 604
    },
    {
        "bookingid": 2504
    },
    {
        "bookingid": 802
    },
    {
        "bookingid": 4456
    },
    {
        "bookingid": 2771
    },
    {
        "bookingid": 581
    },
    {
        "bookingid": 2671
    },
    {
        "bookingid": 1056
    },
    {
        "bookingid": 512
    },
    {
        "bookingid": 349
    },
    {
        "bookingid": 714
    },
    {
        "bookingid": 4758
    },
    {
        "bookingid": 2294
    },
    {
        "bookingid": 1810
    },
    {
        "bookingid": 699
    },
    {
        "bookingid": 4279
    },
    {
        "bookingid": 732
    },
    {
        "bookingid": 2439
    },
    {
        "bookingid": 4286
    },
    {
        "bookingid": 4388
    },
    {
        "bookingid": 3264
    },
    {
        "bookingid": 3331
    },
    {
        "bookingid": 1173
    },
    {
        "bookingid": 4401
    },
    {
        "bookingid": 1204
    },
    {
        "bookingid": 3646
    },
    {
        "bookingid": 440
    },
    {
        "bookingid": 4701
    },
    {
        "bookingid": 4724
    },
    {
        "bookingid": 2328
    },
    {
        "bookingid": 3847
    },
    {
        "bookingid": 1235
    },
    {
        "bookingid": 1848
    },
    {
        "bookingid": 1213
    },
    {
        "bookingid": 2118
    },
    {
        "bookingid": 3350
    },
    {
        "bookingid": 3639
    },
    {
        "bookingid": 2167
    },
    {
        "bookingid": 2653
    },
    {
        "bookingid": 2123
    },
    {
        "bookingid": 1440
    },
    {
        "bookingid": 2795
    },
    {
        "bookingid": 3438
    },
    {
        "bookingid": 3655
    },
    {
        "bookingid": 4135
    },
    {
        "bookingid": 141
    },
    {
        "bookingid": 2458
    },
    {
        "bookingid": 1057
    },
    {
        "bookingid": 3111
    },
    {
        "bookingid": 816
    },
    {
        "bookingid": 4105
    },
    {
        "bookingid": 3672
    },
    {
        "bookingid": 2052
    },
    {
        "bookingid": 1760
    },
    {
        "bookingid": 3920
    },
    {
        "bookingid": 2541
    },
    {
        "bookingid": 100
    },
    {
        "bookingid": 1016
    },
    {
        "bookingid": 3180
    },
    {
        "bookingid": 1249
    },
    {
        "bookingid": 4744
    },
    {
        "bookingid": 3266
    },
    {
        "bookingid": 1093
    },
    {
        "bookingid": 2660
    },
    {
        "bookingid": 625
    },
    {
        "bookingid": 527
    },
    {
        "bookingid": 2909
    },
    {
        "bookingid": 3482
    },
    {
        "bookingid": 3256
    },
    {
        "bookingid": 4158
    },
    {
        "bookingid": 3635
    },
    {
        "bookingid": 1423
    },
    {
        "bookingid": 3692
    },
    {
        "bookingid": 2528
    },
    {
        "bookingid": 1749
    },
    {
        "bookingid": 833
    },
    {
        "bookingid": 473
    },
    {
        "bookingid": 3146
    },
    {
        "bookingid": 2320
    },
    {
        "bookingid": 4736
    },
    {
        "bookingid": 295
    },
    {
        "bookingid": 736
    },
    {
        "bookingid": 16
    },
    {
        "bookingid": 4793
    },
    {
        "bookingid": 3967
    },
    {
        "bookingid": 4348
    },
    {
        "bookingid": 4822
    },
    {
        "bookingid": 153
    },
    {
        "bookingid": 1301
    },
    {
        "bookingid": 173
    },
    {
        "bookingid": 4831
    },
    {
        "bookingid": 1145
    },
    {
        "bookingid": 4354
    },
    {
        "bookingid": 2573
    },
    {
        "bookingid": 3687
    },
    {
        "bookingid": 3486
    },
    {
        "bookingid": 4807
    },
    {
        "bookingid": 2424
    },
    {
        "bookingid": 3637
    },
    {
        "bookingid": 2777
    },
    {
        "bookingid": 2218
    },
    {
        "bookingid": 2729
    },
    {
        "bookingid": 2670
    },
    {
        "bookingid": 4254
    },
    {
        "bookingid": 3164
    },
    {
        "bookingid": 1461
    },
    {
        "bookingid": 1857
    },
    {
        "bookingid": 4738
    },
    {
        "bookingid": 1157
    },
    {
        "bookingid": 951
    },
    {
        "bookingid": 23
    },
    {
        "bookingid": 3656
    },
    {
        "bookingid": 1514
    },
    {
        "bookingid": 2854
    },
    {
        "bookingid": 1122
    },
    {
        "bookingid": 456
    },
    {
        "bookingid": 4024
    },
    {
        "bookingid": 3817
    },
    {
        "bookingid": 335
    },
    {
        "bookingid": 1568
    },
    {
        "bookingid": 3749
    },
    {
        "bookingid": 3838
    },
    {
        "bookingid": 983
    },
    {
        "bookingid": 1721
    },
    {
        "bookingid": 3798
    },
    {
        "bookingid": 1859
    },
    {
        "bookingid": 251
    },
    {
        "bookingid": 1045
    },
    {
        "bookingid": 2461
    },
    {
        "bookingid": 1180
    },
    {
        "bookingid": 1762
    },
    {
        "bookingid": 4904
    },
    {
        "bookingid": 1696
    },
    {
        "bookingid": 247
    },
    {
        "bookingid": 4337
    },
    {
        "bookingid": 3302
    },
    {
        "bookingid": 2629
    },
    {
        "bookingid": 3833
    },
    {
        "bookingid": 3406
    },
    {
        "bookingid": 1742
    },
    {
        "bookingid": 1121
    },
    {
        "bookingid": 2968
    },
    {
        "bookingid": 2020
    },
    {
        "bookingid": 3679
    },
    {
        "bookingid": 2355
    },
    {
        "bookingid": 1385
    },
    {
        "bookingid": 3848
    },
    {
        "bookingid": 1373
    },
    {
        "bookingid": 1149
    },
    {
        "bookingid": 2699
    },
    {
        "bookingid": 267
    },
    {
        "bookingid": 3307
    },
    {
        "bookingid": 3896
    },
    {
        "bookingid": 2393
    },
    {
        "bookingid": 1975
    },
    {
        "bookingid": 3602
    },
    {
        "bookingid": 4672
    },
    {
        "bookingid": 1571
    },
    {
        "bookingid": 593
    },
    {
        "bookingid": 2946
    },
    {
        "bookingid": 901
    },
    {
        "bookingid": 4760
    },
    {
        "bookingid": 3167
    },
    {
        "bookingid": 2060
    },
    {
        "bookingid": 1545
    },
    {
        "bookingid": 3922
    },
    {
        "bookingid": 274
    },
    {
        "bookingid": 1503
    },
    {
        "bookingid": 4414
    },
    {
        "bookingid": 4570
    },
    {
        "bookingid": 1290
    },
    {
        "bookingid": 3370
    },
    {
        "bookingid": 3085
    },
    {
        "bookingid": 2196
    },
    {
        "bookingid": 3049
    },
    {
        "bookingid": 1452
    },
    {
        "bookingid": 73
    },
    {
        "bookingid": 858
    },
    {
        "bookingid": 3534
    },
    {
        "bookingid": 4910
    },
    {
        "bookingid": 1902
    },
    {
        "bookingid": 4668
    },
    {
        "bookingid": 3458
    },
    {
        "bookingid": 4659
    },
    {
        "bookingid": 724
    },
    {
        "bookingid": 3548
    },
    {
        "bookingid": 3957
    },
    {
        "bookingid": 1518
    },
    {
        "bookingid": 2045
    },
    {
        "bookingid": 2312
    },
    {
        "bookingid": 1811
    },
    {
        "bookingid": 121
    },
    {
        "bookingid": 253
    },
    {
        "bookingid": 1802
    },
    {
        "bookingid": 1579
    },
    {
        "bookingid": 4115
    },
    {
        "bookingid": 4139
    },
    {
        "bookingid": 1936
    },
    {
        "bookingid": 2959
    },
    {
        "bookingid": 2472
    },
    {
        "bookingid": 4255
    },
    {
        "bookingid": 4783
    },
    {
        "bookingid": 1169
    },
    {
        "bookingid": 4940
    },
    {
        "bookingid": 138
    },
    {
        "bookingid": 564
    },
    {
        "bookingid": 4565
    },
    {
        "bookingid": 4160
    },
    {
        "bookingid": 4137
    },
    {
        "bookingid": 2728
    },
    {
        "bookingid": 2236
    },
    {
        "bookingid": 1566
    },
    {
        "bookingid": 3415
    },
    {
        "bookingid": 2321
    },
    {
        "bookingid": 171
    },
    {
        "bookingid": 4051
    },
    {
        "bookingid": 979
    },
    {
        "bookingid": 3939
    },
    {
        "bookingid": 4728
    },
    {
        "bookingid": 2593
    },
    {
        "bookingid": 3332
    },
    {
        "bookingid": 2511
    },
    {
        "bookingid": 931
    },
    {
        "bookingid": 1933
    },
    {
        "bookingid": 2738
    },
    {
        "bookingid": 3007
    },
    {
        "bookingid": 2890
    },
    {
        "bookingid": 483
    },
    {
        "bookingid": 218
    },
    {
        "bookingid": 3054
    },
    {
        "bookingid": 212
    },
    {
        "bookingid": 4578
    },
    {
        "bookingid": 4311
    },
    {
        "bookingid": 4494
    },
    {
        "bookingid": 4130
    },
    {
        "bookingid": 3845
    },
    {
        "bookingid": 4778
    },
    {
        "bookingid": 3464
    },
    {
        "bookingid": 464
    },
    {
        "bookingid": 3306
    },
    {
        "bookingid": 1800
    },
    {
        "bookingid": 1223
    },
    {
        "bookingid": 3714
    },
    {
        "bookingid": 4691
    },
    {
        "bookingid": 1293
    },
    {
        "bookingid": 762
    },
    {
        "bookingid": 828
    },
    {
        "bookingid": 580
    },
    {
        "bookingid": 1879
    },
    {
        "bookingid": 540
    },
    {
        "bookingid": 4513
    },
    {
        "bookingid": 59
    },
    {
        "bookingid": 2428
    },
    {
        "bookingid": 4458
    },
    {
        "bookingid": 2341
    },
    {
        "bookingid": 771
    },
    {
        "bookingid": 1765
    },
    {
        "bookingid": 841
    },
    {
        "bookingid": 554
    },
    {
        "bookingid": 2796
    },
    {
        "bookingid": 4094
    },
    {
        "bookingid": 90
    },
    {
        "bookingid": 4191
    },
    {
        "bookingid": 2785
    },
    {
        "bookingid": 2939
    },
    {
        "bookingid": 3728
    },
    {
        "bookingid": 366
    },
    {
        "bookingid": 2882
    },
    {
        "bookingid": 3062
    },
    {
        "bookingid": 4220
    },
    {
        "bookingid": 1632
    },
    {
        "bookingid": 638
    },
    {
        "bookingid": 3887
    },
    {
        "bookingid": 3441
    },
    {
        "bookingid": 3476
    },
    {
        "bookingid": 4275
    },
    {
        "bookingid": 1650
    },
    {
        "bookingid": 2297
    },
    {
        "bookingid": 3505
    },
    {
        "bookingid": 4476
    },
    {
        "bookingid": 3120
    },
    {
        "bookingid": 460
    },
    {
        "bookingid": 1685
    },
    {
        "bookingid": 322
    },
    {
        "bookingid": 2382
    },
    {
        "bookingid": 2082
    },
    {
        "bookingid": 1785
    },
    {
        "bookingid": 854
    },
    {
        "bookingid": 1794
    },
    {
        "bookingid": 2242
    },
    {
        "bookingid": 479
    },
    {
        "bookingid": 1008
    },
    {
        "bookingid": 803
    },
    {
        "bookingid": 850
    },
    {
        "bookingid": 950
    },
    {
        "bookingid": 1197
    },
    {
        "bookingid": 662
    },
    {
        "bookingid": 579
    },
    {
        "bookingid": 685
    },
    {
        "bookingid": 1648
    },
    {
        "bookingid": 1653
    },
    {
        "bookingid": 4006
    },
    {
        "bookingid": 486
    },
    {
        "bookingid": 4529
    },
    {
        "bookingid": 2534
    },
    {
        "bookingid": 4985
    },
    {
        "bookingid": 3159
    },
    {
        "bookingid": 3437
    },
    {
        "bookingid": 873
    },
    {
        "bookingid": 697
    },
    {
        "bookingid": 1194
    },
    {
        "bookingid": 748
    },
    {
        "bookingid": 693
    },
    {
        "bookingid": 747
    },
    {
        "bookingid": 2357
    },
    {
        "bookingid": 1613
    },
    {
        "bookingid": 140
    },
    {
        "bookingid": 4081
    },
    {
        "bookingid": 482
    },
    {
        "bookingid": 4595
    },
    {
        "bookingid": 2093
    },
    {
        "bookingid": 784
    },
    {
        "bookingid": 2733
    },
    {
        "bookingid": 3113
    },
    {
        "bookingid": 3524
    },
    {
        "bookingid": 134
    },
    {
        "bookingid": 738
    },
    {
        "bookingid": 1331
    },
    {
        "bookingid": 2789
    },
    {
        "bookingid": 3297
    },
    {
        "bookingid": 2863
    },
    {
        "bookingid": 4095
    },
    {
        "bookingid": 1995
    },
    {
        "bookingid": 4958
    },
    {
        "bookingid": 1001
    },
    {
        "bookingid": 2981
    },
    {
        "bookingid": 4222
    },
    {
        "bookingid": 4274
    },
    {
        "bookingid": 715
    },
    {
        "bookingid": 1710
    },
    {
        "bookingid": 4577
    },
    {
        "bookingid": 4641
    },
    {
        "bookingid": 4826
    },
    {
        "bookingid": 672
    },
    {
        "bookingid": 2800
    },
    {
        "bookingid": 4396
    },
    {
        "bookingid": 3664
    },
    {
        "bookingid": 4927
    },
    {
        "bookingid": 3762
    },
    {
        "bookingid": 3369
    },
    {
        "bookingid": 2374
    },
    {
        "bookingid": 3105
    },
    {
        "bookingid": 4735
    },
    {
        "bookingid": 414
    },
    {
        "bookingid": 891
    },
    {
        "bookingid": 1009
    },
    {
        "bookingid": 4909
    },
    {
        "bookingid": 4531
    },
    {
        "bookingid": 1619
    },
    {
        "bookingid": 1187
    },
    {
        "bookingid": 28
    },
    {
        "bookingid": 2870
    },
    {
        "bookingid": 1926
    },
    {
        "bookingid": 2003
    },
    {
        "bookingid": 1060
    },
    {
        "bookingid": 180
    },
    {
        "bookingid": 1436
    },
    {
        "bookingid": 1444
    },
    {
        "bookingid": 4643
    },
    {
        "bookingid": 4617
    },
    {
        "bookingid": 102
    },
    {
        "bookingid": 1401
    },
    {
        "bookingid": 567
    },
    {
        "bookingid": 1222
    },
    {
        "bookingid": 1144
    },
    {
        "bookingid": 4152
    },
    {
        "bookingid": 275
    },
    {
        "bookingid": 2132
    },
    {
        "bookingid": 240
    },
    {
        "bookingid": 3704
    },
    {
        "bookingid": 4536
    },
    {
        "bookingid": 2159
    },
    {
        "bookingid": 3504
    },
    {
        "bookingid": 2231
    },
    {
        "bookingid": 3769
    },
    {
        "bookingid": 1309
    },
    {
        "bookingid": 3275
    },
    {
        "bookingid": 4449
    },
    {
        "bookingid": 3400
    },
    {
        "bookingid": 2636
    },
    {
        "bookingid": 1424
    },
    {
        "bookingid": 2049
    },
    {
        "bookingid": 2141
    },
    {
        "bookingid": 1126
    },
    {
        "bookingid": 1278
    },
    {
        "bookingid": 2178
    },
    {
        "bookingid": 3156
    },
    {
        "bookingid": 3942
    },
    {
        "bookingid": 3206
    },
    {
        "bookingid": 3841
    },
    {
        "bookingid": 2709
    },
    {
        "bookingid": 1731
    },
    {
        "bookingid": 754
    },
    {
        "bookingid": 79
    },
    {
        "bookingid": 4099
    },
    {
        "bookingid": 3888
    },
    {
        "bookingid": 830
    },
    {
        "bookingid": 3613
    },
    {
        "bookingid": 768
    },
    {
        "bookingid": 5023
    },
    {
        "bookingid": 1244
    },
    {
        "bookingid": 3703
    },
    {
        "bookingid": 4523
    },
    {
        "bookingid": 1904
    },
    {
        "bookingid": 3018
    },
    {
        "bookingid": 2427
    },
    {
        "bookingid": 498
    },
    {
        "bookingid": 342
    },
    {
        "bookingid": 4671
    },
    {
        "bookingid": 357
    },
    {
        "bookingid": 1477
    },
    {
        "bookingid": 1081
    },
    {
        "bookingid": 1928
    },
    {
        "bookingid": 1240
    },
    {
        "bookingid": 1341
    },
    {
        "bookingid": 36
    },
    {
        "bookingid": 1010
    },
    {
        "bookingid": 3948
    },
    {
        "bookingid": 2599
    },
    {
        "bookingid": 4839
    },
    {
        "bookingid": 1080
    },
    {
        "bookingid": 2701
    },
    {
        "bookingid": 4725
    },
    {
        "bookingid": 4097
    },
    {
        "bookingid": 2380
    },
    {
        "bookingid": 1530
    },
    {
        "bookingid": 1517
    },
    {
        "bookingid": 557
    },
    {
        "bookingid": 3853
    },
    {
        "bookingid": 2287
    },
    {
        "bookingid": 4356
    },
    {
        "bookingid": 4638
    },
    {
        "bookingid": 1034
    },
    {
        "bookingid": 2887
    },
    {
        "bookingid": 943
    },
    {
        "bookingid": 2512
    },
    {
        "bookingid": 811
    },
    {
        "bookingid": 3859
    },
    {
        "bookingid": 4928
    },
    {
        "bookingid": 2250
    },
    {
        "bookingid": 3927
    },
    {
        "bookingid": 4663
    },
    {
        "bookingid": 131
    },
    {
        "bookingid": 2336
    },
    {
        "bookingid": 3319
    },
    {
        "bookingid": 3509
    },
    {
        "bookingid": 1087
    }
]
  &amp#27;[32mGiven &amp#27;[0m&amp#27;[32muser sends a get request to get all id of booking&amp#27;[0m           &amp#27;[90m# stepDef.D03_userRetrieveAllBookings.user_gets_all_id()&amp#27;[0m
  &amp#27;[32mThen &amp#27;[0m&amp#27;[32mstatus code should be &amp#27;[0m&amp#27;[32m&amp#27;[1m200&amp#27;[0m&amp#27;[32m success&amp#27;[0m                            &amp#27;[90m# stepDef.D03_userRetrieveAllBookings.status_code_should_be_success(java.lang.Integer)&amp#27;[0m
]]></system-out>
  </testcase>
  <testcase name="runScenario[&quot;F04 |  User sends a post request to /auth&quot;, &quot;generating auth token&quot;](13)" classname="testrunner.runners" time="0.007">
    <system-out><![CDATA[
@api
Scenario: F04 |  User sends a post request to /auth                                                     &amp#27;[90m# src/main/resources/features/F04_userCanCreateAuthToken.feature:4&amp#27;[0m
Request method:	POST
Request URI:	http://restful-booker.herokuapp.com/auth
Proxy:			<none>
Request params:	<none>
Query params:	<none>
Form params:	<none>
Path params:	<none>
Headers:		Accept=*/*
				Content-Type=application/json
Cookies:		<none>
Multiparts:		<none>
Body:
{
    "password": "password123",
    "username": "admin"
}
HTTP/1.1 200 OK
Server: Cowboy
Connection: keep-alive
X-Powered-By: Express
Content-Type: application/json; charset=utf-8
Content-Length: 27
Etag: W/"1b-JoUonMr+V/zThlOLKD8CIzB1kcQ"
Date: Wed, 01 Feb 2023 22:16:09 GMT
Via: 1.1 vegur

{
    "token": "04d86cc2e2b22b8"
}
  &amp#27;[32mGiven &amp#27;[0m&amp#27;[32muser sends a post request to get auth with username : &amp#27;[0m&amp#27;[32m&amp#27;[1m"admin"&amp#27;[0m&amp#27;[32m and password: &amp#27;[0m&amp#27;[32m&amp#27;[1m"password123"&amp#27;[0m&amp#27;[32m token&amp#27;[0m &amp#27;[90m# stepDef.D04_userCanCreateAuthToken.user_sends_a_post_request_to_get_auth_with_username_and_password_token(java.lang.String,java.lang.String)&amp#27;[0m
  &amp#27;[32mThen &amp#27;[0m&amp#27;[32mauth token should be returned&amp#27;[0m                                                                    &amp#27;[90m# stepDef.D04_userCanCreateAuthToken.auth_token_should_be_returned()&amp#27;[0m
]]></system-out>
  </testcase>
  <testcase name="runScenario[&quot;F05 |  User sends a put request to booking/id&quot;, &quot;user can update booking with auth token&quot;](14)" classname="testrunner.runners" time="0.299">
    <system-out><![CDATA[
@api
Scenario Outline: F05 |  User sends a put request to booking/id                                                                                                                                                 &amp#27;[90m# src/main/resources/features/F05_updateBooking.feature:9&amp#27;[0m
Request method:	POST
Request URI:	http://restful-booker.herokuapp.com/auth
Proxy:			<none>
Request params:	<none>
Query params:	<none>
Form params:	<none>
Path params:	<none>
Headers:		Accept=*/*
				Content-Type=application/json
Cookies:		<none>
Multiparts:		<none>
Body:
{
    "password": "password123",
    "username": "admin"
}
HTTP/1.1 200 OK
Server: Cowboy
Connection: keep-alive
X-Powered-By: Express
Content-Type: application/json; charset=utf-8
Content-Length: 27
Etag: W/"1b-jqDhJQRiKvdDGE5jjPAPRP+C+JQ"
Date: Wed, 01 Feb 2023 22:16:10 GMT
Via: 1.1 vegur

{
    "token": "62741471ba0941b"
}
Request method:	PUT
Request URI:	http://restful-booker.herokuapp.com/booking/4211
Proxy:			<none>
Request params:	<none>
Query params:	<none>
Form params:	<none>
Path params:	<none>
Headers:		Accept=application/json
				Cookie=token=62741471ba0941b
				Content-Type=application/json
Cookies:		<none>
Multiparts:		<none>
Body:
{
    "firstname": "Mohammed",
    "additionalneeds": "Dinner",
    "bookingdates": {
        "checkin": "2020-01-01",
        "checkout": "2020-02-02"
    },
    "totalprice": "500",
    "depositpaid": true,
    "lastname": "Tarik"
}
HTTP/1.1 200 OK
Server: Cowboy
Connection: keep-alive
X-Powered-By: Express
Content-Type: application/json; charset=utf-8
Content-Length: 170
Etag: W/"aa-0oyvJgyypoPl8mmJggoHCGYLoOs"
Date: Wed, 01 Feb 2023 22:16:10 GMT
Via: 1.1 vegur

{
    "firstname": "Mohammed",
    "lastname": "Tarik",
    "totalprice": 500,
    "depositpaid": true,
    "bookingdates": {
        "checkin": "2020-01-01",
        "checkout": "2020-02-02"
    },
    "additionalneeds": "Dinner"
}
  &amp#27;[32mGiven &amp#27;[0m&amp#27;[32muser sends a put request to id : &amp#27;[0m&amp#27;[32m&amp#27;[1m"4211"&amp#27;[0m&amp#27;[32m with firstname: &amp#27;[0m&amp#27;[32m&amp#27;[1m"Mohammed"&amp#27;[0m&amp#27;[32m, last name &amp#27;[0m&amp#27;[32m&amp#27;[1m"Tarik"&amp#27;[0m&amp#27;[32m, total price &amp#27;[0m&amp#27;[32m&amp#27;[1m"500"&amp#27;[0m&amp#27;[32m, deposit paid &amp#27;[0m&amp#27;[32m&amp#27;[1m"true"&amp#27;[0m&amp#27;[32m, check-in &amp#27;[0m&amp#27;[32m&amp#27;[1m"2020-01-01"&amp#27;[0m&amp#27;[32m, check-out &amp#27;[0m&amp#27;[32m&amp#27;[1m"2020-02-02"&amp#27;[0m&amp#27;[32m, additional needs &amp#27;[0m&amp#27;[32m&amp#27;[1m"Dinner"&amp#27;[0m &amp#27;[90m# stepDef.D05_updateBooking.user_sends_a_put_request_to_id_with_firstname_last_name_total_price_deposit_paid_check_in_check_out_additional_needs(java.lang.String,java.lang.String,java.lang.String,java.lang.String,java.lang.String,java.lang.String,java.lang.String,java.lang.String)&amp#27;[0m
Request method:	GET
Request URI:	http://restful-booker.herokuapp.com/booking/4211
Proxy:			<none>
Request params:	<none>
Query params:	<none>
Form params:	<none>
Path params:	<none>
Headers:		Accept=*/*
Cookies:		<none>
Multiparts:		<none>
Body:			<none>
HTTP/1.1 200 OK
Server: Cowboy
Connection: keep-alive
X-Powered-By: Express
Content-Type: application/json; charset=utf-8
Content-Length: 170
Etag: W/"aa-0oyvJgyypoPl8mmJggoHCGYLoOs"
Date: Wed, 01 Feb 2023 22:16:11 GMT
Via: 1.1 vegur

{
    "firstname": "Mohammed",
    "lastname": "Tarik",
    "totalprice": 500,
    "depositpaid": true,
    "bookingdates": {
        "checkin": "2020-01-01",
        "checkout": "2020-02-02"
    },
    "additionalneeds": "Dinner"
}
  &amp#27;[32mThen &amp#27;[0m&amp#27;[32mBooking with the given id is updated to match fn &amp#27;[0m&amp#27;[32m&amp#27;[1m"Mohammed"&amp#27;[0m&amp#27;[32m ln &amp#27;[0m&amp#27;[32m&amp#27;[1m"Tarik"&amp#27;[0m&amp#27;[32m &amp#27;[0m&amp#27;[32m&amp#27;[1m"500"&amp#27;[0m&amp#27;[32m &amp#27;[0m&amp#27;[32m&amp#27;[1m"true"&amp#27;[0m&amp#27;[32m &amp#27;[0m&amp#27;[32m&amp#27;[1m"2020-01-01"&amp#27;[0m&amp#27;[32m &amp#27;[0m&amp#27;[32m&amp#27;[1m"2020-02-02"&amp#27;[0m&amp#27;[32m &amp#27;[0m&amp#27;[32m&amp#27;[1m"Dinner"&amp#27;[0m                                                                                   &amp#27;[90m# stepDef.D05_updateBooking.booking_with_the_given_id_is_updated_to_match_fn_ln(java.lang.String,java.lang.String,java.lang.String,java.lang.String,java.lang.String,java.lang.String,java.lang.String)&amp#27;[0m
]]></system-out>
  </testcase>
  <testcase name="runScenario[&quot;F06 |  User sends a delete request to booking/id&quot;, &quot;user can delete booking with auth token&quot;](15)" classname="testrunner.runners" time="1.368">
    <system-out><![CDATA[
@api
Scenario: F06 |  User sends a delete request to booking/id                                                                                                                            &amp#27;[90m# src/main/resources/features/F06_deleteBooking.feature:4&amp#27;[0m
Request method:	POST
Request URI:	http://restful-booker.herokuapp.com/booking
Proxy:			<none>
Request params:	<none>
Query params:	<none>
Form params:	<none>
Path params:	<none>
Headers:		Accept=*/*
				Content-Type=application/json
Cookies:		<none>
Multiparts:		<none>
Body:
{
    "firstname": "John",
    "additionalneeds": "Breakfast",
    "bookingdates": {
        "checkin": "2020-01-01",
        "checkout": "<2020-02-02>"
    },
    "totalprice": "200",
    "depositpaid": true,
    "lastname": "Does"
}
HTTP/1.1 200 OK
Server: Cowboy
Connection: keep-alive
X-Powered-By: Express
Content-Type: application/json; charset=utf-8
Content-Length: 197
Etag: W/"c5-DYODKD6sdnreEQLQPGgBmKNdJsA"
Date: Wed, 01 Feb 2023 22:16:11 GMT
Via: 1.1 vegur

{
    "bookingid": 5072,
    "booking": {
        "firstname": "John",
        "lastname": "Does",
        "totalprice": 200,
        "depositpaid": true,
        "bookingdates": {
            "checkin": "2020-01-01",
            "checkout": "2020-02-02"
        },
        "additionalneeds": "Breakfast"
    }
}
  &amp#27;[32mGiven &amp#27;[0m&amp#27;[32mI create  booking with first name &amp#27;[0m&amp#27;[32m&amp#27;[1m"John"&amp#27;[0m&amp#27;[32m, last name &amp#27;[0m&amp#27;[32m&amp#27;[1m"Does"&amp#27;[0m&amp#27;[32m, total price &amp#27;[0m&amp#27;[32m&amp#27;[1m"200"&amp#27;[0m&amp#27;[32m, deposit paid &amp#27;[0m&amp#27;[32m&amp#27;[1m"true"&amp#27;[0m&amp#27;[32m, check-in &amp#27;[0m&amp#27;[32m&amp#27;[1m"2020-01-01"&amp#27;[0m&amp#27;[32m, check-out &amp#27;[0m&amp#27;[32m&amp#27;[1m"<2020-02-02>"&amp#27;[0m&amp#27;[32m, &amp#27;[0m&amp#27;[32m&amp#27;[1m"Breakfast"&amp#27;[0m&amp#27;[32m successfully&amp#27;[0m &amp#27;[90m# stepDef.D06_DeleteClass.iCreateBookingWithFirstNameLastNameTotalPriceDepositPaidCheckInCheckOutSuccessfully(java.lang.String,java.lang.String,java.lang.String,java.lang.String,java.lang.String,java.lang.String,java.lang.String)&amp#27;[0m
Request method:	POST
Request URI:	http://restful-booker.herokuapp.com/auth
Proxy:			<none>
Request params:	<none>
Query params:	<none>
Form params:	<none>
Path params:	<none>
Headers:		Accept=*/*
				Content-Type=application/json
Cookies:		<none>
Multiparts:		<none>
Body:
{
    "password": "password123",
    "username": "admin"
}
HTTP/1.1 200 OK
Server: Cowboy
Connection: keep-alive
X-Powered-By: Express
Content-Type: application/json; charset=utf-8
Content-Length: 27
Etag: W/"1b-3ZJbobQdBG52MnbPIdRt8jx5RM4"
Date: Wed, 01 Feb 2023 22:16:11 GMT
Via: 1.1 vegur

{
    "token": "4b49d9638ef70f9"
}
Request method:	DELETE
Request URI:	http://restful-booker.herokuapp.com/booking/5072
Proxy:			<none>
Request params:	<none>
Query params:	<none>
Form params:	<none>
Path params:	<none>
Headers:		Cookie=token=4b49d9638ef70f9
				Accept=*/*
Cookies:		<none>
Multiparts:		<none>
Body:			<none>
HTTP/1.1 201 Created
Server: Cowboy
Connection: keep-alive
X-Powered-By: Express
Content-Type: text/plain; charset=utf-8
Content-Length: 7
Etag: W/"7-rM9AyJuqT6iOan/xHh+AW+7K/T8"
Date: Wed, 01 Feb 2023 22:16:12 GMT
Via: 1.1 vegur

Created
  &amp#27;[32mAnd &amp#27;[0m&amp#27;[32muser enters auth token and sends a delete request to created id&amp#27;[0m                                                                                                                 &amp#27;[90m# stepDef.D06_DeleteClass.user_enters_auth_token_and_sends_a_delete_request_to_id()&amp#27;[0m
Request method:	GET
Request URI:	http://restful-booker.herokuapp.com/booking/5072
Proxy:			<none>
Request params:	<none>
Query params:	<none>
Form params:	<none>
Path params:	<none>
Headers:		Accept=*/*
Cookies:		<none>
Multiparts:		<none>
Body:			<none>
HTTP/1.1 404 Not Found
Server: Cowboy
Connection: keep-alive
X-Powered-By: Express
Content-Type: text/plain; charset=utf-8
Content-Length: 9
Etag: W/"9-0gXL1ngzMqISxa6S1zx3F4wtLyg"
Date: Wed, 01 Feb 2023 22:16:12 GMT
Via: 1.1 vegur

Not Found
  &amp#27;[32mThen &amp#27;[0m&amp#27;[32mresponse to id inquiry should show not found&amp#27;[0m                                                                                                                                   &amp#27;[90m# stepDef.D06_DeleteClass.response_to_id_inquiry_should_show()&amp#27;[0m
]]></system-out>
  </testcase>
  <testcase name="runScenario[&quot;F07 |  User sends a put request to booking/id with invalid auth token&quot;, &quot;user shouldnt be able to  update booking with invalid auth&quot;](16)" classname="testrunner.runners" time="0.321">
    <system-out><![CDATA[
@api
Scenario: F07 |  User sends a put request to booking/id with invalid auth token                                                                                                                                                   &amp#27;[90m# src/main/resources/features/F07_userUpdateBookingWithoutToken.feature:4&amp#27;[0m
Request method:	PUT
Request URI:	http://restful-booker.herokuapp.com/booking/4211
Proxy:			<none>
Request params:	<none>
Query params:	<none>
Form params:	<none>
Path params:	<none>
Headers:		Accept=application/json
				Cookie=token=invalidToken
				Content-Type=application/json
Cookies:		<none>
Multiparts:		<none>
Body:
{
    "firstname": "Mohammed",
    "additionalneeds": "Dinner",
    "bookingdates": {
        "checkin": "2020-01-01",
        "checkout": "2020-02-02"
    },
    "totalprice": "500",
    "depositpaid": true,
    "lastname": "Tarik"
}
HTTP/1.1 403 Forbidden
Server: Cowboy
Connection: keep-alive
X-Powered-By: Express
Content-Type: text/plain; charset=utf-8
Content-Length: 9
Etag: W/"9-PatfYBLj4Um1qTm5zrukoLhNyPU"
Date: Wed, 01 Feb 2023 22:16:12 GMT
Via: 1.1 vegur

Forbidden
  &amp#27;[32mGiven &amp#27;[0m&amp#27;[32muser sends a put request with invalid auth to id : &amp#27;[0m&amp#27;[32m&amp#27;[1m"4211"&amp#27;[0m&amp#27;[32m with firstname: &amp#27;[0m&amp#27;[32m&amp#27;[1m"Mohammed"&amp#27;[0m&amp#27;[32m, last name &amp#27;[0m&amp#27;[32m&amp#27;[1m"Tarik"&amp#27;[0m&amp#27;[32m, total price &amp#27;[0m&amp#27;[32m&amp#27;[1m"500"&amp#27;[0m&amp#27;[32m, deposit paid &amp#27;[0m&amp#27;[32m&amp#27;[1m"true"&amp#27;[0m&amp#27;[32m, check-in &amp#27;[0m&amp#27;[32m&amp#27;[1m"2020-01-01"&amp#27;[0m&amp#27;[32m, check-out &amp#27;[0m&amp#27;[32m&amp#27;[1m"2020-02-02"&amp#27;[0m&amp#27;[32m, additional needs &amp#27;[0m&amp#27;[32m&amp#27;[1m"Dinner"&amp#27;[0m &amp#27;[90m# stepDef.D07_userUpdateOrDeleteWithoutToken.user_sends_a_put_request_with_invalid_auth_to_id_with_firstname_last_name_total_price_deposit_paid_check_in_check_out_additional_needs(java.lang.String,java.lang.String,java.lang.String,java.lang.String,java.lang.String,java.lang.String,java.lang.String,java.lang.String)&amp#27;[0m
  &amp#27;[32mThen &amp#27;[0m&amp#27;[32mresponse should fail&amp#27;[0m                                                                                                                                                                                                       &amp#27;[90m# stepDef.D07_userUpdateOrDeleteWithoutToken.response_should_fail()&amp#27;[0m
]]></system-out>
  </testcase>
  <testcase name="runScenario[&quot;F07 |  User sends a delete request to booking/id with invalid auth token&quot;, &quot;user shouldnt be able to  update booking with invalid auth&quot;](17)" classname="testrunner.runners" time="0.291">
    <system-out><![CDATA[
@api
Scenario: F07 |  User sends a delete request to booking/id with invalid auth token &amp#27;[90m# src/main/resources/features/F07_userUpdateBookingWithoutToken.feature:8&amp#27;[0m
Request method:	DELETE
Request URI:	http://restful-booker.herokuapp.com/booking/4211
Proxy:			<none>
Request params:	<none>
Query params:	<none>
Form params:	<none>
Path params:	<none>
Headers:		Cookie=token=invalidToken
				Accept=*/*
Cookies:		<none>
Multiparts:		<none>
Body:			<none>
HTTP/1.1 403 Forbidden
Server: Cowboy
Connection: keep-alive
X-Powered-By: Express
Content-Type: text/plain; charset=utf-8
Content-Length: 9
Etag: W/"9-PatfYBLj4Um1qTm5zrukoLhNyPU"
Date: Wed, 01 Feb 2023 22:16:13 GMT
Via: 1.1 vegur

Forbidden
  &amp#27;[32mGiven &amp#27;[0m&amp#27;[32muser sends a delete request to id &amp#27;[0m&amp#27;[32m&amp#27;[1m4211&amp#27;[0m                                     &amp#27;[90m# stepDef.D07_userUpdateOrDeleteWithoutToken.user_sends_a_delete_request_to_id(java.lang.Integer)&amp#27;[0m
  &amp#27;[32mThen &amp#27;[0m&amp#27;[32mresponse should fail&amp#27;[0m                                                        &amp#27;[90m# stepDef.D07_userUpdateOrDeleteWithoutToken.response_should_fail()&amp#27;[0m
]]></system-out>
  </testcase>
</testsuite>